[ 2016-04-08T17:50:11+08:00 ] ::1 /paper/
INFO: [ app_init ] --START--
INFO: Run Behavior\BuildLiteBehavior [ RunTime:0.000026s ]
INFO: [ app_init ] --END-- [ RunTime:0.079092s ]

[ 2016-04-08T17:50:11+08:00 ] ::1 /paper/
INFO: [ app_init ] --START--
INFO: Run Behavior\BuildLiteBehavior [ RunTime:0.000030s ]
INFO: [ app_init ] --END-- [ RunTime:0.000992s ]

[ 2016-04-08T18:44:46+08:00 ] ::1 /paper/index.php/Home/Lunwen/lunwen.html
INFO: [ app_init ] --START--
INFO: Run Behavior\BuildLiteBehavior [ RunTime:0.000041s ]
INFO: [ app_init ] --END-- [ RunTime:0.001401s ]

[ 2016-04-08T18:44:49+08:00 ] ::1 /paper/index.php/Home/Lunwen/chakan.html?id=789472
INFO: [ app_init ] --START--
INFO: Run Behavior\BuildLiteBehavior [ RunTime:0.000014s ]
INFO: [ app_init ] --END-- [ RunTime:0.000483s ]

[ 2016-04-08T18:44:52+08:00 ] ::1 /paper/index.php/Home/Denglu/denglu
INFO: [ app_init ] --START--
INFO: Run Behavior\BuildLiteBehavior [ RunTime:0.000058s ]
INFO: [ app_init ] --END-- [ RunTime:0.001833s ]

[ 2016-04-08T18:45:00+08:00 ] ::1 /paper/index.php/Home/Denglu/denglu
INFO: [ app_init ] --START--
INFO: Run Behavior\BuildLiteBehavior [ RunTime:0.000053s ]
INFO: [ app_init ] --END-- [ RunTime:0.001322s ]

[ 2016-04-08T18:45:09+08:00 ] ::1 /paper/index.php/Home/Lunwen/lunwen.html
INFO: [ app_init ] --START--
INFO: Run Behavior\BuildLiteBehavior [ RunTime:0.000018s ]
INFO: [ app_init ] --END-- [ RunTime:0.000485s ]

[ 2016-04-08T18:45:13+08:00 ] ::1 /paper/index.php/Home/Lunwen/chakan.html?id=789472
INFO: [ app_init ] --START--
INFO: Run Behavior\BuildLiteBehavior [ RunTime:0.000014s ]
INFO: [ app_init ] --END-- [ RunTime:0.000434s ]

[ 2016-04-08T18:45:20+08:00 ] ::1 /paper/index.php/Home/Lunwen/download.html?id=789472
INFO: [ app_init ] --START--
INFO: Run Behavior\BuildLiteBehavior [ RunTime:0.000045s ]
INFO: [ app_init ] --END-- [ RunTime:0.000730s ]

[ 2016-04-08T18:50:40+08:00 ] ::1 /paper/index.php/Home/Shangchuan/shangchuan.html
INFO: [ app_init ] --START--
INFO: Run Behavior\BuildLiteBehavior [ RunTime:0.000041s ]
INFO: [ app_init ] --END-- [ RunTime:0.001378s ]

[ 2016-04-08T18:51:34+08:00 ] ::1 /paper/index.php/Home/Shangchuan/shangchuan.html
INFO: [ app_init ] --START--
INFO: Run Behavior\BuildLiteBehavior [ RunTime:0.000040s ]
INFO: [ app_init ] --END-- [ RunTime:0.001279s ]

[ 2016-04-08T18:52:02+08:00 ] ::1 /paper/index.php/Home/Shangchuan/shangchuan
INFO: [ app_init ] --START--
INFO: Run Behavior\BuildLiteBehavior [ RunTime:0.000038s ]
INFO: [ app_init ] --END-- [ RunTime:0.001298s ]

[ 2016-04-08T18:52:46+08:00 ] ::1 /paper/index.php/Home/Shangchuan/shangchuan
INFO: [ app_init ] --START--
INFO: Run Behavior\BuildLiteBehavior [ RunTime:0.000015s ]
INFO: [ app_init ] --END-- [ RunTime:0.000515s ]

[ 2016-04-08T18:56:41+08:00 ] ::1 /paper/index.php/Home/Shangchuan/shangchuan
INFO: [ app_init ] --START--
INFO: Run Behavior\BuildLiteBehavior [ RunTime:0.000013s ]
INFO: [ app_init ] --END-- [ RunTime:0.000509s ]

[ 2016-04-08T19:16:35+08:00 ] ::1 /paper/index.php/Home/Shangchuan/shangchuan.html
INFO: [ app_init ] --START--
INFO: Run Behavior\BuildLiteBehavior [ RunTime:0.000017s ]
INFO: [ app_init ] --END-- [ RunTime:0.000542s ]

[ 2016-04-08T19:16:53+08:00 ] ::1 /paper/index.php/Home/Shangchuan/shangchuan
INFO: [ app_init ] --START--
INFO: Run Behavior\BuildLiteBehavior [ RunTime:0.000018s ]
INFO: [ app_init ] --END-- [ RunTime:0.000533s ]

[ 2016-04-08T19:19:03+08:00 ] ::1 /paper/index.php/Home/Shangchuan/shangchuan
INFO: [ app_init ] --START--
INFO: Run Behavior\BuildLiteBehavior [ RunTime:0.000016s ]
INFO: [ app_init ] --END-- [ RunTime:0.000481s ]

[ 2016-04-08T19:22:36+08:00 ] ::1 /paper/index.php/Home/Shangchuan/shangchuan
INFO: [ app_init ] --START--
INFO: Run Behavior\BuildLiteBehavior [ RunTime:0.000017s ]
INFO: [ app_init ] --END-- [ RunTime:0.000522s ]

[ 2016-04-08T19:24:33+08:00 ] ::1 /paper/index.php/Home/Shangchuan/shangchuan
INFO: [ app_init ] --START--
INFO: Run Behavior\BuildLiteBehavior [ RunTime:0.000017s ]
INFO: [ app_init ] --END-- [ RunTime:0.000484s ]

[ 2016-04-08T19:25:13+08:00 ] ::1 /paper/index.php/Home/Shangchuan/shangchuan
INFO: [ app_init ] --START--
INFO: Run Behavior\BuildLiteBehavior [ RunTime:0.000013s ]
INFO: [ app_init ] --END-- [ RunTime:0.000512s ]

[ 2016-04-08T19:25:58+08:00 ] ::1 /paper/index.php/Home/Shangchuan/shangchuan
INFO: [ app_init ] --START--
INFO: Run Behavior\BuildLiteBehavior [ RunTime:0.000015s ]
INFO: [ app_init ] --END-- [ RunTime:0.000488s ]

[ 2016-04-08T19:26:53+08:00 ] ::1 /paper/index.php/Home/Shangchuan/shangchuan
INFO: [ app_init ] --START--
INFO: Run Behavior\BuildLiteBehavior [ RunTime:0.000013s ]
INFO: [ app_init ] --END-- [ RunTime:0.000371s ]

[ 2016-04-08T19:26:56+08:00 ] ::1 /paper/index.php/Home/Lunwen/lunwen.html
INFO: [ app_init ] --START--
INFO: Run Behavior\BuildLiteBehavior [ RunTime:0.000022s ]
INFO: [ app_init ] --END-- [ RunTime:0.000727s ]

[ 2016-04-08T19:27:01+08:00 ] ::1 /paper/index.php/Home/Lunwen/chakan.html?id=789485
INFO: [ app_init ] --START--
INFO: Run Behavior\BuildLiteBehavior [ RunTime:0.000014s ]
INFO: [ app_init ] --END-- [ RunTime:0.000387s ]

[ 2016-04-08T19:28:26+08:00 ] ::1 /paper/index.php/Home/Lunwen/chakan.html?id=789485
INFO: [ app_init ] --START--
INFO: Run Behavior\BuildLiteBehavior [ RunTime:0.000024s ]
INFO: [ app_init ] --END-- [ RunTime:0.000615s ]

[ 2016-04-08T19:28:29+08:00 ] ::1 /paper/index.php/Home/Lunwen/download.html?id=789485
INFO: [ app_init ] --START--
INFO: Run Behavior\BuildLiteBehavior [ RunTime:0.000101s ]
INFO: [ app_init ] --END-- [ RunTime:0.001084s ]

[ 2016-04-08T19:28:42+08:00 ] ::1 /paper/index.php/Home/Lunwen/lunwen.html
INFO: [ app_init ] --START--
INFO: Run Behavior\BuildLiteBehavior [ RunTime:0.000013s ]
INFO: [ app_init ] --END-- [ RunTime:0.000487s ]

[ 2016-04-08T19:28:46+08:00 ] ::1 /paper/index.php/Home/Lunwen/chakan.html?id=789485
INFO: [ app_init ] --START--
INFO: Run Behavior\BuildLiteBehavior [ RunTime:0.000015s ]
INFO: [ app_init ] --END-- [ RunTime:0.000495s ]

[ 2016-04-08T19:29:23+08:00 ] ::1 /paper/index.php/Home/Lunwen/chakan.html?id=789485
INFO: [ app_init ] --START--
INFO: Run Behavior\BuildLiteBehavior [ RunTime:0.000021s ]
INFO: [ app_init ] --END-- [ RunTime:0.000698s ]

[ 2016-04-08T19:29:27+08:00 ] ::1 /paper/index.php/Home/Lunwen/download.html?id=789485
INFO: [ app_init ] --START--
INFO: Run Behavior\BuildLiteBehavior [ RunTime:0.000021s ]
INFO: [ app_init ] --END-- [ RunTime:0.000975s ]

[ 2016-04-08T19:36:38+08:00 ] ::1 /paper/index.php/Home/Lunwen/chakan.html?id=789485
INFO: [ app_init ] --START--
INFO: Run Behavior\BuildLiteBehavior [ RunTime:0.000023s ]
INFO: [ app_init ] --END-- [ RunTime:0.000763s ]

[ 2016-04-08T19:36:40+08:00 ] ::1 /paper/index.php/Home/Lunwen/download.html?id=789485
INFO: [ app_init ] --START--
INFO: Run Behavior\BuildLiteBehavior [ RunTime:0.000012s ]
INFO: [ app_init ] --END-- [ RunTime:0.000456s ]

[ 2016-04-08T19:37:30+08:00 ] ::1 /paper/index.php/Home/Lunwen/download.html?id=789485
INFO: [ app_init ] --START--
INFO: Run Behavior\BuildLiteBehavior [ RunTime:0.000027s ]
INFO: [ app_init ] --END-- [ RunTime:0.000940s ]

[ 2016-04-08T19:37:54+08:00 ] ::1 /paper/index.php/Home/Lunwen/download.html?id=789485
INFO: [ app_init ] --START--
INFO: Run Behavior\BuildLiteBehavior [ RunTime:0.000018s ]
INFO: [ app_init ] --END-- [ RunTime:0.000617s ]

[ 2016-04-08T19:38:13+08:00 ] ::1 /paper/index.php/Home/Lunwen/download.html?id=789485
INFO: [ app_init ] --START--
INFO: Run Behavior\BuildLiteBehavior [ RunTime:0.000017s ]
INFO: [ app_init ] --END-- [ RunTime:0.001158s ]

[ 2016-04-08T19:38:57+08:00 ] ::1 /paper/index.php/Home/Lunwen/download.html?id=789485
INFO: [ app_init ] --START--
INFO: Run Behavior\BuildLiteBehavior [ RunTime:0.000025s ]
INFO: [ app_init ] --END-- [ RunTime:0.000832s ]

[ 2016-04-08T19:41:37+08:00 ] ::1 /paper/index.php/Home/Lunwen/chakan.html?id=1
INFO: [ app_init ] --START--
INFO: Run Behavior\BuildLiteBehavior [ RunTime:0.000020s ]
INFO: [ app_init ] --END-- [ RunTime:0.000735s ]

[ 2016-04-08T19:41:42+08:00 ] ::1 /paper/index.php/Home/Lunwen/lunwen.html
INFO: [ app_init ] --START--
INFO: Run Behavior\BuildLiteBehavior [ RunTime:0.000040s ]
INFO: [ app_init ] --END-- [ RunTime:0.000694s ]

[ 2016-04-08T19:41:43+08:00 ] ::1 /paper/index.php/Home/Lunwen/chakan.html?id=789485
INFO: [ app_init ] --START--
INFO: Run Behavior\BuildLiteBehavior [ RunTime:0.000015s ]
INFO: [ app_init ] --END-- [ RunTime:0.000475s ]

[ 2016-04-08T19:41:45+08:00 ] ::1 /paper/index.php/Home/Lunwen/download.html?id=789485
INFO: [ app_init ] --START--
INFO: Run Behavior\BuildLiteBehavior [ RunTime:0.000041s ]
INFO: [ app_init ] --END-- [ RunTime:0.001008s ]

[ 2016-04-08T19:42:22+08:00 ] ::1 /paper/index.php/Home/Lunwen/download.html?id=789485
INFO: [ app_init ] --START--
INFO: Run Behavior\BuildLiteBehavior [ RunTime:0.000022s ]
INFO: [ app_init ] --END-- [ RunTime:0.000695s ]

[ 2016-04-08T19:43:00+08:00 ] ::1 /paper/index.php/Home/Lunwen/lunwen
INFO: [ app_init ] --START--
INFO: Run Behavior\BuildLiteBehavior [ RunTime:0.000012s ]
INFO: [ app_init ] --END-- [ RunTime:0.000749s ]

[ 2016-04-08T19:43:02+08:00 ] ::1 /paper/index.php/Home/Lunwen/chakan.html?id=789485
INFO: [ app_init ] --START--
INFO: Run Behavior\BuildLiteBehavior [ RunTime:0.000012s ]
INFO: [ app_init ] --END-- [ RunTime:0.000444s ]

[ 2016-04-08T19:43:03+08:00 ] ::1 /paper/index.php/Home/Lunwen/download.html?id=789485
INFO: [ app_init ] --START--
INFO: Run Behavior\BuildLiteBehavior [ RunTime:0.000015s ]
INFO: [ app_init ] --END-- [ RunTime:0.000461s ]

[ 2016-04-08T19:55:28+08:00 ] ::1 /paper/index.php/Home/Lunwen/chakan.html?id=789485
INFO: [ app_init ] --START--
INFO: Run Behavior\BuildLiteBehavior [ RunTime:0.000023s ]
INFO: [ app_init ] --END-- [ RunTime:0.000792s ]

[ 2016-04-08T19:55:31+08:00 ] ::1 /paper/index.php/Home/Lunwen/download.html?id=789485
INFO: [ app_init ] --START--
INFO: Run Behavior\BuildLiteBehavior [ RunTime:0.000012s ]
INFO: [ app_init ] --END-- [ RunTime:0.000437s ]

[ 2016-04-08T19:55:53+08:00 ] ::1 /paper/index.php/Home/Lunwen/chakan.html?id=789485
INFO: [ app_init ] --START--
INFO: Run Behavior\BuildLiteBehavior [ RunTime:0.000028s ]
INFO: [ app_init ] --END-- [ RunTime:0.000975s ]

[ 2016-04-08T19:55:55+08:00 ] ::1 /paper/index.php/Home/Lunwen/download.html?id=789485
INFO: [ app_init ] --START--
INFO: Run Behavior\BuildLiteBehavior [ RunTime:0.000014s ]
INFO: [ app_init ] --END-- [ RunTime:0.000504s ]

[ 2016-04-08T19:58:04+08:00 ] ::1 /paper/index.php/Home/Lunwen/chakan.html?id=789485
INFO: [ app_init ] --START--
INFO: Run Behavior\BuildLiteBehavior [ RunTime:0.000040s ]
INFO: [ app_init ] --END-- [ RunTime:0.001254s ]

[ 2016-04-08T19:58:08+08:00 ] ::1 /paper/index.php/Home/Lunwen/download.html?id=789485
INFO: [ app_init ] --START--
INFO: Run Behavior\BuildLiteBehavior [ RunTime:0.000015s ]
INFO: [ app_init ] --END-- [ RunTime:0.000510s ]

[ 2016-04-08T19:58:36+08:00 ] ::1 /paper/index.php/Home/Lunwen/download.html?id=789485
INFO: [ app_init ] --START--
INFO: Run Behavior\BuildLiteBehavior [ RunTime:0.000030s ]
INFO: [ app_init ] --END-- [ RunTime:0.000784s ]

[ 2016-04-08T19:58:38+08:00 ] ::1 /paper/index.php/Home/Lunwen/download.html?id=789485
INFO: [ app_init ] --START--
INFO: Run Behavior\BuildLiteBehavior [ RunTime:0.000021s ]
INFO: [ app_init ] --END-- [ RunTime:0.000810s ]

[ 2016-04-08T19:58:39+08:00 ] ::1 /paper/index.php/Home/Lunwen/download.html?id=789485
INFO: [ app_init ] --START--
INFO: Run Behavior\BuildLiteBehavior [ RunTime:0.000038s ]
INFO: [ app_init ] --END-- [ RunTime:0.001325s ]

[ 2016-04-08T19:58:39+08:00 ] ::1 /paper/index.php/Home/Lunwen/download.html?id=789485
INFO: [ app_init ] --START--
INFO: Run Behavior\BuildLiteBehavior [ RunTime:0.000023s ]
INFO: [ app_init ] --END-- [ RunTime:0.000822s ]

[ 2016-04-08T19:58:39+08:00 ] ::1 /paper/index.php/Home/Lunwen/download.html?id=789485
INFO: [ app_init ] --START--
INFO: Run Behavior\BuildLiteBehavior [ RunTime:0.000019s ]
INFO: [ app_init ] --END-- [ RunTime:0.000573s ]

[ 2016-04-08T19:58:40+08:00 ] ::1 /paper/index.php/Home/Lunwen/download.html?id=789485
INFO: [ app_init ] --START--
INFO: Run Behavior\BuildLiteBehavior [ RunTime:0.000020s ]
INFO: [ app_init ] --END-- [ RunTime:0.000688s ]

[ 2016-04-08T19:58:40+08:00 ] ::1 /paper/index.php/Home/Lunwen/download.html?id=789485
INFO: [ app_init ] --START--
INFO: Run Behavior\BuildLiteBehavior [ RunTime:0.000021s ]
INFO: [ app_init ] --END-- [ RunTime:0.000768s ]

[ 2016-04-08T20:01:23+08:00 ] ::1 /paper/index.php/Home/Lunwen/download.html?id=789485
INFO: [ app_init ] --START--
INFO: Run Behavior\BuildLiteBehavior [ RunTime:0.000034s ]
INFO: [ app_init ] --END-- [ RunTime:0.001468s ]

[ 2016-04-08T20:01:25+08:00 ] ::1 /paper/index.php/Home/Lunwen/download.html?id=789485
INFO: [ app_init ] --START--
INFO: Run Behavior\BuildLiteBehavior [ RunTime:0.000026s ]
INFO: [ app_init ] --END-- [ RunTime:0.001440s ]

[ 2016-04-08T20:01:25+08:00 ] ::1 /paper/index.php/Home/Lunwen/download.html?id=789485
INFO: [ app_init ] --START--
INFO: Run Behavior\BuildLiteBehavior [ RunTime:0.000080s ]
INFO: [ app_init ] --END-- [ RunTime:0.001184s ]

[ 2016-04-08T20:01:26+08:00 ] ::1 /paper/index.php/Home/Lunwen/download.html?id=789485
INFO: [ app_init ] --START--
INFO: Run Behavior\BuildLiteBehavior [ RunTime:0.000019s ]
INFO: [ app_init ] --END-- [ RunTime:0.000485s ]

[ 2016-04-08T20:01:26+08:00 ] ::1 /paper/index.php/Home/Lunwen/download.html?id=789485
INFO: [ app_init ] --START--
INFO: Run Behavior\BuildLiteBehavior [ RunTime:0.000030s ]
INFO: [ app_init ] --END-- [ RunTime:0.001056s ]

[ 2016-04-08T20:01:26+08:00 ] ::1 /paper/index.php/Home/Lunwen/download.html?id=789485
INFO: [ app_init ] --START--
INFO: Run Behavior\BuildLiteBehavior [ RunTime:0.000063s ]
INFO: [ app_init ] --END-- [ RunTime:0.001183s ]

[ 2016-04-08T20:06:04+08:00 ] ::1 /paper/
INFO: [ app_init ] --START--
INFO: Run Behavior\BuildLiteBehavior [ RunTime:0.000010s ]
INFO: [ app_init ] --END-- [ RunTime:0.000367s ]

[ 2016-04-08T20:06:09+08:00 ] ::1 /paper/index.php/Home/Lunwen/lunwen.html
INFO: [ app_init ] --START--
INFO: Run Behavior\BuildLiteBehavior [ RunTime:0.000014s ]
INFO: [ app_init ] --END-- [ RunTime:0.000468s ]

[ 2016-04-08T20:06:10+08:00 ] ::1 /paper/index.php/Home/Lunwen/chakan.html?id=789485
INFO: [ app_init ] --START--
INFO: Run Behavior\BuildLiteBehavior [ RunTime:0.000014s ]
INFO: [ app_init ] --END-- [ RunTime:0.000503s ]

[ 2016-04-08T20:06:14+08:00 ] ::1 /paper/index.php/Home/Lunwen/download.html?id=789485
INFO: [ app_init ] --START--
INFO: Run Behavior\BuildLiteBehavior [ RunTime:0.000017s ]
INFO: [ app_init ] --END-- [ RunTime:0.001436s ]

[ 2016-04-08T20:16:11+08:00 ] ::1 /paper/index.php/Home/Lunwen/download.html?id=789485
INFO: [ app_init ] --START--
INFO: Run Behavior\BuildLiteBehavior [ RunTime:0.000023s ]
INFO: [ app_init ] --END-- [ RunTime:0.000806s ]

[ 2016-04-08T20:16:12+08:00 ] ::1 /paper/index.php/Home/Lunwen/download.html?id=789485
INFO: [ app_init ] --START--
INFO: Run Behavior\BuildLiteBehavior [ RunTime:0.000011s ]
INFO: [ app_init ] --END-- [ RunTime:0.000402s ]

[ 2016-04-08T20:16:12+08:00 ] ::1 /paper/index.php/Home/Lunwen/download.html?id=789485
INFO: [ app_init ] --START--
INFO: Run Behavior\BuildLiteBehavior [ RunTime:0.000024s ]
INFO: [ app_init ] --END-- [ RunTime:0.000919s ]

[ 2016-04-08T20:16:13+08:00 ] ::1 /paper/index.php/Home/Lunwen/download.html?id=789485
INFO: [ app_init ] --START--
INFO: Run Behavior\BuildLiteBehavior [ RunTime:0.000018s ]
INFO: [ app_init ] --END-- [ RunTime:0.000706s ]

[ 2016-04-08T20:16:27+08:00 ] ::1 /paper/
INFO: [ app_init ] --START--
INFO: Run Behavior\BuildLiteBehavior [ RunTime:0.000011s ]
INFO: [ app_init ] --END-- [ RunTime:0.000506s ]

[ 2016-04-08T20:16:34+08:00 ] ::1 /paper/index.php/Home/Lunwen/lunwen.html
INFO: [ app_init ] --START--
INFO: Run Behavior\BuildLiteBehavior [ RunTime:0.000016s ]
INFO: [ app_init ] --END-- [ RunTime:0.000546s ]

[ 2016-04-08T20:16:36+08:00 ] ::1 /paper/index.php/Home/Denglu/denglu.html
INFO: [ app_init ] --START--
INFO: Run Behavior\BuildLiteBehavior [ RunTime:0.000013s ]
INFO: [ app_init ] --END-- [ RunTime:0.000452s ]

[ 2016-04-08T20:16:37+08:00 ] ::1 /paper/index.php/Home/Lunwen/lunwen.html
INFO: [ app_init ] --START--
INFO: Run Behavior\BuildLiteBehavior [ RunTime:0.000014s ]
INFO: [ app_init ] --END-- [ RunTime:0.000459s ]

[ 2016-04-08T20:16:40+08:00 ] ::1 /paper/index.php/Home/Lunwen/chakan.html?id=789485
INFO: [ app_init ] --START--
INFO: Run Behavior\BuildLiteBehavior [ RunTime:0.000016s ]
INFO: [ app_init ] --END-- [ RunTime:0.001611s ]

[ 2016-04-08T20:16:43+08:00 ] ::1 /paper/index.php/Home/Lunwen/download.html?id=789485
INFO: [ app_init ] --START--
INFO: Run Behavior\BuildLiteBehavior [ RunTime:0.000016s ]
INFO: [ app_init ] --END-- [ RunTime:0.001035s ]

[ 2016-04-08T20:21:00+08:00 ] ::1 /paper/index.php/Home/Lunwen/download.html?id=789485
INFO: [ app_init ] --START--
INFO: Run Behavior\BuildLiteBehavior [ RunTime:0.000024s ]
INFO: [ app_init ] --END-- [ RunTime:0.000815s ]

[ 2016-04-08T20:21:01+08:00 ] ::1 /paper/index.php/Home/Lunwen/download.html?id=789485
INFO: [ app_init ] --START--
INFO: Run Behavior\BuildLiteBehavior [ RunTime:0.000016s ]
INFO: [ app_init ] --END-- [ RunTime:0.000414s ]

[ 2016-04-08T20:21:09+08:00 ] ::1 /paper/index.php/Home/Lunwen/download.html?id=789485
INFO: [ app_init ] --START--
INFO: Run Behavior\BuildLiteBehavior [ RunTime:0.000018s ]
INFO: [ app_init ] --END-- [ RunTime:0.000678s ]

[ 2016-04-08T20:21:46+08:00 ] ::1 /paper/index.php/Home/Lunwen/download.html?id=789485
INFO: [ app_init ] --START--
INFO: Run Behavior\BuildLiteBehavior [ RunTime:0.000018s ]
INFO: [ app_init ] --END-- [ RunTime:0.000638s ]

[ 2016-04-08T20:22:06+08:00 ] ::1 /paper/index.php/Home/Lunwen/download.html?id=789485
INFO: [ app_init ] --START--
INFO: Run Behavior\BuildLiteBehavior [ RunTime:0.000013s ]
INFO: [ app_init ] --END-- [ RunTime:0.001110s ]

[ 2016-04-08T20:22:37+08:00 ] ::1 /paper/
INFO: [ app_init ] --START--
INFO: Run Behavior\BuildLiteBehavior [ RunTime:0.000011s ]
INFO: [ app_init ] --END-- [ RunTime:0.000470s ]

[ 2016-04-08T20:22:38+08:00 ] ::1 /paper/index.php/Home/Lunwen/lunwen.html
INFO: [ app_init ] --START--
INFO: Run Behavior\BuildLiteBehavior [ RunTime:0.000013s ]
INFO: [ app_init ] --END-- [ RunTime:0.000487s ]

[ 2016-04-08T20:22:40+08:00 ] ::1 /paper/index.php/Home/Lunwen/chakan.html?id=789485
INFO: [ app_init ] --START--
INFO: Run Behavior\BuildLiteBehavior [ RunTime:0.000012s ]
INFO: [ app_init ] --END-- [ RunTime:0.000445s ]

[ 2016-04-08T20:22:42+08:00 ] ::1 /paper/index.php/Home/Lunwen/download.html?id=789485
INFO: [ app_init ] --START--
INFO: Run Behavior\BuildLiteBehavior [ RunTime:0.000014s ]
INFO: [ app_init ] --END-- [ RunTime:0.000470s ]

[ 2016-04-08T20:22:47+08:00 ] ::1 /paper/index.php/Home/Lunwen/download.html?id=789485
INFO: [ app_init ] --START--
INFO: Run Behavior\BuildLiteBehavior [ RunTime:0.000011s ]
INFO: [ app_init ] --END-- [ RunTime:0.000420s ]

[ 2016-04-08T20:23:07+08:00 ] ::1 /paper/index.php/Home/Lunwen/download.html?id=789485
INFO: [ app_init ] --START--
INFO: Run Behavior\BuildLiteBehavior [ RunTime:0.000014s ]
INFO: [ app_init ] --END-- [ RunTime:0.000539s ]

[ 2016-04-08T20:23:19+08:00 ] ::1 /paper/index.php/Home/Lunwen/download.html?id=789485
INFO: [ app_init ] --START--
INFO: Run Behavior\BuildLiteBehavior [ RunTime:0.000014s ]
INFO: [ app_init ] --END-- [ RunTime:0.000492s ]

[ 2016-04-08T20:24:59+08:00 ] ::1 /paper/index.php/Home/Lunwen/download.html?id=789485
INFO: [ app_init ] --START--
INFO: Run Behavior\BuildLiteBehavior [ RunTime:0.000019s ]
INFO: [ app_init ] --END-- [ RunTime:0.000539s ]

[ 2016-04-08T20:26:29+08:00 ] ::1 /paper/index.php/Home/Lunwen/chakan.html?id=789485
INFO: [ app_init ] --START--
INFO: Run Behavior\BuildLiteBehavior [ RunTime:0.000022s ]
INFO: [ app_init ] --END-- [ RunTime:0.000807s ]

[ 2016-04-08T20:26:32+08:00 ] ::1 /paper/index.php/Home/Lunwen/download.html?id=789485
INFO: [ app_init ] --START--
INFO: Run Behavior\BuildLiteBehavior [ RunTime:0.000013s ]
INFO: [ app_init ] --END-- [ RunTime:0.000396s ]

[ 2016-04-08T20:26:44+08:00 ] ::1 /paper/index.php/Home/Lunwen/download.html?id=789485
INFO: [ app_init ] --START--
INFO: Run Behavior\BuildLiteBehavior [ RunTime:0.000013s ]
INFO: [ app_init ] --END-- [ RunTime:0.000475s ]

[ 2016-04-08T20:27:36+08:00 ] ::1 /paper/index.php/Home/Lunwen/download.html?id=789485
INFO: [ app_init ] --START--
INFO: Run Behavior\BuildLiteBehavior [ RunTime:0.000013s ]
INFO: [ app_init ] --END-- [ RunTime:0.000399s ]

[ 2016-04-08T20:29:07+08:00 ] ::1 /paper/index.php/Home/Lunwen/download.html?id=789485
INFO: [ app_init ] --START--
INFO: Run Behavior\BuildLiteBehavior [ RunTime:0.000026s ]
INFO: [ app_init ] --END-- [ RunTime:0.001527s ]

[ 2016-04-08T20:29:08+08:00 ] ::1 /paper/index.php/Home/Lunwen/download.html?id=789485
INFO: [ app_init ] --START--
INFO: Run Behavior\BuildLiteBehavior [ RunTime:0.000022s ]
INFO: [ app_init ] --END-- [ RunTime:0.000747s ]

[ 2016-04-08T20:29:08+08:00 ] ::1 /paper/index.php/Home/Lunwen/download.html?id=789485
INFO: [ app_init ] --START--
INFO: Run Behavior\BuildLiteBehavior [ RunTime:0.000029s ]
INFO: [ app_init ] --END-- [ RunTime:0.001150s ]

[ 2016-04-08T20:29:09+08:00 ] ::1 /paper/index.php/Home/Lunwen/download.html?id=789485
INFO: [ app_init ] --START--
INFO: Run Behavior\BuildLiteBehavior [ RunTime:0.000025s ]
INFO: [ app_init ] --END-- [ RunTime:0.000871s ]

[ 2016-04-08T20:29:33+08:00 ] ::1 /paper/index.php/Home/Lunwen/download.html?id=789485
INFO: [ app_init ] --START--
INFO: Run Behavior\BuildLiteBehavior [ RunTime:0.000020s ]
INFO: [ app_init ] --END-- [ RunTime:0.000719s ]

[ 2016-04-08T20:29:34+08:00 ] ::1 /paper/index.php/Home/Lunwen/download.html?id=789485
INFO: [ app_init ] --START--
INFO: Run Behavior\BuildLiteBehavior [ RunTime:0.000019s ]
INFO: [ app_init ] --END-- [ RunTime:0.000681s ]

[ 2016-04-08T20:29:34+08:00 ] ::1 /paper/index.php/Home/Lunwen/download.html?id=789485
INFO: [ app_init ] --START--
INFO: Run Behavior\BuildLiteBehavior [ RunTime:0.000014s ]
INFO: [ app_init ] --END-- [ RunTime:0.000528s ]

[ 2016-04-08T20:29:34+08:00 ] ::1 /paper/index.php/Home/Lunwen/download.html?id=789485
INFO: [ app_init ] --START--
INFO: Run Behavior\BuildLiteBehavior [ RunTime:0.000029s ]
INFO: [ app_init ] --END-- [ RunTime:0.000903s ]

[ 2016-04-08T20:29:35+08:00 ] ::1 /paper/index.php/Home/Lunwen/download.html?id=789485
INFO: [ app_init ] --START--
INFO: Run Behavior\BuildLiteBehavior [ RunTime:0.000020s ]
INFO: [ app_init ] --END-- [ RunTime:0.000702s ]

[ 2016-04-08T20:29:35+08:00 ] ::1 /paper/index.php/Home/Lunwen/download.html?id=789485
INFO: [ app_init ] --START--
INFO: Run Behavior\BuildLiteBehavior [ RunTime:0.000020s ]
INFO: [ app_init ] --END-- [ RunTime:0.000716s ]

[ 2016-04-08T20:29:57+08:00 ] ::1 /paper/index.php/Home/Lunwen/download.html?id=789485
INFO: [ app_init ] --START--
INFO: Run Behavior\BuildLiteBehavior [ RunTime:0.000021s ]
INFO: [ app_init ] --END-- [ RunTime:0.000744s ]

[ 2016-04-08T20:29:57+08:00 ] ::1 /paper/index.php/Home/Lunwen/download.html?id=789485
INFO: [ app_init ] --START--
INFO: Run Behavior\BuildLiteBehavior [ RunTime:0.000024s ]
INFO: [ app_init ] --END-- [ RunTime:0.000873s ]

[ 2016-04-08T20:29:58+08:00 ] ::1 /paper/index.php/Home/Lunwen/download.html?id=789485
INFO: [ app_init ] --START--
INFO: Run Behavior\BuildLiteBehavior [ RunTime:0.000067s ]
INFO: [ app_init ] --END-- [ RunTime:0.001221s ]

[ 2016-04-08T20:29:58+08:00 ] ::1 /paper/index.php/Home/Lunwen/download.html?id=789485
INFO: [ app_init ] --START--
INFO: Run Behavior\BuildLiteBehavior [ RunTime:0.000024s ]
INFO: [ app_init ] --END-- [ RunTime:0.000824s ]

[ 2016-04-08T20:30:06+08:00 ] ::1 /paper/index.php/Home/Lunwen/download.html?id=789485
INFO: [ app_init ] --START--
INFO: Run Behavior\BuildLiteBehavior [ RunTime:0.000025s ]
INFO: [ app_init ] --END-- [ RunTime:0.000840s ]

[ 2016-04-08T20:30:07+08:00 ] ::1 /paper/index.php/Home/Lunwen/download.html?id=789485
INFO: [ app_init ] --START--
INFO: Run Behavior\BuildLiteBehavior [ RunTime:0.000020s ]
INFO: [ app_init ] --END-- [ RunTime:0.000769s ]

[ 2016-04-08T20:30:09+08:00 ] ::1 /paper/index.php/Home/Lunwen/download.html?id=789485
INFO: [ app_init ] --START--
INFO: Run Behavior\BuildLiteBehavior [ RunTime:0.000021s ]
INFO: [ app_init ] --END-- [ RunTime:0.000794s ]

[ 2016-04-08T20:30:09+08:00 ] ::1 /paper/index.php/Home/Lunwen/download.html?id=789485
INFO: [ app_init ] --START--
INFO: Run Behavior\BuildLiteBehavior [ RunTime:0.000022s ]
INFO: [ app_init ] --END-- [ RunTime:0.000983s ]

[ 2016-04-08T20:30:10+08:00 ] ::1 /paper/index.php/Home/Lunwen/download.html?id=789485
INFO: [ app_init ] --START--
INFO: Run Behavior\BuildLiteBehavior [ RunTime:0.000017s ]
INFO: [ app_init ] --END-- [ RunTime:0.000546s ]

[ 2016-04-08T20:30:11+08:00 ] ::1 /paper/index.php/Home/Lunwen/download.html?id=789485
INFO: [ app_init ] --START--
INFO: Run Behavior\BuildLiteBehavior [ RunTime:0.000021s ]
INFO: [ app_init ] --END-- [ RunTime:0.000795s ]

[ 2016-04-08T20:30:15+08:00 ] ::1 /paper/index.php/Home/Lunwen/download.html?id=789485
INFO: [ app_init ] --START--
INFO: Run Behavior\BuildLiteBehavior [ RunTime:0.000014s ]
INFO: [ app_init ] --END-- [ RunTime:0.000480s ]

[ 2016-04-08T20:30:15+08:00 ] ::1 /paper/index.php/Home/Lunwen/download.html?id=789485
INFO: [ app_init ] --START--
INFO: Run Behavior\BuildLiteBehavior [ RunTime:0.000012s ]
INFO: [ app_init ] --END-- [ RunTime:0.000357s ]

[ 2016-04-08T20:30:21+08:00 ] ::1 /paper/index.php/Home/Lunwen/download.html?id=789485
INFO: [ app_init ] --START--
INFO: Run Behavior\BuildLiteBehavior [ RunTime:0.000015s ]
INFO: [ app_init ] --END-- [ RunTime:0.000524s ]

[ 2016-04-08T20:30:28+08:00 ] ::1 /paper/index.php/Home/Lunwen/download.html?id=789485
INFO: [ app_init ] --START--
INFO: Run Behavior\BuildLiteBehavior [ RunTime:0.000031s ]
INFO: [ app_init ] --END-- [ RunTime:0.000469s ]

[ 2016-04-08T20:30:58+08:00 ] ::1 /paper/index.php/Home/Lunwen/download.html?id=789485
INFO: [ app_init ] --START--
INFO: Run Behavior\BuildLiteBehavior [ RunTime:0.000014s ]
INFO: [ app_init ] --END-- [ RunTime:0.000520s ]

[ 2016-04-08T20:40:49+08:00 ] ::1 /paper/index.php/Home/Lunwen/download.html?id=789485
INFO: [ app_init ] --START--
INFO: Run Behavior\BuildLiteBehavior [ RunTime:0.000012s ]
INFO: [ app_init ] --END-- [ RunTime:0.000421s ]

[ 2016-04-08T21:19:51+08:00 ] ::1 /paper/index.php/Home/Lunwen/download.html?id=789485
INFO: [ app_init ] --START--
INFO: Run Behavior\BuildLiteBehavior [ RunTime:0.000019s ]
INFO: [ app_init ] --END-- [ RunTime:0.000518s ]

[ 2016-04-08T22:52:31+08:00 ] ::1 /paper/index.php/Home/Lunwen/download.html?id=789485
INFO: [ app_init ] --START--
INFO: Run Behavior\BuildLiteBehavior [ RunTime:0.000104s ]
INFO: [ app_init ] --END-- [ RunTime:0.002559s ]

[ 2016-04-08T23:01:50+08:00 ] ::1 /paper/index.php/Home/Lunwen/download.html?id=789485
INFO: [ app_init ] --START--
INFO: Run Behavior\BuildLiteBehavior [ RunTime:0.000016s ]
INFO: [ app_init ] --END-- [ RunTime:0.000452s ]

[ 2016-04-08T23:03:15+08:00 ] ::1 /paper/index.php/Home/Lunwen/download.html?id=789485
INFO: [ app_init ] --START--
INFO: Run Behavior\BuildLiteBehavior [ RunTime:0.000021s ]
INFO: [ app_init ] --END-- [ RunTime:0.000539s ]

[ 2016-04-08T23:04:06+08:00 ] ::1 /paper/index.php/Home/Lunwen/download.html?id=789485
INFO: [ app_init ] --START--
INFO: Run Behavior\BuildLiteBehavior [ RunTime:0.000015s ]
INFO: [ app_init ] --END-- [ RunTime:0.000515s ]

[ 2016-04-08T23:04:19+08:00 ] ::1 /paper/index.php/Home/Lunwen/download.html?id=789485
INFO: [ app_init ] --START--
INFO: Run Behavior\BuildLiteBehavior [ RunTime:0.000015s ]
INFO: [ app_init ] --END-- [ RunTime:0.000498s ]

[ 2016-04-08T23:04:48+08:00 ] ::1 /paper/index.php/Home/Lunwen/download.html?id=789485
INFO: [ app_init ] --START--
INFO: Run Behavior\BuildLiteBehavior [ RunTime:0.000014s ]
INFO: [ app_init ] --END-- [ RunTime:0.000425s ]

[ 2016-04-08T23:06:10+08:00 ] ::1 /paper/index.php/Home/Lunwen/download.html?id=789485
INFO: [ app_init ] --START--
INFO: Run Behavior\BuildLiteBehavior [ RunTime:0.000024s ]
INFO: [ app_init ] --END-- [ RunTime:0.000543s ]

[ 2016-04-08T23:14:31+08:00 ] ::1 /paper/index.php/Home/Lunwen/download.html?id=789485
INFO: [ app_init ] --START--
INFO: Run Behavior\BuildLiteBehavior [ RunTime:0.000025s ]
INFO: [ app_init ] --END-- [ RunTime:0.001986s ]

[ 2016-04-08T23:31:27+08:00 ] ::1 /paper/index.php/Home/Lunwen/download.html?id=789485
INFO: [ app_init ] --START--
INFO: Run Behavior\BuildLiteBehavior [ RunTime:0.000014s ]
INFO: [ app_init ] --END-- [ RunTime:0.000720s ]

[ 2016-04-08T23:52:51+08:00 ] ::1 /paper/index.php/Home/Lunwen/download.html?id=789485
INFO: [ app_init ] --START--
INFO: Run Behavior\BuildLiteBehavior [ RunTime:0.000025s ]
INFO: [ app_init ] --END-- [ RunTime:0.000520s ]

[ 2016-04-08T23:54:12+08:00 ] ::1 /paper/index.php/Home/Lunwen/chakan.html?id=789485
INFO: [ app_init ] --START--
INFO: Run Behavior\BuildLiteBehavior [ RunTime:0.000022s ]
INFO: [ app_init ] --END-- [ RunTime:0.000802s ]

[ 2016-04-08T23:54:14+08:00 ] ::1 /paper/index.php/Home/Lunwen/download.html?id=789485
INFO: [ app_init ] --START--
INFO: Run Behavior\BuildLiteBehavior [ RunTime:0.000014s ]
INFO: [ app_init ] --END-- [ RunTime:0.000555s ]

[ 2016-04-08T23:54:32+08:00 ] ::1 /paper/index.php/Home/Lunwen/chakan.html?id=789485
INFO: [ app_init ] --START--
INFO: Run Behavior\BuildLiteBehavior [ RunTime:0.000071s ]
INFO: [ app_init ] --END-- [ RunTime:0.001284s ]

[ 2016-04-08T23:54:35+08:00 ] ::1 /paper/index.php/Home/Lunwen/download.html?id=789485
INFO: [ app_init ] --START--
INFO: Run Behavior\BuildLiteBehavior [ RunTime:0.000012s ]
INFO: [ app_init ] --END-- [ RunTime:0.000552s ]

[ 2016-04-08T23:55:58+08:00 ] ::1 /paper/index.php/Home/Lunwen/download.html?id=789485
INFO: [ app_init ] --START--
INFO: Run Behavior\BuildLiteBehavior [ RunTime:0.000014s ]
INFO: [ app_init ] --END-- [ RunTime:0.000473s ]

[ 2016-04-08T23:56:45+08:00 ] ::1 /paper/index.php/Home/Lunwen/download.html?id=789485
INFO: [ app_init ] --START--
INFO: Run Behavior\BuildLiteBehavior [ RunTime:0.000012s ]
INFO: [ app_init ] --END-- [ RunTime:0.000416s ]

