[ 2016-04-09T00:03:18+08:00 ] ::1 /paper/index.php/Home/Index/index.html
INFO: [ app_init ] --START--
INFO: Run Behavior\BuildLiteBehavior [ RunTime:0.000025s ]
INFO: [ app_init ] --END-- [ RunTime:0.000844s ]

[ 2016-04-09T00:05:21+08:00 ] ::1 /paper/index.php/Home/Lunwen/lunwen.html
INFO: [ app_init ] --START--
INFO: Run Behavior\BuildLiteBehavior [ RunTime:0.000014s ]
INFO: [ app_init ] --END-- [ RunTime:0.000489s ]

[ 2016-04-09T00:05:23+08:00 ] ::1 /paper/index.php/Home/Lunwen/chakan.html?id=789485
INFO: [ app_init ] --START--
INFO: Run Behavior\BuildLiteBehavior [ RunTime:0.000011s ]
INFO: [ app_init ] --END-- [ RunTime:0.000393s ]

[ 2016-04-09T00:05:24+08:00 ] ::1 /paper/index.php/Home/Lunwen/download.html?id=789485
INFO: [ app_init ] --START--
INFO: Run Behavior\BuildLiteBehavior [ RunTime:0.000016s ]
INFO: [ app_init ] --END-- [ RunTime:0.000507s ]

[ 2016-04-09T16:05:33+08:00 ] ::1 /paper/
INFO: [ app_init ] --START--
INFO: Run Behavior\BuildLiteBehavior [ RunTime:0.000019s ]
INFO: [ app_init ] --END-- [ RunTime:0.001106s ]
ERR: SQLSTATE[28000] [1045] Access denied for user 'root'@'localhost' (using password: NO)

[ 2016-04-09T16:10:04+08:00 ] ::1 /paper/
INFO: [ app_init ] --START--
INFO: Run Behavior\BuildLiteBehavior [ RunTime:0.000024s ]
INFO: [ app_init ] --END-- [ RunTime:0.000992s ]
ERR: SQLSTATE[28000] [1045] Access denied for user 'root'@'localhost' (using password: NO)

[ 2016-04-09T16:10:07+08:00 ] ::1 /paper/
INFO: [ app_init ] --START--
INFO: Run Behavior\BuildLiteBehavior [ RunTime:0.000016s ]
INFO: [ app_init ] --END-- [ RunTime:0.000394s ]
ERR: SQLSTATE[28000] [1045] Access denied for user 'root'@'localhost' (using password: NO)

[ 2016-04-09T16:11:52+08:00 ] ::1 /paper/
INFO: [ app_init ] --START--
INFO: Run Behavior\BuildLiteBehavior [ RunTime:0.000016s ]
INFO: [ app_init ] --END-- [ RunTime:0.000397s ]
ERR: SQLSTATE[28000] [1045] Access denied for user 'root'@'localhost' (using password: NO)

[ 2016-04-09T16:13:13+08:00 ] ::1 /paper/
INFO: [ app_init ] --START--
INFO: Run Behavior\BuildLiteBehavior [ RunTime:0.000023s ]
INFO: [ app_init ] --END-- [ RunTime:0.000931s ]
ERR: SQLSTATE[28000] [1045] Access denied for user 'root'@'localhost' (using password: NO)

[ 2016-04-09T16:13:15+08:00 ] ::1 /paper/
INFO: [ app_init ] --START--
INFO: Run Behavior\BuildLiteBehavior [ RunTime:0.000028s ]
INFO: [ app_init ] --END-- [ RunTime:0.000734s ]
ERR: SQLSTATE[28000] [1045] Access denied for user 'root'@'localhost' (using password: NO)

[ 2016-04-09T16:13:16+08:00 ] ::1 /paper/
INFO: [ app_init ] --START--
INFO: Run Behavior\BuildLiteBehavior [ RunTime:0.000015s ]
INFO: [ app_init ] --END-- [ RunTime:0.000465s ]
ERR: SQLSTATE[28000] [1045] Access denied for user 'root'@'localhost' (using password: NO)

[ 2016-04-09T16:13:17+08:00 ] ::1 /paper/
INFO: [ app_init ] --START--
INFO: Run Behavior\BuildLiteBehavior [ RunTime:0.000024s ]
INFO: [ app_init ] --END-- [ RunTime:0.001020s ]
ERR: SQLSTATE[28000] [1045] Access denied for user 'root'@'localhost' (using password: NO)

[ 2016-04-09T16:13:18+08:00 ] ::1 /paper/
INFO: [ app_init ] --START--
INFO: Run Behavior\BuildLiteBehavior [ RunTime:0.000028s ]
INFO: [ app_init ] --END-- [ RunTime:0.000659s ]
ERR: SQLSTATE[28000] [1045] Access denied for user 'root'@'localhost' (using password: NO)

[ 2016-04-09T16:13:19+08:00 ] ::1 /paper/
INFO: [ app_init ] --START--
INFO: Run Behavior\BuildLiteBehavior [ RunTime:0.000016s ]
INFO: [ app_init ] --END-- [ RunTime:0.000359s ]
ERR: SQLSTATE[28000] [1045] Access denied for user 'root'@'localhost' (using password: NO)

[ 2016-04-09T16:13:20+08:00 ] ::1 /paper/
INFO: [ app_init ] --START--
INFO: Run Behavior\BuildLiteBehavior [ RunTime:0.000016s ]
INFO: [ app_init ] --END-- [ RunTime:0.000406s ]
ERR: SQLSTATE[28000] [1045] Access denied for user 'root'@'localhost' (using password: NO)

[ 2016-04-09T16:13:21+08:00 ] ::1 /paper/
INFO: [ app_init ] --START--
INFO: Run Behavior\BuildLiteBehavior [ RunTime:0.000015s ]
INFO: [ app_init ] --END-- [ RunTime:0.000415s ]
ERR: SQLSTATE[28000] [1045] Access denied for user 'root'@'localhost' (using password: NO)

[ 2016-04-09T16:13:22+08:00 ] ::1 /paper/
INFO: [ app_init ] --START--
INFO: Run Behavior\BuildLiteBehavior [ RunTime:0.000026s ]
INFO: [ app_init ] --END-- [ RunTime:0.000585s ]
ERR: SQLSTATE[28000] [1045] Access denied for user 'root'@'localhost' (using password: NO)

[ 2016-04-09T16:13:23+08:00 ] ::1 /paper/
INFO: [ app_init ] --START--
INFO: Run Behavior\BuildLiteBehavior [ RunTime:0.000014s ]
INFO: [ app_init ] --END-- [ RunTime:0.000439s ]
ERR: SQLSTATE[28000] [1045] Access denied for user 'root'@'localhost' (using password: NO)

[ 2016-04-09T16:13:24+08:00 ] ::1 /paper/
INFO: [ app_init ] --START--
INFO: Run Behavior\BuildLiteBehavior [ RunTime:0.000017s ]
INFO: [ app_init ] --END-- [ RunTime:0.000394s ]
ERR: SQLSTATE[28000] [1045] Access denied for user 'root'@'localhost' (using password: NO)

[ 2016-04-09T16:15:44+08:00 ] ::1 /paper/
INFO: [ app_init ] --START--
INFO: Run Behavior\BuildLiteBehavior [ RunTime:0.000017s ]
INFO: [ app_init ] --END-- [ RunTime:0.000747s ]
ERR: 1146:Table 'paper.user' doesn't exist
 [ SQL语句 ] : SELECT MAX(score) AS tp_max FROM `user` LIMIT 1  

[ 2016-04-09T16:15:46+08:00 ] ::1 /paper/
INFO: [ app_init ] --START--
INFO: Run Behavior\BuildLiteBehavior [ RunTime:0.000017s ]
INFO: [ app_init ] --END-- [ RunTime:0.000679s ]
ERR: 1146:Table 'paper.user' doesn't exist
 [ SQL语句 ] : SELECT MAX(score) AS tp_max FROM `user` LIMIT 1  

[ 2016-04-09T16:19:49+08:00 ] ::1 /paper/
INFO: [ app_init ] --START--
INFO: Run Behavior\BuildLiteBehavior [ RunTime:0.000014s ]
INFO: [ app_init ] --END-- [ RunTime:0.000471s ]

[ 2016-04-09T16:19:55+08:00 ] ::1 /paper/index.php/Home/Denglu/denglu.html
INFO: [ app_init ] --START--
INFO: Run Behavior\BuildLiteBehavior [ RunTime:0.000014s ]
INFO: [ app_init ] --END-- [ RunTime:0.000467s ]

[ 2016-04-09T16:20:01+08:00 ] ::1 /paper/index.php/Home/Denglu/denglu
INFO: [ app_init ] --START--
INFO: Run Behavior\BuildLiteBehavior [ RunTime:0.000037s ]
INFO: [ app_init ] --END-- [ RunTime:0.000878s ]

[ 2016-04-09T16:20:04+08:00 ] ::1 /paper/index.php/Home/Denglu/manage
INFO: [ app_init ] --START--
INFO: Run Behavior\BuildLiteBehavior [ RunTime:0.000016s ]
INFO: [ app_init ] --END-- [ RunTime:0.000447s ]

[ 2016-04-09T16:20:09+08:00 ] ::1 /paper/index.php/Home/Denglu/modify.html?id=15
INFO: [ app_init ] --START--
INFO: Run Behavior\BuildLiteBehavior [ RunTime:0.000019s ]
INFO: [ app_init ] --END-- [ RunTime:0.000477s ]

[ 2016-04-09T16:20:19+08:00 ] ::1 /paper/index.php/Home/Denglu/modify.html?id=15
INFO: [ app_init ] --START--
INFO: Run Behavior\BuildLiteBehavior [ RunTime:0.000016s ]
INFO: [ app_init ] --END-- [ RunTime:0.000370s ]

[ 2016-04-09T16:20:24+08:00 ] ::1 /paper/index.php/Home/Denglu/modify?id=15
INFO: [ app_init ] --START--
INFO: Run Behavior\BuildLiteBehavior [ RunTime:0.000015s ]
INFO: [ app_init ] --END-- [ RunTime:0.000380s ]

[ 2016-04-09T16:20:34+08:00 ] ::1 /paper/index.php/Home/Denglu/modify.html?id=15
INFO: [ app_init ] --START--
INFO: Run Behavior\BuildLiteBehavior [ RunTime:0.000017s ]
INFO: [ app_init ] --END-- [ RunTime:0.000514s ]

[ 2016-04-09T16:20:39+08:00 ] ::1 /paper/index.php/Home/Denglu/modify?id=15
INFO: [ app_init ] --START--
INFO: Run Behavior\BuildLiteBehavior [ RunTime:0.000016s ]
INFO: [ app_init ] --END-- [ RunTime:0.000471s ]

[ 2016-04-09T16:21:08+08:00 ] ::1 /paper/
INFO: [ app_init ] --START--
INFO: Run Behavior\BuildLiteBehavior [ RunTime:0.000015s ]
INFO: [ app_init ] --END-- [ RunTime:0.000353s ]

[ 2016-04-09T16:21:10+08:00 ] ::1 /paper/index.php/Home/Denglu/denglu.html
INFO: [ app_init ] --START--
INFO: Run Behavior\BuildLiteBehavior [ RunTime:0.000020s ]
INFO: [ app_init ] --END-- [ RunTime:0.000456s ]

[ 2016-04-09T16:21:15+08:00 ] ::1 /paper/index.php/Home/Denglu/denglu
INFO: [ app_init ] --START--
INFO: Run Behavior\BuildLiteBehavior [ RunTime:0.000040s ]
INFO: [ app_init ] --END-- [ RunTime:0.000634s ]

[ 2016-04-09T16:21:29+08:00 ] ::1 /paper/index.php/Home/Denglu/denglu
INFO: [ app_init ] --START--
INFO: Run Behavior\BuildLiteBehavior [ RunTime:0.000023s ]
INFO: [ app_init ] --END-- [ RunTime:0.000532s ]

[ 2016-04-09T16:21:32+08:00 ] ::1 /paper/index.php/Home/Denglu/manage
INFO: [ app_init ] --START--
INFO: Run Behavior\BuildLiteBehavior [ RunTime:0.000016s ]
INFO: [ app_init ] --END-- [ RunTime:0.000386s ]

[ 2016-04-09T16:21:44+08:00 ] ::1 /paper/
INFO: [ app_init ] --START--
INFO: Run Behavior\BuildLiteBehavior [ RunTime:0.000023s ]
INFO: [ app_init ] --END-- [ RunTime:0.000523s ]

[ 2016-04-09T16:21:46+08:00 ] ::1 /paper/index.php/Home/Shangchuan/shangchuan.html
INFO: [ app_init ] --START--
INFO: Run Behavior\BuildLiteBehavior [ RunTime:0.000014s ]
INFO: [ app_init ] --END-- [ RunTime:0.000437s ]

[ 2016-04-09T16:21:57+08:00 ] ::1 /paper/index.php/Home/Shangchuan/shangchuan
INFO: [ app_init ] --START--
INFO: Run Behavior\BuildLiteBehavior [ RunTime:0.000015s ]
INFO: [ app_init ] --END-- [ RunTime:0.000464s ]

[ 2016-04-09T16:22:18+08:00 ] ::1 /paper/index.php/Home/Shangchuan/shangchuan
INFO: [ app_init ] --START--
INFO: Run Behavior\BuildLiteBehavior [ RunTime:0.000027s ]
INFO: [ app_init ] --END-- [ RunTime:0.000613s ]

[ 2016-04-09T16:25:05+08:00 ] ::1 /paper/index.php/Home/Shangchuan/shangchuan
INFO: [ app_init ] --START--
INFO: Run Behavior\BuildLiteBehavior [ RunTime:0.000016s ]
INFO: [ app_init ] --END-- [ RunTime:0.000527s ]
ERR: SQLSTATE[28000] [1045] Access denied for user 'root'@'localhost' (using password: NO)

[ 2016-04-09T16:25:47+08:00 ] ::1 /paper/index.php/Home/Shangchuan/shangchuan
INFO: [ app_init ] --START--
INFO: Run Behavior\BuildLiteBehavior [ RunTime:0.000019s ]
INFO: [ app_init ] --END-- [ RunTime:0.000563s ]

[ 2016-04-09T16:27:38+08:00 ] ::1 /paper/index.php/Home/Shangchuan/shangchuan
INFO: [ app_init ] --START--
INFO: Run Behavior\BuildLiteBehavior [ RunTime:0.000026s ]
INFO: [ app_init ] --END-- [ RunTime:0.000697s ]

[ 2016-04-09T16:30:08+08:00 ] ::1 /paper/index.php/Home/Shangchuan/shangchuan
INFO: [ app_init ] --START--
INFO: Run Behavior\BuildLiteBehavior [ RunTime:0.000034s ]
INFO: [ app_init ] --END-- [ RunTime:0.000829s ]

[ 2016-04-09T16:30:45+08:00 ] ::1 /paper/index.php/Home/Shangchuan/shangchuan
INFO: [ app_init ] --START--
INFO: Run Behavior\BuildLiteBehavior [ RunTime:0.000016s ]
INFO: [ app_init ] --END-- [ RunTime:0.000642s ]
ERR: SQLSTATE[28000] [1045] Access denied for user 'root'@'localhost' (using password: NO)

[ 2016-04-09T16:31:22+08:00 ] ::1 /paper/index.php/Home/Shangchuan/shangchuan
INFO: [ app_init ] --START--
INFO: Run Behavior\BuildLiteBehavior [ RunTime:0.000014s ]
INFO: [ app_init ] --END-- [ RunTime:0.000440s ]

[ 2016-04-09T16:31:41+08:00 ] ::1 /paper/index.php/Home/Shangchuan/shangchuan
INFO: [ app_init ] --START--
INFO: Run Behavior\BuildLiteBehavior [ RunTime:0.000014s ]
INFO: [ app_init ] --END-- [ RunTime:0.000369s ]

[ 2016-04-09T16:32:43+08:00 ] ::1 /paper/index.php/Home/Shangchuan/shangchuan
INFO: [ app_init ] --START--
INFO: Run Behavior\BuildLiteBehavior [ RunTime:0.000016s ]
INFO: [ app_init ] --END-- [ RunTime:0.000592s ]

[ 2016-04-09T16:33:35+08:00 ] ::1 /paper/index.php/Home/Denglu/denglu.html
INFO: [ app_init ] --START--
INFO: Run Behavior\BuildLiteBehavior [ RunTime:0.000015s ]
INFO: [ app_init ] --END-- [ RunTime:0.000464s ]

[ 2016-04-09T16:33:44+08:00 ] ::1 /paper/index.php/Home/Denglu/denglu
INFO: [ app_init ] --START--
INFO: Run Behavior\BuildLiteBehavior [ RunTime:0.000030s ]
INFO: [ app_init ] --END-- [ RunTime:0.002451s ]

[ 2016-04-09T16:33:47+08:00 ] ::1 /paper/index.php/Home/Denglu/manage
INFO: [ app_init ] --START--
INFO: Run Behavior\BuildLiteBehavior [ RunTime:0.000019s ]
INFO: [ app_init ] --END-- [ RunTime:0.000635s ]

[ 2016-04-09T16:33:50+08:00 ] ::1 /paper/index.php/Home/Denglu/modify.html?id=15
INFO: [ app_init ] --START--
INFO: Run Behavior\BuildLiteBehavior [ RunTime:0.000015s ]
INFO: [ app_init ] --END-- [ RunTime:0.000489s ]

[ 2016-04-09T16:33:55+08:00 ] ::1 /paper/index.php/Home/Denglu/modify?id=15
INFO: [ app_init ] --START--
INFO: Run Behavior\BuildLiteBehavior [ RunTime:0.000016s ]
INFO: [ app_init ] --END-- [ RunTime:0.000400s ]

[ 2016-04-09T16:34:09+08:00 ] ::1 /paper/
INFO: [ app_init ] --START--
INFO: Run Behavior\BuildLiteBehavior [ RunTime:0.000016s ]
INFO: [ app_init ] --END-- [ RunTime:0.000461s ]

[ 2016-04-09T16:34:15+08:00 ] ::1 /paper/index.php/Home/Denglu/denglu.html
INFO: [ app_init ] --START--
INFO: Run Behavior\BuildLiteBehavior [ RunTime:0.000019s ]
INFO: [ app_init ] --END-- [ RunTime:0.000475s ]

[ 2016-04-09T16:34:22+08:00 ] ::1 /paper/index.php/Home/Denglu/denglu
INFO: [ app_init ] --START--
INFO: Run Behavior\BuildLiteBehavior [ RunTime:0.000090s ]
INFO: [ app_init ] --END-- [ RunTime:0.001060s ]

[ 2016-04-09T16:34:27+08:00 ] ::1 /paper/index.php/Home/Shangchuan/shangchuan.html
INFO: [ app_init ] --START--
INFO: Run Behavior\BuildLiteBehavior [ RunTime:0.000017s ]
INFO: [ app_init ] --END-- [ RunTime:0.000456s ]

[ 2016-04-09T16:34:38+08:00 ] ::1 /paper/index.php/Home/Shangchuan/shangchuan
INFO: [ app_init ] --START--
INFO: Run Behavior\BuildLiteBehavior [ RunTime:0.000023s ]
INFO: [ app_init ] --END-- [ RunTime:0.000645s ]

[ 2016-04-09T16:39:28+08:00 ] ::1 /paper/index.php/Home/Lunwen/lunwen.html
INFO: [ app_init ] --START--
INFO: Run Behavior\BuildLiteBehavior [ RunTime:0.000019s ]
INFO: [ app_init ] --END-- [ RunTime:0.000486s ]

[ 2016-04-09T16:39:31+08:00 ] ::1 /paper/index.php/Home/Lunwen/chakan.html?id=42
INFO: [ app_init ] --START--
INFO: Run Behavior\BuildLiteBehavior [ RunTime:0.000034s ]
INFO: [ app_init ] --END-- [ RunTime:0.001123s ]

[ 2016-04-09T16:39:35+08:00 ] ::1 /paper/index.php/Home/Lunwen/download.html?id=42
INFO: [ app_init ] --START--
INFO: Run Behavior\BuildLiteBehavior [ RunTime:0.000014s ]
INFO: [ app_init ] --END-- [ RunTime:0.000446s ]

[ 2016-04-09T16:40:20+08:00 ] ::1 /paper/index.php/Home/Lunwen/download.html?id=42
INFO: [ app_init ] --START--
INFO: Run Behavior\BuildLiteBehavior [ RunTime:0.000023s ]
INFO: [ app_init ] --END-- [ RunTime:0.000418s ]

[ 2016-04-09T16:42:24+08:00 ] ::1 /paper/index.php/Home/Lunwen/download.html?id=42
INFO: [ app_init ] --START--
INFO: Run Behavior\BuildLiteBehavior [ RunTime:0.000015s ]
INFO: [ app_init ] --END-- [ RunTime:0.000444s ]

[ 2016-04-09T16:42:34+08:00 ] ::1 /paper/index.php/Home/Lunwen/download.html?id=42
INFO: [ app_init ] --START--
INFO: Run Behavior\BuildLiteBehavior [ RunTime:0.000044s ]
INFO: [ app_init ] --END-- [ RunTime:0.000713s ]

[ 2016-04-09T16:43:07+08:00 ] ::1 /paper/index.php/Home/Lunwen/chakan.html?id=42
INFO: [ app_init ] --START--
INFO: Run Behavior\BuildLiteBehavior [ RunTime:0.000015s ]
INFO: [ app_init ] --END-- [ RunTime:0.000393s ]

[ 2016-04-09T16:43:11+08:00 ] ::1 /paper/index.php/Home/Lunwen/download.html?id=42
INFO: [ app_init ] --START--
INFO: Run Behavior\BuildLiteBehavior [ RunTime:0.000030s ]
INFO: [ app_init ] --END-- [ RunTime:0.002063s ]

[ 2016-04-09T16:43:29+08:00 ] ::1 /paper/index.php/Home/Lunwen/chakan.html?id=42
INFO: [ app_init ] --START--
INFO: Run Behavior\BuildLiteBehavior [ RunTime:0.000023s ]
INFO: [ app_init ] --END-- [ RunTime:0.000632s ]

[ 2016-04-09T16:43:31+08:00 ] ::1 /paper/index.php/Home/Lunwen/download.html?id=42
INFO: [ app_init ] --START--
INFO: Run Behavior\BuildLiteBehavior [ RunTime:0.000016s ]
INFO: [ app_init ] --END-- [ RunTime:0.000406s ]

[ 2016-04-09T16:44:30+08:00 ] ::1 /paper/index.php/Home/Lunwen/download.html?id=42
INFO: [ app_init ] --START--
INFO: Run Behavior\BuildLiteBehavior [ RunTime:0.000016s ]
INFO: [ app_init ] --END-- [ RunTime:0.000405s ]

[ 2016-04-09T16:44:37+08:00 ] ::1 /paper/index.php/Home/Lunwen/chakan.html?id=42
INFO: [ app_init ] --START--
INFO: Run Behavior\BuildLiteBehavior [ RunTime:0.000020s ]
INFO: [ app_init ] --END-- [ RunTime:0.000754s ]

[ 2016-04-09T16:46:31+08:00 ] ::1 /paper/index.php/Home/Lunwen/chakan.html?id=42
INFO: [ app_init ] --START--
INFO: Run Behavior\BuildLiteBehavior [ RunTime:0.000014s ]
INFO: [ app_init ] --END-- [ RunTime:0.000469s ]

[ 2016-04-09T16:46:33+08:00 ] ::1 /paper/index.php/Home/Lunwen/download.html?id=42
INFO: [ app_init ] --START--
INFO: Run Behavior\BuildLiteBehavior [ RunTime:0.000016s ]
INFO: [ app_init ] --END-- [ RunTime:0.000364s ]

[ 2016-04-09T16:46:59+08:00 ] ::1 /paper/index.php/Home/Lunwen/chakan.html?id=42
INFO: [ app_init ] --START--
INFO: Run Behavior\BuildLiteBehavior [ RunTime:0.000026s ]
INFO: [ app_init ] --END-- [ RunTime:0.000593s ]

[ 2016-04-09T16:47:02+08:00 ] ::1 /paper/index.php/Home/Lunwen/download.html?id=42
INFO: [ app_init ] --START--
INFO: Run Behavior\BuildLiteBehavior [ RunTime:0.000025s ]
INFO: [ app_init ] --END-- [ RunTime:0.000585s ]

[ 2016-04-09T16:47:13+08:00 ] ::1 /paper/index.php/Home/Lunwen/chakan.html?id=37
INFO: [ app_init ] --START--
INFO: Run Behavior\BuildLiteBehavior [ RunTime:0.000015s ]
INFO: [ app_init ] --END-- [ RunTime:0.000409s ]

[ 2016-04-09T16:47:17+08:00 ] ::1 /paper/index.php/Home/Lunwen/download.html?id=37
INFO: [ app_init ] --START--
INFO: Run Behavior\BuildLiteBehavior [ RunTime:0.000015s ]
INFO: [ app_init ] --END-- [ RunTime:0.000445s ]

[ 2016-04-09T16:47:26+08:00 ] ::1 /paper/index.php/Home/Shangchuan/shangchuan.html
INFO: [ app_init ] --START--
INFO: Run Behavior\BuildLiteBehavior [ RunTime:0.000022s ]
INFO: [ app_init ] --END-- [ RunTime:0.000521s ]

[ 2016-04-09T16:47:41+08:00 ] ::1 /paper/index.php/Home/Shangchuan/shangchuan
INFO: [ app_init ] --START--
INFO: Run Behavior\BuildLiteBehavior [ RunTime:0.000015s ]
INFO: [ app_init ] --END-- [ RunTime:0.000451s ]

[ 2016-04-09T16:47:46+08:00 ] ::1 /paper/index.php/Home/Lunwen/lunwen.html
INFO: [ app_init ] --START--
INFO: Run Behavior\BuildLiteBehavior [ RunTime:0.000016s ]
INFO: [ app_init ] --END-- [ RunTime:0.000410s ]

[ 2016-04-09T16:47:53+08:00 ] ::1 /paper/index.php/Home/Lunwen/chakan.html?id=43
INFO: [ app_init ] --START--
INFO: Run Behavior\BuildLiteBehavior [ RunTime:0.000020s ]
INFO: [ app_init ] --END-- [ RunTime:0.000614s ]

[ 2016-04-09T16:47:57+08:00 ] ::1 /paper/index.php/Home/Lunwen/download.html?id=43
INFO: [ app_init ] --START--
INFO: Run Behavior\BuildLiteBehavior [ RunTime:0.000019s ]
INFO: [ app_init ] --END-- [ RunTime:0.000593s ]

[ 2016-04-09T16:49:53+08:00 ] ::1 /paper/index.php/Home/Lunwen/chakan.html?id=43
INFO: [ app_init ] --START--
INFO: Run Behavior\BuildLiteBehavior [ RunTime:0.000014s ]
INFO: [ app_init ] --END-- [ RunTime:0.000471s ]

[ 2016-04-09T16:49:56+08:00 ] ::1 /paper/index.php/Home/Lunwen/download.html?id=43
INFO: [ app_init ] --START--
INFO: Run Behavior\BuildLiteBehavior [ RunTime:0.000017s ]
INFO: [ app_init ] --END-- [ RunTime:0.000600s ]

[ 2016-04-09T16:51:36+08:00 ] ::1 /paper/index.php/Home/Lunwen/chakan.html?id=43
INFO: [ app_init ] --START--
INFO: Run Behavior\BuildLiteBehavior [ RunTime:0.000022s ]
INFO: [ app_init ] --END-- [ RunTime:0.000538s ]

[ 2016-04-09T16:51:39+08:00 ] ::1 /paper/index.php/Home/Lunwen/download.html?id=43
INFO: [ app_init ] --START--
INFO: Run Behavior\BuildLiteBehavior [ RunTime:0.000017s ]
INFO: [ app_init ] --END-- [ RunTime:0.000470s ]

[ 2016-04-09T16:52:16+08:00 ] ::1 /paper/index.php/Home/Lunwen/chakan.html?id=43
INFO: [ app_init ] --START--
INFO: Run Behavior\BuildLiteBehavior [ RunTime:0.000016s ]
INFO: [ app_init ] --END-- [ RunTime:0.000382s ]

[ 2016-04-09T16:52:27+08:00 ] ::1 /paper/index.php/Home/Lunwen/chakan.html?id=43
INFO: [ app_init ] --START--
INFO: Run Behavior\BuildLiteBehavior [ RunTime:0.000023s ]
INFO: [ app_init ] --END-- [ RunTime:0.000610s ]

[ 2016-04-09T16:52:29+08:00 ] ::1 /paper/index.php/Home/Lunwen/download.html?id=43
INFO: [ app_init ] --START--
INFO: Run Behavior\BuildLiteBehavior [ RunTime:0.000026s ]
INFO: [ app_init ] --END-- [ RunTime:0.000627s ]

[ 2016-04-09T16:54:16+08:00 ] ::1 /paper/index.php/Home/Lunwen/chakan.html?id=43
INFO: [ app_init ] --START--
INFO: Run Behavior\BuildLiteBehavior [ RunTime:0.000019s ]
INFO: [ app_init ] --END-- [ RunTime:0.000654s ]

[ 2016-04-09T16:54:19+08:00 ] ::1 /paper/index.php/Home/Lunwen/download.html?id=43
INFO: [ app_init ] --START--
INFO: Run Behavior\BuildLiteBehavior [ RunTime:0.000078s ]
INFO: [ app_init ] --END-- [ RunTime:0.000854s ]

[ 2016-04-09T16:54:30+08:00 ] ::1 /paper/index.php/Home/Lunwen/chakan.html?id=43
INFO: [ app_init ] --START--
INFO: Run Behavior\BuildLiteBehavior [ RunTime:0.000016s ]
INFO: [ app_init ] --END-- [ RunTime:0.000400s ]

[ 2016-04-09T16:54:33+08:00 ] ::1 /paper/index.php/Home/Lunwen/download.html?id=43
INFO: [ app_init ] --START--
INFO: Run Behavior\BuildLiteBehavior [ RunTime:0.000017s ]
INFO: [ app_init ] --END-- [ RunTime:0.000404s ]

[ 2016-04-09T16:55:35+08:00 ] ::1 /paper/index.php/Home/Lunwen/chakan.html?id=43
INFO: [ app_init ] --START--
INFO: Run Behavior\BuildLiteBehavior [ RunTime:0.000017s ]
INFO: [ app_init ] --END-- [ RunTime:0.000436s ]

[ 2016-04-09T16:55:37+08:00 ] ::1 /paper/index.php/Home/Lunwen/download.html?id=43
INFO: [ app_init ] --START--
INFO: Run Behavior\BuildLiteBehavior [ RunTime:0.000044s ]
INFO: [ app_init ] --END-- [ RunTime:0.001699s ]

[ 2016-04-09T16:56:21+08:00 ] ::1 /paper/index.php/Home/Lunwen/chakan.html?id=43
INFO: [ app_init ] --START--
INFO: Run Behavior\BuildLiteBehavior [ RunTime:0.000017s ]
INFO: [ app_init ] --END-- [ RunTime:0.000420s ]

[ 2016-04-09T16:56:23+08:00 ] ::1 /paper/index.php/Home/Lunwen/download.html?id=43
INFO: [ app_init ] --START--
INFO: Run Behavior\BuildLiteBehavior [ RunTime:0.000015s ]
INFO: [ app_init ] --END-- [ RunTime:0.000481s ]

[ 2016-04-09T16:57:36+08:00 ] ::1 /paper/index.php/Home/Lunwen/chakan.html?id=43
INFO: [ app_init ] --START--
INFO: Run Behavior\BuildLiteBehavior [ RunTime:0.000014s ]
INFO: [ app_init ] --END-- [ RunTime:0.000459s ]

[ 2016-04-09T16:57:37+08:00 ] ::1 /paper/index.php/Home/Lunwen/download.html?id=43
INFO: [ app_init ] --START--
INFO: Run Behavior\BuildLiteBehavior [ RunTime:0.000015s ]
INFO: [ app_init ] --END-- [ RunTime:0.000393s ]

[ 2016-04-09T17:04:13+08:00 ] ::1 /paper/index.php/Home/Lunwen/chakan.html?id=43
INFO: [ app_init ] --START--
INFO: Run Behavior\BuildLiteBehavior [ RunTime:0.000017s ]
INFO: [ app_init ] --END-- [ RunTime:0.000447s ]

[ 2016-04-09T17:04:13+08:00 ] ::1 /paper/index.php/Home/Lunwen/chakan.html?id=43
INFO: [ app_init ] --START--
INFO: Run Behavior\BuildLiteBehavior [ RunTime:0.000025s ]
INFO: [ app_init ] --END-- [ RunTime:0.000436s ]

[ 2016-04-09T17:04:13+08:00 ] ::1 /paper/index.php/Home/Lunwen/chakan.html?id=43
INFO: [ app_init ] --START--
INFO: Run Behavior\BuildLiteBehavior [ RunTime:0.000019s ]
INFO: [ app_init ] --END-- [ RunTime:0.000464s ]

[ 2016-04-09T17:04:14+08:00 ] ::1 /paper/index.php/Home/Lunwen/chakan.html?id=43
INFO: [ app_init ] --START--
INFO: Run Behavior\BuildLiteBehavior [ RunTime:0.000014s ]
INFO: [ app_init ] --END-- [ RunTime:0.000478s ]

[ 2016-04-09T17:04:14+08:00 ] ::1 /paper/index.php/Home/Lunwen/chakan.html?id=43
INFO: [ app_init ] --START--
INFO: Run Behavior\BuildLiteBehavior [ RunTime:0.000015s ]
INFO: [ app_init ] --END-- [ RunTime:0.000460s ]

[ 2016-04-09T17:04:22+08:00 ] ::1 /paper/index.php/Home/Lunwen/chakan.html?id=43
INFO: [ app_init ] --START--
INFO: Run Behavior\BuildLiteBehavior [ RunTime:0.000023s ]
INFO: [ app_init ] --END-- [ RunTime:0.000602s ]

[ 2016-04-09T17:04:25+08:00 ] ::1 /paper/index.php/Home/Lunwen/download.html?id=43
INFO: [ app_init ] --START--
INFO: Run Behavior\BuildLiteBehavior [ RunTime:0.000028s ]
INFO: [ app_init ] --END-- [ RunTime:0.001421s ]

[ 2016-04-09T17:04:39+08:00 ] ::1 /paper/index.php/Home/Lunwen/download.html?id=43
INFO: [ app_init ] --START--
INFO: Run Behavior\BuildLiteBehavior [ RunTime:0.000032s ]
INFO: [ app_init ] --END-- [ RunTime:0.002179s ]

[ 2016-04-09T17:05:13+08:00 ] ::1 /paper/index.php/Home/Lunwen/download.html?id=43
INFO: [ app_init ] --START--
INFO: Run Behavior\BuildLiteBehavior [ RunTime:0.000068s ]
INFO: [ app_init ] --END-- [ RunTime:0.001060s ]

[ 2016-04-09T17:05:14+08:00 ] ::1 /paper/index.php/Home/Lunwen/chakan.html?id=43
INFO: [ app_init ] --START--
INFO: Run Behavior\BuildLiteBehavior [ RunTime:0.000015s ]
INFO: [ app_init ] --END-- [ RunTime:0.000389s ]

[ 2016-04-09T17:05:17+08:00 ] ::1 /paper/index.php/Home/Lunwen/download.html?id=43
INFO: [ app_init ] --START--
INFO: Run Behavior\BuildLiteBehavior [ RunTime:0.000015s ]
INFO: [ app_init ] --END-- [ RunTime:0.000448s ]

[ 2016-04-09T17:06:25+08:00 ] ::1 /paper/index.php/Home/Lunwen/chakan.html?id=43
INFO: [ app_init ] --START--
INFO: Run Behavior\BuildLiteBehavior [ RunTime:0.000017s ]
INFO: [ app_init ] --END-- [ RunTime:0.000412s ]

[ 2016-04-09T17:06:27+08:00 ] ::1 /paper/index.php/Home/Lunwen/download.html?id=43
INFO: [ app_init ] --START--
INFO: Run Behavior\BuildLiteBehavior [ RunTime:0.000027s ]
INFO: [ app_init ] --END-- [ RunTime:0.000522s ]

[ 2016-04-09T17:06:58+08:00 ] ::1 /paper/index.php/Home/Lunwen/download.html?id=43
INFO: [ app_init ] --START--
INFO: Run Behavior\BuildLiteBehavior [ RunTime:0.000022s ]
INFO: [ app_init ] --END-- [ RunTime:0.000591s ]

[ 2016-04-09T17:07:04+08:00 ] ::1 /paper/index.php/Home/Lunwen/chakan.html?id=43
INFO: [ app_init ] --START--
INFO: Run Behavior\BuildLiteBehavior [ RunTime:0.000015s ]
INFO: [ app_init ] --END-- [ RunTime:0.000354s ]

[ 2016-04-09T17:07:06+08:00 ] ::1 /paper/index.php/Home/Lunwen/download.html?id=43
INFO: [ app_init ] --START--
INFO: Run Behavior\BuildLiteBehavior [ RunTime:0.000019s ]
INFO: [ app_init ] --END-- [ RunTime:0.000529s ]

[ 2016-04-09T17:07:18+08:00 ] ::1 /paper/index.php/Home/Lunwen/download.html?id=43
INFO: [ app_init ] --START--
INFO: Run Behavior\BuildLiteBehavior [ RunTime:0.000015s ]
INFO: [ app_init ] --END-- [ RunTime:0.000473s ]

[ 2016-04-09T17:08:48+08:00 ] ::1 /paper/index.php/Home/Lunwen/download.html?id=43
INFO: [ app_init ] --START--
INFO: Run Behavior\BuildLiteBehavior [ RunTime:0.000014s ]
INFO: [ app_init ] --END-- [ RunTime:0.017296s ]

[ 2016-04-09T17:08:51+08:00 ] ::1 /paper/index.php/Home/Lunwen/download.html?id=43
INFO: [ app_init ] --START--
INFO: Run Behavior\BuildLiteBehavior [ RunTime:0.000027s ]
INFO: [ app_init ] --END-- [ RunTime:0.001878s ]

[ 2016-04-09T17:08:54+08:00 ] ::1 /paper/index.php/Home/Lunwen/download.html?id=43
INFO: [ app_init ] --START--
INFO: Run Behavior\BuildLiteBehavior [ RunTime:0.000014s ]
INFO: [ app_init ] --END-- [ RunTime:0.000485s ]

[ 2016-04-09T17:09:06+08:00 ] ::1 /paper/index.php/Home/Lunwen/download.html?id=43
INFO: [ app_init ] --START--
INFO: Run Behavior\BuildLiteBehavior [ RunTime:0.000017s ]
INFO: [ app_init ] --END-- [ RunTime:0.000576s ]

[ 2016-04-09T17:09:54+08:00 ] ::1 /paper/index.php/Home/Lunwen/download.html?id=43
INFO: [ app_init ] --START--
INFO: Run Behavior\BuildLiteBehavior [ RunTime:0.000014s ]
INFO: [ app_init ] --END-- [ RunTime:0.000446s ]

[ 2016-04-09T17:10:19+08:00 ] ::1 /paper/index.php/Home/Lunwen/lunwen.html
INFO: [ app_init ] --START--
INFO: Run Behavior\BuildLiteBehavior [ RunTime:0.000023s ]
INFO: [ app_init ] --END-- [ RunTime:0.001980s ]

[ 2016-04-09T17:10:23+08:00 ] ::1 /paper/index.php/Home/Lunwen/chakan.html?id=41
INFO: [ app_init ] --START--
INFO: Run Behavior\BuildLiteBehavior [ RunTime:0.000011s ]
INFO: [ app_init ] --END-- [ RunTime:0.000394s ]

[ 2016-04-09T17:10:26+08:00 ] ::1 /paper/index.php/Home/Lunwen/download.html?id=41
INFO: [ app_init ] --START--
INFO: Run Behavior\BuildLiteBehavior [ RunTime:0.000013s ]
INFO: [ app_init ] --END-- [ RunTime:0.000397s ]

[ 2016-04-09T17:11:56+08:00 ] ::1 /paper/index.php/Home/Lunwen/chakan.html?id=41
INFO: [ app_init ] --START--
INFO: Run Behavior\BuildLiteBehavior [ RunTime:0.000016s ]
INFO: [ app_init ] --END-- [ RunTime:0.000367s ]

[ 2016-04-09T17:11:58+08:00 ] ::1 /paper/index.php/Home/Lunwen/download.html?id=41
INFO: [ app_init ] --START--
INFO: Run Behavior\BuildLiteBehavior [ RunTime:0.000065s ]
INFO: [ app_init ] --END-- [ RunTime:0.001074s ]

[ 2016-04-09T17:15:54+08:00 ] ::1 /paper/index.php/Home/Lunwen/download.html?id=41
INFO: [ app_init ] --START--
INFO: Run Behavior\BuildLiteBehavior [ RunTime:0.000012s ]
INFO: [ app_init ] --END-- [ RunTime:0.000368s ]

[ 2016-04-09T17:15:56+08:00 ] ::1 /paper/index.php/Home/Lunwen/download.html?id=41
INFO: [ app_init ] --START--
INFO: Run Behavior\BuildLiteBehavior [ RunTime:0.000019s ]
INFO: [ app_init ] --END-- [ RunTime:0.000570s ]

[ 2016-04-09T17:17:02+08:00 ] ::1 /paper/index.php/Home/Lunwen/download.html?id=41
INFO: [ app_init ] --START--
INFO: Run Behavior\BuildLiteBehavior [ RunTime:0.000014s ]
INFO: [ app_init ] --END-- [ RunTime:0.000468s ]

[ 2016-04-09T17:19:12+08:00 ] ::1 /paper/index.php/Home/Lunwen/download.html?id=41
INFO: [ app_init ] --START--
INFO: Run Behavior\BuildLiteBehavior [ RunTime:0.000012s ]
INFO: [ app_init ] --END-- [ RunTime:0.000360s ]

[ 2016-04-09T17:19:16+08:00 ] ::1 /paper/index.php/Home/Lunwen/chakan.html?id=41
INFO: [ app_init ] --START--
INFO: Run Behavior\BuildLiteBehavior [ RunTime:0.000014s ]
INFO: [ app_init ] --END-- [ RunTime:0.000463s ]

[ 2016-04-09T17:19:19+08:00 ] ::1 /paper/index.php/Home/Lunwen/download.html?id=41
INFO: [ app_init ] --START--
INFO: Run Behavior\BuildLiteBehavior [ RunTime:0.000017s ]
INFO: [ app_init ] --END-- [ RunTime:0.000378s ]

[ 2016-04-09T17:19:54+08:00 ] ::1 /paper/index.php/Home/Lunwen/chakan.html?id=41
INFO: [ app_init ] --START--
INFO: Run Behavior\BuildLiteBehavior [ RunTime:0.000012s ]
INFO: [ app_init ] --END-- [ RunTime:0.000383s ]

[ 2016-04-09T17:19:58+08:00 ] ::1 /paper/index.php/Home/Lunwen/download.html?id=41
INFO: [ app_init ] --START--
INFO: Run Behavior\BuildLiteBehavior [ RunTime:0.000014s ]
INFO: [ app_init ] --END-- [ RunTime:0.000482s ]

[ 2016-04-09T17:20:13+08:00 ] ::1 /paper/index.php/Home/Lunwen/download.html?id=43
INFO: [ app_init ] --START--
INFO: Run Behavior\BuildLiteBehavior [ RunTime:0.000022s ]
INFO: [ app_init ] --END-- [ RunTime:0.000665s ]

[ 2016-04-09T18:17:43+08:00 ] ::1 /paper/
INFO: [ app_init ] --START--
INFO: Run Behavior\BuildLiteBehavior [ RunTime:0.000013s ]
INFO: [ app_init ] --END-- [ RunTime:0.000742s ]

[ 2016-04-09T18:17:43+08:00 ] ::1 /paper/
INFO: [ app_init ] --START--
INFO: Run Behavior\BuildLiteBehavior [ RunTime:0.000015s ]
INFO: [ app_init ] --END-- [ RunTime:0.000507s ]

[ 2016-04-09T18:17:48+08:00 ] ::1 /paper/index.php/Home/Denglu/denglu.html
INFO: [ app_init ] --START--
INFO: Run Behavior\BuildLiteBehavior [ RunTime:0.000016s ]
INFO: [ app_init ] --END-- [ RunTime:0.000547s ]

[ 2016-04-09T18:17:56+08:00 ] ::1 /paper/index.php/Home/Denglu/denglu
INFO: [ app_init ] --START--
INFO: Run Behavior\BuildLiteBehavior [ RunTime:0.000011s ]
INFO: [ app_init ] --END-- [ RunTime:0.000324s ]

[ 2016-04-09T18:18:00+08:00 ] ::1 /paper/index.php/Home/Index/index.html
INFO: [ app_init ] --START--
INFO: Run Behavior\BuildLiteBehavior [ RunTime:0.000020s ]
INFO: [ app_init ] --END-- [ RunTime:0.000541s ]

[ 2016-04-09T18:18:58+08:00 ] ::1 /paper/index.php/Home/Index/index.html
INFO: [ app_init ] --START--
INFO: Run Behavior\BuildLiteBehavior [ RunTime:0.000015s ]
INFO: [ app_init ] --END-- [ RunTime:0.000491s ]

[ 2016-04-09T18:20:03+08:00 ] ::1 /paper/index.php/Home/Index/index.html
INFO: [ app_init ] --START--
INFO: Run Behavior\BuildLiteBehavior [ RunTime:0.000013s ]
INFO: [ app_init ] --END-- [ RunTime:0.000428s ]

[ 2016-04-09T18:22:15+08:00 ] ::1 /paper/index.php/Home/Index/index.html
INFO: [ app_init ] --START--
INFO: Run Behavior\BuildLiteBehavior [ RunTime:0.000011s ]
INFO: [ app_init ] --END-- [ RunTime:0.000456s ]

[ 2016-04-09T18:22:18+08:00 ] ::1 /paper/index.php/Home/Index/logout.html
INFO: [ app_init ] --START--
INFO: Run Behavior\BuildLiteBehavior [ RunTime:0.000014s ]
INFO: [ app_init ] --END-- [ RunTime:0.000507s ]

[ 2016-04-09T18:22:45+08:00 ] ::1 /paper/
INFO: [ app_init ] --START--
INFO: Run Behavior\BuildLiteBehavior [ RunTime:0.000012s ]
INFO: [ app_init ] --END-- [ RunTime:0.000324s ]

[ 2016-04-09T18:22:46+08:00 ] ::1 /paper/
INFO: [ app_init ] --START--
INFO: Run Behavior\BuildLiteBehavior [ RunTime:0.000011s ]
INFO: [ app_init ] --END-- [ RunTime:0.000341s ]

[ 2016-04-09T18:22:50+08:00 ] ::1 /paper/
INFO: [ app_init ] --START--
INFO: Run Behavior\BuildLiteBehavior [ RunTime:0.000012s ]
INFO: [ app_init ] --END-- [ RunTime:0.000359s ]

[ 2016-04-09T18:22:52+08:00 ] ::1 /paper/index.php/Home/Denglu/denglu.html
INFO: [ app_init ] --START--
INFO: Run Behavior\BuildLiteBehavior [ RunTime:0.000014s ]
INFO: [ app_init ] --END-- [ RunTime:0.000491s ]

[ 2016-04-09T18:22:58+08:00 ] ::1 /paper/index.php/Home/Denglu/denglu
INFO: [ app_init ] --START--
INFO: Run Behavior\BuildLiteBehavior [ RunTime:0.000016s ]
INFO: [ app_init ] --END-- [ RunTime:0.000661s ]

[ 2016-04-09T18:23:02+08:00 ] ::1 /paper/index.php/Home/Index/index.html
INFO: [ app_init ] --START--
INFO: Run Behavior\BuildLiteBehavior [ RunTime:0.000021s ]
INFO: [ app_init ] --END-- [ RunTime:0.000371s ]

[ 2016-04-09T18:23:20+08:00 ] ::1 /paper/index.php/Home/Index/logout.html
INFO: [ app_init ] --START--
INFO: Run Behavior\BuildLiteBehavior [ RunTime:0.000014s ]
INFO: [ app_init ] --END-- [ RunTime:0.000480s ]

[ 2016-04-09T18:23:41+08:00 ] ::1 /paper/index.php/Home/Denglu/denglu.html
INFO: [ app_init ] --START--
INFO: Run Behavior\BuildLiteBehavior [ RunTime:0.000018s ]
INFO: [ app_init ] --END-- [ RunTime:0.000457s ]

[ 2016-04-09T18:23:48+08:00 ] ::1 /paper/index.php/Home/Denglu/denglu
INFO: [ app_init ] --START--
INFO: Run Behavior\BuildLiteBehavior [ RunTime:0.000017s ]
INFO: [ app_init ] --END-- [ RunTime:0.000468s ]

[ 2016-04-09T18:23:56+08:00 ] ::1 /paper/index.php/Home/Denglu/denglu
INFO: [ app_init ] --START--
INFO: Run Behavior\BuildLiteBehavior [ RunTime:0.000016s ]
INFO: [ app_init ] --END-- [ RunTime:0.000439s ]

[ 2016-04-09T18:24:03+08:00 ] ::1 /paper/index.php/Home/Index/index.html
INFO: [ app_init ] --START--
INFO: Run Behavior\BuildLiteBehavior [ RunTime:0.000013s ]
INFO: [ app_init ] --END-- [ RunTime:0.000441s ]

[ 2016-04-09T18:24:12+08:00 ] ::1 /paper/index.php/Home/Index/logout.html
INFO: [ app_init ] --START--
INFO: Run Behavior\BuildLiteBehavior [ RunTime:0.000011s ]
INFO: [ app_init ] --END-- [ RunTime:0.000344s ]

[ 2016-04-09T18:25:00+08:00 ] ::1 /paper/index.php/Home/Index/index.html
INFO: [ app_init ] --START--
INFO: Run Behavior\BuildLiteBehavior [ RunTime:0.000011s ]
INFO: [ app_init ] --END-- [ RunTime:0.000434s ]

[ 2016-04-09T18:25:07+08:00 ] ::1 /paper/index.php/Home/Denglu/denglu.html
INFO: [ app_init ] --START--
INFO: Run Behavior\BuildLiteBehavior [ RunTime:0.000013s ]
INFO: [ app_init ] --END-- [ RunTime:0.000433s ]

[ 2016-04-09T18:25:14+08:00 ] ::1 /paper/index.php/Home/Denglu/denglu
INFO: [ app_init ] --START--
INFO: Run Behavior\BuildLiteBehavior [ RunTime:0.000013s ]
INFO: [ app_init ] --END-- [ RunTime:0.000337s ]

[ 2016-04-09T18:25:18+08:00 ] ::1 /paper/index.php/Home/Index/index.html
INFO: [ app_init ] --START--
INFO: Run Behavior\BuildLiteBehavior [ RunTime:0.000016s ]
INFO: [ app_init ] --END-- [ RunTime:0.000410s ]

[ 2016-04-09T18:26:05+08:00 ] ::1 /paper/index.php/Home/Index/index.html
INFO: [ app_init ] --START--
INFO: Run Behavior\BuildLiteBehavior [ RunTime:0.000021s ]
INFO: [ app_init ] --END-- [ RunTime:0.000599s ]

[ 2016-04-09T18:26:14+08:00 ] ::1 /paper/index.php/Home/Index/index.html
INFO: [ app_init ] --START--
INFO: Run Behavior\BuildLiteBehavior [ RunTime:0.000015s ]
INFO: [ app_init ] --END-- [ RunTime:0.000607s ]

[ 2016-04-09T18:26:25+08:00 ] ::1 /paper/index.php/Home/Index/index.html
INFO: [ app_init ] --START--
INFO: Run Behavior\BuildLiteBehavior [ RunTime:0.000012s ]
INFO: [ app_init ] --END-- [ RunTime:0.000348s ]

[ 2016-04-09T18:27:36+08:00 ] ::1 /paper/index.php/Home/Index/index.html
INFO: [ app_init ] --START--
INFO: Run Behavior\BuildLiteBehavior [ RunTime:0.000012s ]
INFO: [ app_init ] --END-- [ RunTime:0.000366s ]

