[ 2016-04-01T17:38:36+08:00 ] ::1 /paper/
INFO: [ app_init ] --START--
INFO: Run Behavior\BuildLiteBehavior [ RunTime:0.000047s ]
INFO: [ app_init ] --END-- [ RunTime:0.248698s ]
INFO: [ app_begin ] --START--
INFO: Run Behavior\ReadHtmlCacheBehavior [ RunTime:0.002684s ]
INFO: [ app_begin ] --END-- [ RunTime:0.002866s ]
NOTIC: [2] Missing argument 1 for Think\Controller::show(), called in G:\xampp\htdocs\paper\Application\Home\Controller\IndexController.class.php on line 6 and defined G:\xampp\htdocs\paper\ThinkPHP\Library\Think\Controller.class.php 第 68 行.
NOTIC: [8] Undefined variable: content G:\xampp\htdocs\paper\ThinkPHP\Library\Think\Controller.class.php 第 69 行.
INFO: [ view_parse ] --START--
INFO: [ template_filter ] --START--
INFO: Run Behavior\ContentReplaceBehavior [ RunTime:0.009623s ]
INFO: [ template_filter ] --END-- [ RunTime:0.009778s ]
INFO: Run Behavior\ParseTemplateBehavior [ RunTime:0.073189s ]
INFO: [ view_parse ] --END-- [ RunTime:0.073392s ]
INFO: [ view_filter ] --START--
INFO: Run Behavior\WriteHtmlCacheBehavior [ RunTime:0.002901s ]
INFO: [ view_filter ] --END-- [ RunTime:0.003060s ]
INFO: [ app_end ] --START--
INFO: Run Behavior\ShowPageTraceBehavior [ RunTime:0.003597s ]
INFO: [ app_end ] --END-- [ RunTime:0.003762s ]

[ 2016-04-01T17:41:32+08:00 ] ::1 /paper/index.php/Home/Shangchuan/shangchuan.html
INFO: [ app_init ] --START--
INFO: Run Behavior\BuildLiteBehavior [ RunTime:0.000016s ]
INFO: [ app_init ] --END-- [ RunTime:0.000475s ]
INFO: [ app_begin ] --START--
INFO: Run Behavior\ReadHtmlCacheBehavior [ RunTime:0.000715s ]
INFO: [ app_begin ] --END-- [ RunTime:0.000780s ]
NOTIC: [8] Undefined index: name G:\xampp\htdocs\paper\Application\Home\Controller\ShangchuanController.class.php 第 6 行.
NOTIC: [2] Missing argument 1 for Think\Controller::show(), called in G:\xampp\htdocs\paper\Application\Home\Controller\ShangchuanController.class.php on line 10 and defined G:\xampp\htdocs\paper\ThinkPHP\Library\Think\Controller.class.php 第 68 行.
NOTIC: [8] Undefined variable: content G:\xampp\htdocs\paper\ThinkPHP\Library\Think\Controller.class.php 第 69 行.
INFO: [ view_parse ] --START--
INFO: [ template_filter ] --START--
INFO: Run Behavior\ContentReplaceBehavior [ RunTime:0.000157s ]
INFO: [ template_filter ] --END-- [ RunTime:0.000298s ]
INFO: Run Behavior\ParseTemplateBehavior [ RunTime:0.082527s ]
INFO: [ view_parse ] --END-- [ RunTime:0.082686s ]
INFO: [ view_filter ] --START--
INFO: Run Behavior\WriteHtmlCacheBehavior [ RunTime:0.001471s ]
INFO: [ view_filter ] --END-- [ RunTime:0.001606s ]
NOTIC: [8] A session had already been started - ignoring session_start() G:\xampp\htdocs\paper\Application\Home\Controller\ShangchuanController.class.php 第 25 行.
NOTIC: [8] Undefined index: name G:\xampp\htdocs\paper\Application\Home\Controller\ShangchuanController.class.php 第 27 行.
INFO: [ app_end ] --START--
INFO: Run Behavior\ShowPageTraceBehavior [ RunTime:0.001963s ]
INFO: [ app_end ] --END-- [ RunTime:0.002112s ]

[ 2016-04-01T17:41:34+08:00 ] ::1 /paper/index.php/Home/Denglu/denglu
INFO: [ app_init ] --START--
INFO: Run Behavior\BuildLiteBehavior [ RunTime:0.000046s ]
INFO: [ app_init ] --END-- [ RunTime:0.000888s ]
INFO: [ app_begin ] --START--
INFO: Run Behavior\ReadHtmlCacheBehavior [ RunTime:0.001311s ]
INFO: [ app_begin ] --END-- [ RunTime:0.001430s ]
NOTIC: [2] Missing argument 1 for Think\Controller::show(), called in G:\xampp\htdocs\paper\Application\Home\Controller\DengluController.class.php on line 6 and defined G:\xampp\htdocs\paper\ThinkPHP\Library\Think\Controller.class.php 第 68 行.
NOTIC: [8] Undefined variable: content G:\xampp\htdocs\paper\ThinkPHP\Library\Think\Controller.class.php 第 69 行.
INFO: [ view_parse ] --START--
INFO: [ template_filter ] --START--
INFO: Run Behavior\ContentReplaceBehavior [ RunTime:0.000144s ]
INFO: [ template_filter ] --END-- [ RunTime:0.000284s ]
INFO: Run Behavior\ParseTemplateBehavior [ RunTime:0.019672s ]
INFO: [ view_parse ] --END-- [ RunTime:0.019832s ]
INFO: [ view_filter ] --START--
INFO: Run Behavior\WriteHtmlCacheBehavior [ RunTime:0.001767s ]
INFO: [ view_filter ] --END-- [ RunTime:0.001905s ]
NOTIC: [8] A session had already been started - ignoring session_start() G:\xampp\htdocs\paper\Application\Home\Controller\DengluController.class.php 第 13 行.
INFO: [ app_end ] --START--
INFO: Run Behavior\ShowPageTraceBehavior [ RunTime:0.001672s ]
INFO: [ app_end ] --END-- [ RunTime:0.001817s ]

[ 2016-04-01T17:41:44+08:00 ] ::1 /paper/index.php/Home/Denglu/denglu
INFO: [ app_init ] --START--
INFO: Run Behavior\BuildLiteBehavior [ RunTime:0.000018s ]
INFO: [ app_init ] --END-- [ RunTime:0.000525s ]
INFO: [ app_begin ] --START--
INFO: Run Behavior\ReadHtmlCacheBehavior [ RunTime:0.000523s ]
INFO: [ app_begin ] --END-- [ RunTime:0.000580s ]
NOTIC: [2] Missing argument 1 for Think\Controller::show(), called in G:\xampp\htdocs\paper\Application\Home\Controller\DengluController.class.php on line 6 and defined G:\xampp\htdocs\paper\ThinkPHP\Library\Think\Controller.class.php 第 68 行.
NOTIC: [8] Undefined variable: content G:\xampp\htdocs\paper\ThinkPHP\Library\Think\Controller.class.php 第 69 行.
INFO: [ view_parse ] --START--
INFO: [ template_filter ] --START--
INFO: Run Behavior\ContentReplaceBehavior [ RunTime:0.000083s ]
INFO: [ template_filter ] --END-- [ RunTime:0.000168s ]
INFO: Run Behavior\ParseTemplateBehavior [ RunTime:0.006918s ]
INFO: [ view_parse ] --END-- [ RunTime:0.006963s ]
INFO: [ view_filter ] --START--
INFO: Run Behavior\WriteHtmlCacheBehavior [ RunTime:0.000309s ]
INFO: [ view_filter ] --END-- [ RunTime:0.000343s ]
NOTIC: [8] A session had already been started - ignoring session_start() G:\xampp\htdocs\paper\Application\Home\Controller\DengluController.class.php 第 13 行.
SQL: SELECT * FROM `user` WHERE ( name= 'www' )  [ RunTime:0.0747s ]
INFO: [ app_end ] --START--
INFO: Run Behavior\ShowPageTraceBehavior [ RunTime:0.001811s ]
INFO: [ app_end ] --END-- [ RunTime:0.001957s ]

[ 2016-04-01T17:41:48+08:00 ] ::1 /paper/index.php/Home/Shangchuan/shangchuan.html
INFO: [ app_init ] --START--
INFO: Run Behavior\BuildLiteBehavior [ RunTime:0.000017s ]
INFO: [ app_init ] --END-- [ RunTime:0.000508s ]
INFO: [ app_begin ] --START--
INFO: Run Behavior\ReadHtmlCacheBehavior [ RunTime:0.000423s ]
INFO: [ app_begin ] --END-- [ RunTime:0.000482s ]
NOTIC: [2] Missing argument 1 for Think\Controller::show(), called in G:\xampp\htdocs\paper\Application\Home\Controller\ShangchuanController.class.php on line 10 and defined G:\xampp\htdocs\paper\ThinkPHP\Library\Think\Controller.class.php 第 68 行.
NOTIC: [8] Undefined variable: content G:\xampp\htdocs\paper\ThinkPHP\Library\Think\Controller.class.php 第 69 行.
INFO: [ view_parse ] --START--
INFO: [ template_filter ] --START--
INFO: Run Behavior\ContentReplaceBehavior [ RunTime:0.000044s ]
INFO: [ template_filter ] --END-- [ RunTime:0.000089s ]
INFO: Run Behavior\ParseTemplateBehavior [ RunTime:0.004545s ]
INFO: [ view_parse ] --END-- [ RunTime:0.004584s ]
INFO: [ view_filter ] --START--
INFO: Run Behavior\WriteHtmlCacheBehavior [ RunTime:0.000254s ]
INFO: [ view_filter ] --END-- [ RunTime:0.000283s ]
NOTIC: [8] A session had already been started - ignoring session_start() G:\xampp\htdocs\paper\Application\Home\Controller\ShangchuanController.class.php 第 25 行.
INFO: [ app_end ] --START--
INFO: Run Behavior\ShowPageTraceBehavior [ RunTime:0.000475s ]
INFO: [ app_end ] --END-- [ RunTime:0.000526s ]

[ 2016-04-01T18:09:28+08:00 ] ::1 /paper/
INFO: [ app_init ] --START--
INFO: Run Behavior\BuildLiteBehavior [ RunTime:0.000025s ]
INFO: [ app_init ] --END-- [ RunTime:0.000912s ]
INFO: [ app_begin ] --START--
INFO: Run Behavior\ReadHtmlCacheBehavior [ RunTime:0.001009s ]
INFO: [ app_begin ] --END-- [ RunTime:0.001124s ]
NOTIC: [2] Missing argument 1 for Think\Controller::show(), called in G:\xampp\htdocs\paper\Application\Home\Controller\IndexController.class.php on line 6 and defined G:\xampp\htdocs\paper\ThinkPHP\Library\Think\Controller.class.php 第 68 行.
NOTIC: [8] Undefined variable: content G:\xampp\htdocs\paper\ThinkPHP\Library\Think\Controller.class.php 第 69 行.
INFO: [ view_parse ] --START--
INFO: [ template_filter ] --START--
INFO: Run Behavior\ContentReplaceBehavior [ RunTime:0.000053s ]
INFO: [ template_filter ] --END-- [ RunTime:0.000096s ]
INFO: Run Behavior\ParseTemplateBehavior [ RunTime:0.006166s ]
INFO: [ view_parse ] --END-- [ RunTime:0.006222s ]
INFO: [ view_filter ] --START--
INFO: Run Behavior\WriteHtmlCacheBehavior [ RunTime:0.000362s ]
INFO: [ view_filter ] --END-- [ RunTime:0.000389s ]
INFO: [ app_end ] --START--
INFO: Run Behavior\ShowPageTraceBehavior [ RunTime:0.000625s ]
INFO: [ app_end ] --END-- [ RunTime:0.000676s ]

[ 2016-04-01T18:09:32+08:00 ] ::1 /paper/index.php/Home/Shangchuan/shangchuan.html
INFO: [ app_init ] --START--
INFO: Run Behavior\BuildLiteBehavior [ RunTime:0.000013s ]
INFO: [ app_init ] --END-- [ RunTime:0.000446s ]
INFO: [ app_begin ] --START--
INFO: Run Behavior\ReadHtmlCacheBehavior [ RunTime:0.000791s ]
INFO: [ app_begin ] --END-- [ RunTime:0.000869s ]
NOTIC: [8] Undefined index: name G:\xampp\htdocs\paper\Application\Home\Controller\ShangchuanController.class.php 第 6 行.
NOTIC: [2] Missing argument 1 for Think\Controller::show(), called in G:\xampp\htdocs\paper\Application\Home\Controller\ShangchuanController.class.php on line 10 and defined G:\xampp\htdocs\paper\ThinkPHP\Library\Think\Controller.class.php 第 68 行.
NOTIC: [8] Undefined variable: content G:\xampp\htdocs\paper\ThinkPHP\Library\Think\Controller.class.php 第 69 行.
INFO: [ view_parse ] --START--
INFO: [ template_filter ] --START--
INFO: Run Behavior\ContentReplaceBehavior [ RunTime:0.000049s ]
INFO: [ template_filter ] --END-- [ RunTime:0.000095s ]
INFO: Run Behavior\ParseTemplateBehavior [ RunTime:0.005540s ]
INFO: [ view_parse ] --END-- [ RunTime:0.005600s ]
INFO: [ view_filter ] --START--
INFO: Run Behavior\WriteHtmlCacheBehavior [ RunTime:0.000354s ]
INFO: [ view_filter ] --END-- [ RunTime:0.000389s ]
NOTIC: [8] Undefined index: file G:\xampp\htdocs\paper\Application\Home\Controller\ShangchuanController.class.php 第 21 行.
NOTIC: [8] A session had already been started - ignoring session_start() G:\xampp\htdocs\paper\Application\Home\Controller\ShangchuanController.class.php 第 25 行.
NOTIC: [8] Undefined index: name G:\xampp\htdocs\paper\Application\Home\Controller\ShangchuanController.class.php 第 27 行.
INFO: [ app_end ] --START--
INFO: Run Behavior\ShowPageTraceBehavior [ RunTime:0.000637s ]
INFO: [ app_end ] --END-- [ RunTime:0.000686s ]

[ 2016-04-01T18:09:33+08:00 ] ::1 /paper/index.php/Home/Denglu/denglu
INFO: [ app_init ] --START--
INFO: Run Behavior\BuildLiteBehavior [ RunTime:0.000019s ]
INFO: [ app_init ] --END-- [ RunTime:0.000545s ]
INFO: [ app_begin ] --START--
INFO: Run Behavior\ReadHtmlCacheBehavior [ RunTime:0.000667s ]
INFO: [ app_begin ] --END-- [ RunTime:0.000740s ]
NOTIC: [2] Missing argument 1 for Think\Controller::show(), called in G:\xampp\htdocs\paper\Application\Home\Controller\DengluController.class.php on line 6 and defined G:\xampp\htdocs\paper\ThinkPHP\Library\Think\Controller.class.php 第 68 行.
NOTIC: [8] Undefined variable: content G:\xampp\htdocs\paper\ThinkPHP\Library\Think\Controller.class.php 第 69 行.
INFO: [ view_parse ] --START--
INFO: [ template_filter ] --START--
INFO: Run Behavior\ContentReplaceBehavior [ RunTime:0.000045s ]
INFO: [ template_filter ] --END-- [ RunTime:0.000087s ]
INFO: Run Behavior\ParseTemplateBehavior [ RunTime:0.005457s ]
INFO: [ view_parse ] --END-- [ RunTime:0.005503s ]
INFO: [ view_filter ] --START--
INFO: Run Behavior\WriteHtmlCacheBehavior [ RunTime:0.000381s ]
INFO: [ view_filter ] --END-- [ RunTime:0.000418s ]
NOTIC: [8] A session had already been started - ignoring session_start() G:\xampp\htdocs\paper\Application\Home\Controller\DengluController.class.php 第 13 行.
INFO: [ app_end ] --START--
INFO: Run Behavior\ShowPageTraceBehavior [ RunTime:0.000639s ]
INFO: [ app_end ] --END-- [ RunTime:0.000691s ]

[ 2016-04-01T18:09:43+08:00 ] ::1 /paper/index.php/Home/Denglu/denglu
INFO: [ app_init ] --START--
INFO: Run Behavior\BuildLiteBehavior [ RunTime:0.000019s ]
INFO: [ app_init ] --END-- [ RunTime:0.000581s ]
INFO: [ app_begin ] --START--
INFO: Run Behavior\ReadHtmlCacheBehavior [ RunTime:0.000910s ]
INFO: [ app_begin ] --END-- [ RunTime:0.000997s ]
NOTIC: [2] Missing argument 1 for Think\Controller::show(), called in G:\xampp\htdocs\paper\Application\Home\Controller\DengluController.class.php on line 6 and defined G:\xampp\htdocs\paper\ThinkPHP\Library\Think\Controller.class.php 第 68 行.
NOTIC: [8] Undefined variable: content G:\xampp\htdocs\paper\ThinkPHP\Library\Think\Controller.class.php 第 69 行.
INFO: [ view_parse ] --START--
INFO: [ template_filter ] --START--
INFO: Run Behavior\ContentReplaceBehavior [ RunTime:0.000039s ]
INFO: [ template_filter ] --END-- [ RunTime:0.000076s ]
INFO: Run Behavior\ParseTemplateBehavior [ RunTime:0.004950s ]
INFO: [ view_parse ] --END-- [ RunTime:0.004989s ]
INFO: [ view_filter ] --START--
INFO: Run Behavior\WriteHtmlCacheBehavior [ RunTime:0.000331s ]
INFO: [ view_filter ] --END-- [ RunTime:0.000362s ]
NOTIC: [8] A session had already been started - ignoring session_start() G:\xampp\htdocs\paper\Application\Home\Controller\DengluController.class.php 第 13 行.
SQL: SELECT * FROM `user` WHERE ( name= 'www' )  [ RunTime:0.0023s ]
INFO: [ app_end ] --START--
INFO: Run Behavior\ShowPageTraceBehavior [ RunTime:0.002975s ]
INFO: [ app_end ] --END-- [ RunTime:0.003154s ]

[ 2016-04-01T18:09:46+08:00 ] ::1 /paper/index.php/Home/Shangchuan/shangchuan.html
INFO: [ app_init ] --START--
INFO: Run Behavior\BuildLiteBehavior [ RunTime:0.000013s ]
INFO: [ app_init ] --END-- [ RunTime:0.000445s ]
INFO: [ app_begin ] --START--
INFO: Run Behavior\ReadHtmlCacheBehavior [ RunTime:0.000525s ]
INFO: [ app_begin ] --END-- [ RunTime:0.000572s ]
NOTIC: [2] Missing argument 1 for Think\Controller::show(), called in G:\xampp\htdocs\paper\Application\Home\Controller\ShangchuanController.class.php on line 10 and defined G:\xampp\htdocs\paper\ThinkPHP\Library\Think\Controller.class.php 第 68 行.
NOTIC: [8] Undefined variable: content G:\xampp\htdocs\paper\ThinkPHP\Library\Think\Controller.class.php 第 69 行.
INFO: [ view_parse ] --START--
INFO: [ template_filter ] --START--
INFO: Run Behavior\ContentReplaceBehavior [ RunTime:0.000050s ]
INFO: [ template_filter ] --END-- [ RunTime:0.000094s ]
INFO: Run Behavior\ParseTemplateBehavior [ RunTime:0.005428s ]
INFO: [ view_parse ] --END-- [ RunTime:0.005473s ]
INFO: [ view_filter ] --START--
INFO: Run Behavior\WriteHtmlCacheBehavior [ RunTime:0.000358s ]
INFO: [ view_filter ] --END-- [ RunTime:0.000391s ]
NOTIC: [8] Undefined index: file G:\xampp\htdocs\paper\Application\Home\Controller\ShangchuanController.class.php 第 21 行.
NOTIC: [8] A session had already been started - ignoring session_start() G:\xampp\htdocs\paper\Application\Home\Controller\ShangchuanController.class.php 第 25 行.
INFO: [ app_end ] --START--
INFO: Run Behavior\ShowPageTraceBehavior [ RunTime:0.000736s ]
INFO: [ app_end ] --END-- [ RunTime:0.000817s ]

[ 2016-04-01T18:10:22+08:00 ] ::1 /paper/index.php/Home/Shangchuan/shangchuan
INFO: [ app_init ] --START--
INFO: Run Behavior\BuildLiteBehavior [ RunTime:0.000038s ]
INFO: [ app_init ] --END-- [ RunTime:0.001456s ]
INFO: [ app_begin ] --START--
INFO: Run Behavior\ReadHtmlCacheBehavior [ RunTime:0.002727s ]
INFO: [ app_begin ] --END-- [ RunTime:0.002929s ]
NOTIC: [2] Missing argument 1 for Think\Controller::show(), called in G:\xampp\htdocs\paper\Application\Home\Controller\ShangchuanController.class.php on line 10 and defined G:\xampp\htdocs\paper\ThinkPHP\Library\Think\Controller.class.php 第 68 行.
NOTIC: [8] Undefined variable: content G:\xampp\htdocs\paper\ThinkPHP\Library\Think\Controller.class.php 第 69 行.
INFO: [ view_parse ] --START--
INFO: [ template_filter ] --START--
INFO: Run Behavior\ContentReplaceBehavior [ RunTime:0.000167s ]
INFO: [ template_filter ] --END-- [ RunTime:0.000345s ]
INFO: Run Behavior\ParseTemplateBehavior [ RunTime:0.018221s ]
INFO: [ view_parse ] --END-- [ RunTime:0.018418s ]
INFO: [ view_filter ] --START--
INFO: Run Behavior\WriteHtmlCacheBehavior [ RunTime:0.001645s ]
INFO: [ view_filter ] --END-- [ RunTime:0.001804s ]
INFO: [ view_parse ] --START--
INFO: [ template_filter ] --START--
INFO: Run Behavior\ContentReplaceBehavior [ RunTime:0.000082s ]
INFO: [ template_filter ] --END-- [ RunTime:-0.177166s ]
INFO: Run Behavior\ParseTemplateBehavior [ RunTime:0.008173s ]
INFO: [ view_parse ] --END-- [ RunTime:-0.168232s ]
INFO: [ view_filter ] --START--
INFO: Run Behavior\WriteHtmlCacheBehavior [ RunTime:0.000032s ]
INFO: [ view_filter ] --END-- [ RunTime:-0.174639s ]
NOTIC: [2] Cannot modify header information - headers already sent by (output started at G:\xampp\htdocs\paper\ThinkPHP\Library\Think\View.class.php:95) G:\xampp\htdocs\paper\ThinkPHP\Library\Think\View.class.php 第 91 行.
NOTIC: [2] Cannot modify header information - headers already sent by (output started at G:\xampp\htdocs\paper\ThinkPHP\Library\Think\View.class.php:95) G:\xampp\htdocs\paper\ThinkPHP\Library\Think\View.class.php 第 92 行.
NOTIC: [2] Cannot modify header information - headers already sent by (output started at G:\xampp\htdocs\paper\ThinkPHP\Library\Think\View.class.php:95) G:\xampp\htdocs\paper\ThinkPHP\Library\Think\View.class.php 第 93 行.

[ 2016-04-01T18:14:54+08:00 ] ::1 /paper/index.php/Home/Index/index.html
INFO: [ app_init ] --START--
INFO: Run Behavior\BuildLiteBehavior [ RunTime:0.000014s ]
INFO: [ app_init ] --END-- [ RunTime:0.000475s ]
INFO: [ app_begin ] --START--
INFO: Run Behavior\ReadHtmlCacheBehavior [ RunTime:0.000589s ]
INFO: [ app_begin ] --END-- [ RunTime:0.000640s ]
NOTIC: [2] Missing argument 1 for Think\Controller::show(), called in G:\xampp\htdocs\paper\Application\Home\Controller\IndexController.class.php on line 6 and defined G:\xampp\htdocs\paper\ThinkPHP\Library\Think\Controller.class.php 第 68 行.
NOTIC: [8] Undefined variable: content G:\xampp\htdocs\paper\ThinkPHP\Library\Think\Controller.class.php 第 69 行.
INFO: [ view_parse ] --START--
INFO: [ template_filter ] --START--
INFO: Run Behavior\ContentReplaceBehavior [ RunTime:0.000063s ]
INFO: [ template_filter ] --END-- [ RunTime:0.000107s ]
INFO: Run Behavior\ParseTemplateBehavior [ RunTime:0.006066s ]
INFO: [ view_parse ] --END-- [ RunTime:0.006112s ]
INFO: [ view_filter ] --START--
INFO: Run Behavior\WriteHtmlCacheBehavior [ RunTime:0.000433s ]
INFO: [ view_filter ] --END-- [ RunTime:0.000469s ]
INFO: [ app_end ] --START--
INFO: Run Behavior\ShowPageTraceBehavior [ RunTime:0.000647s ]
INFO: [ app_end ] --END-- [ RunTime:0.000770s ]

[ 2016-04-01T18:14:56+08:00 ] ::1 /paper/index.php/Home/Shangchuan/shangchuan.html
INFO: [ app_init ] --START--
INFO: Run Behavior\BuildLiteBehavior [ RunTime:0.000013s ]
INFO: [ app_init ] --END-- [ RunTime:0.000408s ]
INFO: [ app_begin ] --START--
INFO: Run Behavior\ReadHtmlCacheBehavior [ RunTime:0.000528s ]
INFO: [ app_begin ] --END-- [ RunTime:0.000576s ]
NOTIC: [2] Missing argument 1 for Think\Controller::show(), called in G:\xampp\htdocs\paper\Application\Home\Controller\ShangchuanController.class.php on line 10 and defined G:\xampp\htdocs\paper\ThinkPHP\Library\Think\Controller.class.php 第 68 行.
NOTIC: [8] Undefined variable: content G:\xampp\htdocs\paper\ThinkPHP\Library\Think\Controller.class.php 第 69 行.
INFO: [ view_parse ] --START--
INFO: [ template_filter ] --START--
INFO: Run Behavior\ContentReplaceBehavior [ RunTime:0.000048s ]
INFO: [ template_filter ] --END-- [ RunTime:0.000093s ]
INFO: Run Behavior\ParseTemplateBehavior [ RunTime:0.005470s ]
INFO: [ view_parse ] --END-- [ RunTime:0.005515s ]
INFO: [ view_filter ] --START--
INFO: Run Behavior\WriteHtmlCacheBehavior [ RunTime:0.000350s ]
INFO: [ view_filter ] --END-- [ RunTime:0.000385s ]
NOTIC: [8] Undefined index: file G:\xampp\htdocs\paper\Application\Home\Controller\ShangchuanController.class.php 第 21 行.
NOTIC: [8] A session had already been started - ignoring session_start() G:\xampp\htdocs\paper\Application\Home\Controller\ShangchuanController.class.php 第 25 行.
INFO: [ app_end ] --START--
INFO: Run Behavior\ShowPageTraceBehavior [ RunTime:0.000557s ]
INFO: [ app_end ] --END-- [ RunTime:0.000603s ]

[ 2016-04-01T18:15:16+08:00 ] ::1 /paper/index.php/Home/Shangchuan/shangchuan
INFO: [ app_init ] --START--
INFO: Run Behavior\BuildLiteBehavior [ RunTime:0.000021s ]
INFO: [ app_init ] --END-- [ RunTime:0.000780s ]
INFO: [ app_begin ] --START--
INFO: Run Behavior\ReadHtmlCacheBehavior [ RunTime:0.002591s ]
INFO: [ app_begin ] --END-- [ RunTime:0.003082s ]
NOTIC: [2] Missing argument 1 for Think\Controller::show(), called in G:\xampp\htdocs\paper\Application\Home\Controller\ShangchuanController.class.php on line 10 and defined G:\xampp\htdocs\paper\ThinkPHP\Library\Think\Controller.class.php 第 68 行.
NOTIC: [8] Undefined variable: content G:\xampp\htdocs\paper\ThinkPHP\Library\Think\Controller.class.php 第 69 行.
INFO: [ view_parse ] --START--
INFO: [ template_filter ] --START--
INFO: Run Behavior\ContentReplaceBehavior [ RunTime:0.000068s ]
INFO: [ template_filter ] --END-- [ RunTime:0.000138s ]
INFO: Run Behavior\ParseTemplateBehavior [ RunTime:0.005239s ]
INFO: [ view_parse ] --END-- [ RunTime:0.005294s ]
INFO: [ view_filter ] --START--
INFO: Run Behavior\WriteHtmlCacheBehavior [ RunTime:0.000300s ]
INFO: [ view_filter ] --END-- [ RunTime:0.000330s ]
NOTIC: [2] Creating default object from empty value G:\xampp\htdocs\paper\Application\Home\Controller\ShangchuanController.class.php 第 48 行.
INFO: [ view_parse ] --START--
INFO: [ template_filter ] --START--
INFO: Run Behavior\ContentReplaceBehavior [ RunTime:0.000082s ]
INFO: [ template_filter ] --END-- [ RunTime:-0.110049s ]
INFO: Run Behavior\ParseTemplateBehavior [ RunTime:0.003838s ]
INFO: [ view_parse ] --END-- [ RunTime:-0.107009s ]
INFO: [ view_filter ] --START--
INFO: Run Behavior\WriteHtmlCacheBehavior [ RunTime:0.000024s ]
INFO: [ view_filter ] --END-- [ RunTime:-0.110653s ]
NOTIC: [2] Cannot modify header information - headers already sent by (output started at G:\xampp\htdocs\paper\ThinkPHP\Library\Think\View.class.php:95) G:\xampp\htdocs\paper\ThinkPHP\Library\Think\View.class.php 第 91 行.
NOTIC: [2] Cannot modify header information - headers already sent by (output started at G:\xampp\htdocs\paper\ThinkPHP\Library\Think\View.class.php:95) G:\xampp\htdocs\paper\ThinkPHP\Library\Think\View.class.php 第 92 行.
NOTIC: [2] Cannot modify header information - headers already sent by (output started at G:\xampp\htdocs\paper\ThinkPHP\Library\Think\View.class.php:95) G:\xampp\htdocs\paper\ThinkPHP\Library\Think\View.class.php 第 93 行.

[ 2016-04-01T18:15:39+08:00 ] ::1 /paper/index.php/Home/Shangchuan/shangchuan
INFO: [ app_init ] --START--
INFO: Run Behavior\BuildLiteBehavior [ RunTime:0.000094s ]
INFO: [ app_init ] --END-- [ RunTime:0.001328s ]
INFO: [ app_begin ] --START--
INFO: Run Behavior\ReadHtmlCacheBehavior [ RunTime:0.000810s ]
INFO: [ app_begin ] --END-- [ RunTime:0.000896s ]
NOTIC: [2] Missing argument 1 for Think\Controller::show(), called in G:\xampp\htdocs\paper\Application\Home\Controller\ShangchuanController.class.php on line 10 and defined G:\xampp\htdocs\paper\ThinkPHP\Library\Think\Controller.class.php 第 68 行.
NOTIC: [8] Undefined variable: content G:\xampp\htdocs\paper\ThinkPHP\Library\Think\Controller.class.php 第 69 行.
INFO: [ view_parse ] --START--
INFO: [ template_filter ] --START--
INFO: Run Behavior\ContentReplaceBehavior [ RunTime:0.000077s ]
INFO: [ template_filter ] --END-- [ RunTime:0.000148s ]
INFO: Run Behavior\ParseTemplateBehavior [ RunTime:0.009915s ]
INFO: [ view_parse ] --END-- [ RunTime:0.009994s ]
INFO: [ view_filter ] --START--
INFO: Run Behavior\WriteHtmlCacheBehavior [ RunTime:0.000576s ]
INFO: [ view_filter ] --END-- [ RunTime:0.000636s ]
NOTIC: [2] call_user_func() expects parameter 1 to be a valid callback, no array or string given G:\xampp\htdocs\paper\ThinkPHP\Library\Think\Upload.class.php 第 170 行.
INFO: [ view_parse ] --START--
INFO: [ template_filter ] --START--
INFO: Run Behavior\ContentReplaceBehavior [ RunTime:0.000026s ]
INFO: [ template_filter ] --END-- [ RunTime:-0.140437s ]
INFO: Run Behavior\ParseTemplateBehavior [ RunTime:0.002345s ]
INFO: [ view_parse ] --END-- [ RunTime:-0.137882s ]
INFO: [ view_filter ] --START--
INFO: Run Behavior\WriteHtmlCacheBehavior [ RunTime:0.000011s ]
INFO: [ view_filter ] --END-- [ RunTime:-0.139645s ]
NOTIC: [2] Cannot modify header information - headers already sent by (output started at G:\xampp\htdocs\paper\ThinkPHP\Library\Think\View.class.php:95) G:\xampp\htdocs\paper\ThinkPHP\Library\Think\View.class.php 第 91 行.
NOTIC: [2] Cannot modify header information - headers already sent by (output started at G:\xampp\htdocs\paper\ThinkPHP\Library\Think\View.class.php:95) G:\xampp\htdocs\paper\ThinkPHP\Library\Think\View.class.php 第 92 行.
NOTIC: [2] Cannot modify header information - headers already sent by (output started at G:\xampp\htdocs\paper\ThinkPHP\Library\Think\View.class.php:95) G:\xampp\htdocs\paper\ThinkPHP\Library\Think\View.class.php 第 93 行.
NOTIC: [8] A session had already been started - ignoring session_start() G:\xampp\htdocs\paper\Application\Home\Controller\ShangchuanController.class.php 第 25 行.
SQL: INSERT INTO `wenzi` (`title`,`content`,`keyword`,`value`,`ctime`,`up`) VALUES ('aaa','aaaa','aaa','10','2016-04-01 18:15:39','www') [ RunTime:0.2019s ]
INFO: [ app_end ] --START--
INFO: Run Behavior\ShowPageTraceBehavior [ RunTime:0.002843s ]
INFO: [ app_end ] --END-- [ RunTime:0.002993s ]

[ 2016-04-01T18:15:42+08:00 ] ::1 /paper/index.php/Home/Shangchuan/shangchuan.html
INFO: [ app_init ] --START--
INFO: Run Behavior\BuildLiteBehavior [ RunTime:0.000026s ]
INFO: [ app_init ] --END-- [ RunTime:0.002136s ]
INFO: [ app_begin ] --START--
INFO: Run Behavior\ReadHtmlCacheBehavior [ RunTime:0.001526s ]
INFO: [ app_begin ] --END-- [ RunTime:0.001622s ]
NOTIC: [2] Missing argument 1 for Think\Controller::show(), called in G:\xampp\htdocs\paper\Application\Home\Controller\ShangchuanController.class.php on line 10 and defined G:\xampp\htdocs\paper\ThinkPHP\Library\Think\Controller.class.php 第 68 行.
NOTIC: [8] Undefined variable: content G:\xampp\htdocs\paper\ThinkPHP\Library\Think\Controller.class.php 第 69 行.
INFO: [ view_parse ] --START--
INFO: [ template_filter ] --START--
INFO: Run Behavior\ContentReplaceBehavior [ RunTime:0.000094s ]
INFO: [ template_filter ] --END-- [ RunTime:0.000188s ]
INFO: Run Behavior\ParseTemplateBehavior [ RunTime:0.020081s ]
INFO: [ view_parse ] --END-- [ RunTime:0.020438s ]
INFO: [ view_filter ] --START--
INFO: Run Behavior\WriteHtmlCacheBehavior [ RunTime:0.001500s ]
INFO: [ view_filter ] --END-- [ RunTime:0.001776s ]
NOTIC: [8] Undefined index: file G:\xampp\htdocs\paper\Application\Home\Controller\ShangchuanController.class.php 第 21 行.
NOTIC: [8] A session had already been started - ignoring session_start() G:\xampp\htdocs\paper\Application\Home\Controller\ShangchuanController.class.php 第 25 行.
INFO: [ app_end ] --START--
INFO: Run Behavior\ShowPageTraceBehavior [ RunTime:0.002087s ]
INFO: [ app_end ] --END-- [ RunTime:0.002189s ]

[ 2016-04-01T18:18:24+08:00 ] ::1 /paper/index.php/Home/Shangchuan/shangchuan
INFO: [ app_init ] --START--
INFO: Run Behavior\BuildLiteBehavior [ RunTime:0.000012s ]
INFO: [ app_init ] --END-- [ RunTime:0.000475s ]
INFO: [ app_begin ] --START--
INFO: Run Behavior\ReadHtmlCacheBehavior [ RunTime:0.000572s ]
INFO: [ app_begin ] --END-- [ RunTime:0.000612s ]
NOTIC: [2] Missing argument 1 for Think\Controller::show(), called in G:\xampp\htdocs\paper\Application\Home\Controller\ShangchuanController.class.php on line 10 and defined G:\xampp\htdocs\paper\ThinkPHP\Library\Think\Controller.class.php 第 68 行.
NOTIC: [8] Undefined variable: content G:\xampp\htdocs\paper\ThinkPHP\Library\Think\Controller.class.php 第 69 行.
INFO: [ view_parse ] --START--
INFO: [ template_filter ] --START--
INFO: Run Behavior\ContentReplaceBehavior [ RunTime:0.000043s ]
INFO: [ template_filter ] --END-- [ RunTime:0.000087s ]
INFO: Run Behavior\ParseTemplateBehavior [ RunTime:0.005716s ]
INFO: [ view_parse ] --END-- [ RunTime:0.005754s ]
INFO: [ view_filter ] --START--
INFO: Run Behavior\WriteHtmlCacheBehavior [ RunTime:0.000492s ]
INFO: [ view_filter ] --END-- [ RunTime:0.000522s ]
NOTIC: [2] call_user_func() expects parameter 1 to be a valid callback, no array or string given G:\xampp\htdocs\paper\ThinkPHP\Library\Think\Upload.class.php 第 170 行.
INFO: [ view_parse ] --START--
INFO: [ template_filter ] --START--
INFO: Run Behavior\ContentReplaceBehavior [ RunTime:0.000082s ]
INFO: [ template_filter ] --END-- [ RunTime:-0.147984s ]
INFO: Run Behavior\ParseTemplateBehavior [ RunTime:0.006437s ]
INFO: [ view_parse ] --END-- [ RunTime:-0.143598s ]
INFO: [ view_filter ] --START--
INFO: Run Behavior\WriteHtmlCacheBehavior [ RunTime:0.000031s ]
INFO: [ view_filter ] --END-- [ RunTime:-0.149746s ]
NOTIC: [2] Cannot modify header information - headers already sent by (output started at G:\xampp\htdocs\paper\ThinkPHP\Library\Think\View.class.php:95) G:\xampp\htdocs\paper\ThinkPHP\Library\Think\View.class.php 第 91 行.
NOTIC: [2] Cannot modify header information - headers already sent by (output started at G:\xampp\htdocs\paper\ThinkPHP\Library\Think\View.class.php:95) G:\xampp\htdocs\paper\ThinkPHP\Library\Think\View.class.php 第 92 行.
NOTIC: [2] Cannot modify header information - headers already sent by (output started at G:\xampp\htdocs\paper\ThinkPHP\Library\Think\View.class.php:95) G:\xampp\htdocs\paper\ThinkPHP\Library\Think\View.class.php 第 93 行.
NOTIC: [8] A session had already been started - ignoring session_start() G:\xampp\htdocs\paper\Application\Home\Controller\ShangchuanController.class.php 第 25 行.
SQL: INSERT INTO `wenzi` (`title`,`content`,`keyword`,`value`,`ctime`,`up`) VALUES ('bbb','bbb','bbb','10','2016-04-01 18:18:24','www') [ RunTime:0.2056s ]
INFO: [ app_end ] --START--
INFO: Run Behavior\ShowPageTraceBehavior [ RunTime:0.002157s ]
INFO: [ app_end ] --END-- [ RunTime:0.002294s ]

[ 2016-04-01T18:18:32+08:00 ] ::1 /paper/index.php/Home/Shangchuan/shangchuan.html
INFO: [ app_init ] --START--
INFO: Run Behavior\BuildLiteBehavior [ RunTime:0.000037s ]
INFO: [ app_init ] --END-- [ RunTime:0.001421s ]
INFO: [ app_begin ] --START--
INFO: Run Behavior\ReadHtmlCacheBehavior [ RunTime:0.001892s ]
INFO: [ app_begin ] --END-- [ RunTime:0.002059s ]
NOTIC: [2] Missing argument 1 for Think\Controller::show(), called in G:\xampp\htdocs\paper\Application\Home\Controller\ShangchuanController.class.php on line 10 and defined G:\xampp\htdocs\paper\ThinkPHP\Library\Think\Controller.class.php 第 68 行.
NOTIC: [8] Undefined variable: content G:\xampp\htdocs\paper\ThinkPHP\Library\Think\Controller.class.php 第 69 行.
INFO: [ view_parse ] --START--
INFO: [ template_filter ] --START--
INFO: Run Behavior\ContentReplaceBehavior [ RunTime:0.000153s ]
INFO: [ template_filter ] --END-- [ RunTime:0.000293s ]
INFO: Run Behavior\ParseTemplateBehavior [ RunTime:0.019503s ]
INFO: [ view_parse ] --END-- [ RunTime:0.019652s ]
INFO: [ view_filter ] --START--
INFO: Run Behavior\WriteHtmlCacheBehavior [ RunTime:0.001302s ]
INFO: [ view_filter ] --END-- [ RunTime:0.001411s ]
NOTIC: [8] Undefined index: file G:\xampp\htdocs\paper\Application\Home\Controller\ShangchuanController.class.php 第 21 行.
NOTIC: [8] A session had already been started - ignoring session_start() G:\xampp\htdocs\paper\Application\Home\Controller\ShangchuanController.class.php 第 25 行.
INFO: [ app_end ] --START--
INFO: Run Behavior\ShowPageTraceBehavior [ RunTime:0.001972s ]
INFO: [ app_end ] --END-- [ RunTime:0.002119s ]

[ 2016-04-01T18:30:33+08:00 ] ::1 /paper/index.php/Home/Shangchuan/shangchuan
INFO: [ app_init ] --START--
INFO: Run Behavior\BuildLiteBehavior [ RunTime:0.000013s ]
INFO: [ app_init ] --END-- [ RunTime:0.000478s ]
INFO: [ app_begin ] --START--
INFO: Run Behavior\ReadHtmlCacheBehavior [ RunTime:0.000673s ]
INFO: [ app_begin ] --END-- [ RunTime:0.000725s ]
NOTIC: [2] Missing argument 1 for Think\Controller::show(), called in G:\xampp\htdocs\paper\Application\Home\Controller\ShangchuanController.class.php on line 10 and defined G:\xampp\htdocs\paper\ThinkPHP\Library\Think\Controller.class.php 第 68 行.
NOTIC: [8] Undefined variable: content G:\xampp\htdocs\paper\ThinkPHP\Library\Think\Controller.class.php 第 69 行.
INFO: [ view_parse ] --START--
INFO: [ template_filter ] --START--
INFO: Run Behavior\ContentReplaceBehavior [ RunTime:0.000052s ]
INFO: [ template_filter ] --END-- [ RunTime:0.000101s ]
INFO: Run Behavior\ParseTemplateBehavior [ RunTime:0.006598s ]
INFO: [ view_parse ] --END-- [ RunTime:0.006650s ]
INFO: [ view_filter ] --START--
INFO: Run Behavior\WriteHtmlCacheBehavior [ RunTime:0.000512s ]
INFO: [ view_filter ] --END-- [ RunTime:0.000551s ]
NOTIC: [8] A session had already been started - ignoring session_start() G:\xampp\htdocs\paper\Application\Home\Controller\ShangchuanController.class.php 第 25 行.
INFO: [ app_end ] --START--
INFO: Run Behavior\ShowPageTraceBehavior [ RunTime:0.000712s ]
INFO: [ app_end ] --END-- [ RunTime:0.000759s ]

[ 2016-04-01T18:31:11+08:00 ] ::1 /paper/index.php/Home/Shangchuan/shangchuan
INFO: [ app_init ] --START--
INFO: Run Behavior\BuildLiteBehavior [ RunTime:0.000012s ]
INFO: [ app_init ] --END-- [ RunTime:0.000473s ]
INFO: [ app_begin ] --START--
INFO: Run Behavior\ReadHtmlCacheBehavior [ RunTime:0.000866s ]
INFO: [ app_begin ] --END-- [ RunTime:0.000947s ]
NOTIC: [2] Missing argument 1 for Think\Controller::show(), called in G:\xampp\htdocs\paper\Application\Home\Controller\ShangchuanController.class.php on line 10 and defined G:\xampp\htdocs\paper\ThinkPHP\Library\Think\Controller.class.php 第 68 行.
NOTIC: [8] Undefined variable: content G:\xampp\htdocs\paper\ThinkPHP\Library\Think\Controller.class.php 第 69 行.
INFO: [ view_parse ] --START--
INFO: [ template_filter ] --START--
INFO: Run Behavior\ContentReplaceBehavior [ RunTime:0.000084s ]
INFO: [ template_filter ] --END-- [ RunTime:0.000160s ]
INFO: Run Behavior\ParseTemplateBehavior [ RunTime:0.009545s ]
INFO: [ view_parse ] --END-- [ RunTime:0.009616s ]
INFO: [ view_filter ] --START--
INFO: Run Behavior\WriteHtmlCacheBehavior [ RunTime:0.000633s ]
INFO: [ view_filter ] --END-- [ RunTime:0.000691s ]
NOTIC: [8] A session had already been started - ignoring session_start() G:\xampp\htdocs\paper\Application\Home\Controller\ShangchuanController.class.php 第 25 行.
INFO: [ view_parse ] --START--
INFO: [ template_filter ] --START--
INFO: Run Behavior\ContentReplaceBehavior [ RunTime:0.000067s ]
INFO: [ template_filter ] --END-- [ RunTime:-0.015647s ]
INFO: Run Behavior\ParseTemplateBehavior [ RunTime:0.003995s ]
INFO: [ view_parse ] --END-- [ RunTime:-0.012935s ]
INFO: [ view_filter ] --START--
INFO: Run Behavior\WriteHtmlCacheBehavior [ RunTime:0.000023s ]
INFO: [ view_filter ] --END-- [ RunTime:-0.016361s ]
NOTIC: [2] Cannot modify header information - headers already sent by (output started at G:\xampp\htdocs\paper\ThinkPHP\Library\Think\View.class.php:95) G:\xampp\htdocs\paper\ThinkPHP\Library\Think\View.class.php 第 91 行.
NOTIC: [2] Cannot modify header information - headers already sent by (output started at G:\xampp\htdocs\paper\ThinkPHP\Library\Think\View.class.php:95) G:\xampp\htdocs\paper\ThinkPHP\Library\Think\View.class.php 第 92 行.
NOTIC: [2] Cannot modify header information - headers already sent by (output started at G:\xampp\htdocs\paper\ThinkPHP\Library\Think\View.class.php:95) G:\xampp\htdocs\paper\ThinkPHP\Library\Think\View.class.php 第 93 行.
NOTIC: [2] call_user_func() expects parameter 1 to be a valid callback, no array or string given G:\xampp\htdocs\paper\ThinkPHP\Library\Think\Upload.class.php 第 170 行.
INFO: [ view_parse ] --START--
INFO: [ template_filter ] --START--
INFO: Run Behavior\ContentReplaceBehavior [ RunTime:0.000038s ]
INFO: [ template_filter ] --END-- [ RunTime:-0.028469s ]
INFO: Run Behavior\ParseTemplateBehavior [ RunTime:0.003820s ]
INFO: [ view_parse ] --END-- [ RunTime:-0.024619s ]
INFO: [ view_filter ] --START--
INFO: Run Behavior\WriteHtmlCacheBehavior [ RunTime:0.000013s ]
INFO: [ view_filter ] --END-- [ RunTime:-0.027812s ]
NOTIC: [2] Cannot modify header information - headers already sent by (output started at G:\xampp\htdocs\paper\ThinkPHP\Library\Think\View.class.php:95) G:\xampp\htdocs\paper\ThinkPHP\Library\Think\View.class.php 第 91 行.
NOTIC: [2] Cannot modify header information - headers already sent by (output started at G:\xampp\htdocs\paper\ThinkPHP\Library\Think\View.class.php:95) G:\xampp\htdocs\paper\ThinkPHP\Library\Think\View.class.php 第 92 行.
NOTIC: [2] Cannot modify header information - headers already sent by (output started at G:\xampp\htdocs\paper\ThinkPHP\Library\Think\View.class.php:95) G:\xampp\htdocs\paper\ThinkPHP\Library\Think\View.class.php 第 93 行.
SQL: INSERT INTO `wenzi` (`title`,`content`,`keyword`,`value`,`ctime`,`up`) VALUES ('汇编作业','汇编的代码','代码','10','2016-04-01 18:31:10','www') [ RunTime:0.0695s ]
INFO: [ app_end ] --START--
INFO: Run Behavior\ShowPageTraceBehavior [ RunTime:0.000880s ]
INFO: [ app_end ] --END-- [ RunTime:0.000940s ]

[ 2016-04-01T18:31:14+08:00 ] ::1 /paper/index.php/Home/Shangchuan/shangchuan.html
INFO: [ app_init ] --START--
INFO: Run Behavior\BuildLiteBehavior [ RunTime:0.000024s ]
INFO: [ app_init ] --END-- [ RunTime:0.000813s ]
INFO: [ app_begin ] --START--
INFO: Run Behavior\ReadHtmlCacheBehavior [ RunTime:0.001138s ]
INFO: [ app_begin ] --END-- [ RunTime:0.001249s ]
NOTIC: [2] Missing argument 1 for Think\Controller::show(), called in G:\xampp\htdocs\paper\Application\Home\Controller\ShangchuanController.class.php on line 10 and defined G:\xampp\htdocs\paper\ThinkPHP\Library\Think\Controller.class.php 第 68 行.
NOTIC: [8] Undefined variable: content G:\xampp\htdocs\paper\ThinkPHP\Library\Think\Controller.class.php 第 69 行.
INFO: [ view_parse ] --START--
INFO: [ template_filter ] --START--
INFO: Run Behavior\ContentReplaceBehavior [ RunTime:0.000092s ]
INFO: [ template_filter ] --END-- [ RunTime:0.000185s ]
INFO: Run Behavior\ParseTemplateBehavior [ RunTime:0.013540s ]
INFO: [ view_parse ] --END-- [ RunTime:0.013698s ]
INFO: [ view_filter ] --START--
INFO: Run Behavior\WriteHtmlCacheBehavior [ RunTime:0.001783s ]
INFO: [ view_filter ] --END-- [ RunTime:0.001964s ]
NOTIC: [8] A session had already been started - ignoring session_start() G:\xampp\htdocs\paper\Application\Home\Controller\ShangchuanController.class.php 第 25 行.
INFO: [ app_end ] --START--
INFO: Run Behavior\ShowPageTraceBehavior [ RunTime:0.001129s ]
INFO: [ app_end ] --END-- [ RunTime:0.001239s ]

[ 2016-04-01T18:44:18+08:00 ] ::1 /paper/index.php/Home/Shangchuan/shangchuan
INFO: [ app_init ] --START--
INFO: Run Behavior\BuildLiteBehavior [ RunTime:0.000017s ]
INFO: [ app_init ] --END-- [ RunTime:0.000564s ]
INFO: [ app_begin ] --START--
INFO: Run Behavior\ReadHtmlCacheBehavior [ RunTime:0.000643s ]
INFO: [ app_begin ] --END-- [ RunTime:0.000702s ]
NOTIC: [2] Missing argument 1 for Think\Controller::show(), called in G:\xampp\htdocs\paper\Application\Home\Controller\ShangchuanController.class.php on line 10 and defined G:\xampp\htdocs\paper\ThinkPHP\Library\Think\Controller.class.php 第 68 行.
NOTIC: [8] Undefined variable: content G:\xampp\htdocs\paper\ThinkPHP\Library\Think\Controller.class.php 第 69 行.
INFO: [ view_parse ] --START--
INFO: [ template_filter ] --START--
INFO: Run Behavior\ContentReplaceBehavior [ RunTime:0.000046s ]
INFO: [ template_filter ] --END-- [ RunTime:0.000096s ]
INFO: Run Behavior\ParseTemplateBehavior [ RunTime:0.006105s ]
INFO: [ view_parse ] --END-- [ RunTime:0.006161s ]
INFO: [ view_filter ] --START--
INFO: Run Behavior\WriteHtmlCacheBehavior [ RunTime:0.000440s ]
INFO: [ view_filter ] --END-- [ RunTime:0.000485s ]
NOTIC: [8] A session had already been started - ignoring session_start() G:\xampp\htdocs\paper\Application\Home\Controller\ShangchuanController.class.php 第 25 行.
INFO: [ view_parse ] --START--
INFO: Run Behavior\ParseTemplateBehavior [ RunTime:0.000268s ]
INFO: [ view_parse ] --END-- [ RunTime:-0.008348s ]
INFO: [ view_filter ] --START--
INFO: Run Behavior\WriteHtmlCacheBehavior [ RunTime:0.000008s ]
INFO: [ view_filter ] --END-- [ RunTime:-0.008161s ]
NOTIC: [2] Cannot modify header information - headers already sent by (output started at G:\xampp\htdocs\paper\ThinkPHP\Library\Think\View.class.php:95) G:\xampp\htdocs\paper\ThinkPHP\Library\Think\View.class.php 第 91 行.
NOTIC: [2] Cannot modify header information - headers already sent by (output started at G:\xampp\htdocs\paper\ThinkPHP\Library\Think\View.class.php:95) G:\xampp\htdocs\paper\ThinkPHP\Library\Think\View.class.php 第 92 行.
NOTIC: [2] Cannot modify header information - headers already sent by (output started at G:\xampp\htdocs\paper\ThinkPHP\Library\Think\View.class.php:95) G:\xampp\htdocs\paper\ThinkPHP\Library\Think\View.class.php 第 93 行.
NOTIC: [2] call_user_func() expects parameter 1 to be a valid callback, no array or string given G:\xampp\htdocs\paper\ThinkPHP\Library\Think\Upload.class.php 第 170 行.
INFO: [ view_parse ] --START--
INFO: [ template_filter ] --START--
INFO: Run Behavior\ContentReplaceBehavior [ RunTime:0.000026s ]
INFO: [ template_filter ] --END-- [ RunTime:-0.019753s ]
INFO: Run Behavior\ParseTemplateBehavior [ RunTime:0.004711s ]
INFO: [ view_parse ] --END-- [ RunTime:-0.014999s ]
INFO: [ view_filter ] --START--
INFO: Run Behavior\WriteHtmlCacheBehavior [ RunTime:0.000019s ]
INFO: [ view_filter ] --END-- [ RunTime:-0.019300s ]
NOTIC: [2] Cannot modify header information - headers already sent by (output started at G:\xampp\htdocs\paper\ThinkPHP\Library\Think\View.class.php:95) G:\xampp\htdocs\paper\ThinkPHP\Library\Think\View.class.php 第 91 行.
NOTIC: [2] Cannot modify header information - headers already sent by (output started at G:\xampp\htdocs\paper\ThinkPHP\Library\Think\View.class.php:95) G:\xampp\htdocs\paper\ThinkPHP\Library\Think\View.class.php 第 92 行.
NOTIC: [2] Cannot modify header information - headers already sent by (output started at G:\xampp\htdocs\paper\ThinkPHP\Library\Think\View.class.php:95) G:\xampp\htdocs\paper\ThinkPHP\Library\Think\View.class.php 第 93 行.
SQL: INSERT INTO `wenzi` (`title`,`content`,`keyword`,`value`,`ctime`,`up`) VALUES ('huibian','汇编的代码','huibian','10','2016-04-01 18:44:18','www') [ RunTime:0.1555s ]
INFO: [ app_end ] --START--
INFO: Run Behavior\ShowPageTraceBehavior [ RunTime:0.002616s ]
INFO: [ app_end ] --END-- [ RunTime:0.002790s ]

[ 2016-04-01T18:44:21+08:00 ] ::1 /paper/index.php/Home/Shangchuan/shangchuan.html
INFO: [ app_init ] --START--
INFO: Run Behavior\BuildLiteBehavior [ RunTime:0.000045s ]
INFO: [ app_init ] --END-- [ RunTime:0.001106s ]
INFO: [ app_begin ] --START--
INFO: Run Behavior\ReadHtmlCacheBehavior [ RunTime:0.001230s ]
INFO: [ app_begin ] --END-- [ RunTime:0.001329s ]
NOTIC: [2] Missing argument 1 for Think\Controller::show(), called in G:\xampp\htdocs\paper\Application\Home\Controller\ShangchuanController.class.php on line 10 and defined G:\xampp\htdocs\paper\ThinkPHP\Library\Think\Controller.class.php 第 68 行.
NOTIC: [8] Undefined variable: content G:\xampp\htdocs\paper\ThinkPHP\Library\Think\Controller.class.php 第 69 行.
INFO: [ view_parse ] --START--
INFO: [ template_filter ] --START--
INFO: Run Behavior\ContentReplaceBehavior [ RunTime:0.000088s ]
INFO: [ template_filter ] --END-- [ RunTime:0.000175s ]
INFO: Run Behavior\ParseTemplateBehavior [ RunTime:0.012075s ]
INFO: [ view_parse ] --END-- [ RunTime:0.012159s ]
INFO: [ view_filter ] --START--
INFO: Run Behavior\WriteHtmlCacheBehavior [ RunTime:0.000915s ]
INFO: [ view_filter ] --END-- [ RunTime:0.000985s ]
NOTIC: [8] A session had already been started - ignoring session_start() G:\xampp\htdocs\paper\Application\Home\Controller\ShangchuanController.class.php 第 25 行.
INFO: [ app_end ] --START--
INFO: Run Behavior\ShowPageTraceBehavior [ RunTime:0.001333s ]
INFO: [ app_end ] --END-- [ RunTime:0.001421s ]

