[ 2016-04-03T13:59:41+08:00 ] ::1 /paper/
INFO: [ app_init ] --START--
INFO: Run Behavior\BuildLiteBehavior [ RunTime:0.000065s ]
INFO: [ app_init ] --END-- [ RunTime:0.146577s ]
INFO: [ app_begin ] --START--
INFO: Run Behavior\ReadHtmlCacheBehavior [ RunTime:0.041359s ]
INFO: [ app_begin ] --END-- [ RunTime:0.041585s ]
NOTIC: [2] Missing argument 1 for Think\Controller::show(), called in G:\xampp\htdocs\paper\Application\Home\Controller\IndexController.class.php on line 6 and defined G:\xampp\htdocs\paper\ThinkPHP\Library\Think\Controller.class.php 第 68 行.
NOTIC: [8] Undefined variable: content G:\xampp\htdocs\paper\ThinkPHP\Library\Think\Controller.class.php 第 69 行.
INFO: [ view_parse ] --START--
INFO: [ template_filter ] --START--
INFO: Run Behavior\ContentReplaceBehavior [ RunTime:0.030594s ]
INFO: [ template_filter ] --END-- [ RunTime:0.030879s ]
INFO: Run Behavior\ParseTemplateBehavior [ RunTime:0.314667s ]
INFO: [ view_parse ] --END-- [ RunTime:0.314868s ]
INFO: [ view_filter ] --START--
INFO: Run Behavior\WriteHtmlCacheBehavior [ RunTime:0.031895s ]
INFO: [ view_filter ] --END-- [ RunTime:0.032033s ]
INFO: [ app_end ] --START--
INFO: Run Behavior\ShowPageTraceBehavior [ RunTime:0.034780s ]
INFO: [ app_end ] --END-- [ RunTime:0.035023s ]

[ 2016-04-03T13:59:41+08:00 ] ::1 /paper/
INFO: [ app_init ] --START--
INFO: Run Behavior\BuildLiteBehavior [ RunTime:0.000063s ]
INFO: [ app_init ] --END-- [ RunTime:0.146742s ]
INFO: [ app_begin ] --START--
INFO: Run Behavior\ReadHtmlCacheBehavior [ RunTime:0.068497s ]
INFO: [ app_begin ] --END-- [ RunTime:0.068730s ]
NOTIC: [2] Missing argument 1 for Think\Controller::show(), called in G:\xampp\htdocs\paper\Application\Home\Controller\IndexController.class.php on line 6 and defined G:\xampp\htdocs\paper\ThinkPHP\Library\Think\Controller.class.php 第 68 行.
NOTIC: [8] Undefined variable: content G:\xampp\htdocs\paper\ThinkPHP\Library\Think\Controller.class.php 第 69 行.
INFO: [ view_parse ] --START--
INFO: [ template_filter ] --START--
INFO: Run Behavior\ContentReplaceBehavior [ RunTime:0.032052s ]
INFO: [ template_filter ] --END-- [ RunTime:0.032276s ]
INFO: Run Behavior\ParseTemplateBehavior [ RunTime:0.314619s ]
INFO: [ view_parse ] --END-- [ RunTime:0.314817s ]
INFO: [ view_filter ] --START--
INFO: Run Behavior\WriteHtmlCacheBehavior [ RunTime:0.031959s ]
INFO: [ view_filter ] --END-- [ RunTime:0.032128s ]
INFO: [ app_end ] --START--
INFO: Run Behavior\ShowPageTraceBehavior [ RunTime:0.037273s ]
INFO: [ app_end ] --END-- [ RunTime:0.037487s ]

[ 2016-04-03T13:59:47+08:00 ] ::1 /paper/index.php/Home/Shangchuan/shangchuan.html
INFO: [ app_init ] --START--
INFO: Run Behavior\BuildLiteBehavior [ RunTime:0.000014s ]
INFO: [ app_init ] --END-- [ RunTime:0.000498s ]
INFO: [ app_begin ] --START--
INFO: Run Behavior\ReadHtmlCacheBehavior [ RunTime:0.000629s ]
INFO: [ app_begin ] --END-- [ RunTime:0.000678s ]

[ 2016-04-03T14:04:25+08:00 ] ::1 /paper/index.php/Home/Shangchuan/shangchuan.html
INFO: [ app_init ] --START--
INFO: Run Behavior\BuildLiteBehavior [ RunTime:0.000013s ]
INFO: [ app_init ] --END-- [ RunTime:0.000427s ]
INFO: [ app_begin ] --START--
INFO: Run Behavior\ReadHtmlCacheBehavior [ RunTime:0.000490s ]
INFO: [ app_begin ] --END-- [ RunTime:0.000529s ]
NOTIC: [8] Undefined index: name G:\xampp\htdocs\paper\Application\Home\Controller\ShangchuanController.class.php 第 6 行.
NOTIC: [2] Missing argument 1 for Think\Controller::show(), called in G:\xampp\htdocs\paper\Application\Home\Controller\ShangchuanController.class.php on line 10 and defined G:\xampp\htdocs\paper\ThinkPHP\Library\Think\Controller.class.php 第 68 行.
NOTIC: [8] Undefined variable: content G:\xampp\htdocs\paper\ThinkPHP\Library\Think\Controller.class.php 第 69 行.
INFO: [ view_parse ] --START--
INFO: [ template_filter ] --START--
INFO: Run Behavior\ContentReplaceBehavior [ RunTime:0.000046s ]
INFO: [ template_filter ] --END-- [ RunTime:0.000111s ]
INFO: Run Behavior\ParseTemplateBehavior [ RunTime:0.032902s ]
INFO: [ view_parse ] --END-- [ RunTime:0.032950s ]
INFO: [ view_filter ] --START--
INFO: Run Behavior\WriteHtmlCacheBehavior [ RunTime:0.000326s ]
INFO: [ view_filter ] --END-- [ RunTime:0.000355s ]
NOTIC: [8] A session had already been started - ignoring session_start() G:\xampp\htdocs\paper\Application\Home\Controller\ShangchuanController.class.php 第 25 行.
NOTIC: [8] Undefined index: name G:\xampp\htdocs\paper\Application\Home\Controller\ShangchuanController.class.php 第 27 行.
INFO: [ app_end ] --START--
INFO: Run Behavior\ShowPageTraceBehavior [ RunTime:0.000589s ]
INFO: [ app_end ] --END-- [ RunTime:0.000633s ]

[ 2016-04-03T14:04:27+08:00 ] ::1 /paper/index.php/Home/Denglu/denglu
INFO: [ app_init ] --START--
INFO: Run Behavior\BuildLiteBehavior [ RunTime:0.000018s ]
INFO: [ app_init ] --END-- [ RunTime:0.000475s ]
INFO: [ app_begin ] --START--
INFO: Run Behavior\ReadHtmlCacheBehavior [ RunTime:0.000518s ]
INFO: [ app_begin ] --END-- [ RunTime:0.000559s ]
NOTIC: [2] Missing argument 1 for Think\Controller::show(), called in G:\xampp\htdocs\paper\Application\Home\Controller\DengluController.class.php on line 6 and defined G:\xampp\htdocs\paper\ThinkPHP\Library\Think\Controller.class.php 第 68 行.
NOTIC: [8] Undefined variable: content G:\xampp\htdocs\paper\ThinkPHP\Library\Think\Controller.class.php 第 69 行.
INFO: [ view_parse ] --START--
INFO: [ template_filter ] --START--
INFO: Run Behavior\ContentReplaceBehavior [ RunTime:0.000040s ]
INFO: [ template_filter ] --END-- [ RunTime:0.000087s ]
INFO: Run Behavior\ParseTemplateBehavior [ RunTime:0.058539s ]
INFO: [ view_parse ] --END-- [ RunTime:0.058583s ]
INFO: [ view_filter ] --START--
INFO: Run Behavior\WriteHtmlCacheBehavior [ RunTime:0.000341s ]
INFO: [ view_filter ] --END-- [ RunTime:0.000381s ]
NOTIC: [8] A session had already been started - ignoring session_start() G:\xampp\htdocs\paper\Application\Home\Controller\DengluController.class.php 第 13 行.
INFO: [ app_end ] --START--
INFO: Run Behavior\ShowPageTraceBehavior [ RunTime:0.000618s ]
INFO: [ app_end ] --END-- [ RunTime:0.000658s ]

[ 2016-04-03T14:04:35+08:00 ] ::1 /paper/index.php/Home/Denglu/denglu
INFO: [ app_init ] --START--
INFO: Run Behavior\BuildLiteBehavior [ RunTime:0.000012s ]
INFO: [ app_init ] --END-- [ RunTime:0.000438s ]
INFO: [ app_begin ] --START--
INFO: Run Behavior\ReadHtmlCacheBehavior [ RunTime:0.000541s ]
INFO: [ app_begin ] --END-- [ RunTime:0.000596s ]
NOTIC: [2] Missing argument 1 for Think\Controller::show(), called in G:\xampp\htdocs\paper\Application\Home\Controller\DengluController.class.php on line 6 and defined G:\xampp\htdocs\paper\ThinkPHP\Library\Think\Controller.class.php 第 68 行.
NOTIC: [8] Undefined variable: content G:\xampp\htdocs\paper\ThinkPHP\Library\Think\Controller.class.php 第 69 行.
INFO: [ view_parse ] --START--
INFO: [ template_filter ] --START--
INFO: Run Behavior\ContentReplaceBehavior [ RunTime:0.000038s ]
INFO: [ template_filter ] --END-- [ RunTime:0.000083s ]
INFO: Run Behavior\ParseTemplateBehavior [ RunTime:0.005842s ]
INFO: [ view_parse ] --END-- [ RunTime:0.005881s ]
INFO: [ view_filter ] --START--
INFO: Run Behavior\WriteHtmlCacheBehavior [ RunTime:0.000405s ]
INFO: [ view_filter ] --END-- [ RunTime:0.000440s ]
NOTIC: [8] A session had already been started - ignoring session_start() G:\xampp\htdocs\paper\Application\Home\Controller\DengluController.class.php 第 13 行.
SQL: SELECT * FROM `user` WHERE ( name= 'www' )  [ RunTime:0.1923s ]
INFO: [ app_end ] --START--
INFO: Run Behavior\ShowPageTraceBehavior [ RunTime:0.001326s ]
INFO: [ app_end ] --END-- [ RunTime:0.001446s ]

[ 2016-04-03T14:04:39+08:00 ] ::1 /paper/index.php/Home/Shangchuan/shangchuan.html
INFO: [ app_init ] --START--
INFO: Run Behavior\BuildLiteBehavior [ RunTime:0.000015s ]
INFO: [ app_init ] --END-- [ RunTime:0.000508s ]
INFO: [ app_begin ] --START--
INFO: Run Behavior\ReadHtmlCacheBehavior [ RunTime:0.000526s ]
INFO: [ app_begin ] --END-- [ RunTime:0.000579s ]
NOTIC: [2] Missing argument 1 for Think\Controller::show(), called in G:\xampp\htdocs\paper\Application\Home\Controller\ShangchuanController.class.php on line 10 and defined G:\xampp\htdocs\paper\ThinkPHP\Library\Think\Controller.class.php 第 68 行.
NOTIC: [8] Undefined variable: content G:\xampp\htdocs\paper\ThinkPHP\Library\Think\Controller.class.php 第 69 行.
INFO: [ view_parse ] --START--
INFO: [ template_filter ] --START--
INFO: Run Behavior\ContentReplaceBehavior [ RunTime:0.000054s ]
INFO: [ template_filter ] --END-- [ RunTime:0.000108s ]
INFO: Run Behavior\ParseTemplateBehavior [ RunTime:0.006172s ]
INFO: [ view_parse ] --END-- [ RunTime:0.006221s ]
INFO: [ view_filter ] --START--
INFO: Run Behavior\WriteHtmlCacheBehavior [ RunTime:0.000381s ]
INFO: [ view_filter ] --END-- [ RunTime:0.000428s ]
NOTIC: [8] A session had already been started - ignoring session_start() G:\xampp\htdocs\paper\Application\Home\Controller\ShangchuanController.class.php 第 25 行.
INFO: [ app_end ] --START--
INFO: Run Behavior\ShowPageTraceBehavior [ RunTime:0.000583s ]
INFO: [ app_end ] --END-- [ RunTime:0.000624s ]

[ 2016-04-03T14:05:47+08:00 ] ::1 /paper/index.php/Home/Shangchuan/shangchuan
INFO: [ app_init ] --START--
INFO: Run Behavior\BuildLiteBehavior [ RunTime:0.000016s ]
INFO: [ app_init ] --END-- [ RunTime:0.000480s ]
INFO: [ app_begin ] --START--
INFO: Run Behavior\ReadHtmlCacheBehavior [ RunTime:0.000537s ]
INFO: [ app_begin ] --END-- [ RunTime:0.000587s ]
NOTIC: [2] Missing argument 1 for Think\Controller::show(), called in G:\xampp\htdocs\paper\Application\Home\Controller\ShangchuanController.class.php on line 10 and defined G:\xampp\htdocs\paper\ThinkPHP\Library\Think\Controller.class.php 第 68 行.
NOTIC: [8] Undefined variable: content G:\xampp\htdocs\paper\ThinkPHP\Library\Think\Controller.class.php 第 69 行.
INFO: [ view_parse ] --START--
INFO: [ template_filter ] --START--
INFO: Run Behavior\ContentReplaceBehavior [ RunTime:0.000057s ]
INFO: [ template_filter ] --END-- [ RunTime:0.000112s ]
INFO: Run Behavior\ParseTemplateBehavior [ RunTime:0.006900s ]
INFO: [ view_parse ] --END-- [ RunTime:0.006984s ]
INFO: [ view_filter ] --START--
INFO: Run Behavior\WriteHtmlCacheBehavior [ RunTime:0.000688s ]
INFO: [ view_filter ] --END-- [ RunTime:0.000733s ]
NOTIC: [8] A session had already been started - ignoring session_start() G:\xampp\htdocs\paper\Application\Home\Controller\ShangchuanController.class.php 第 25 行.
INFO: [ view_parse ] --START--
INFO: Run Behavior\ParseTemplateBehavior [ RunTime:0.011493s ]
INFO: [ view_parse ] --END-- [ RunTime:-0.163674s ]
INFO: [ view_filter ] --START--
INFO: Run Behavior\WriteHtmlCacheBehavior [ RunTime:0.000031s ]
INFO: [ view_filter ] --END-- [ RunTime:-0.174506s ]
NOTIC: [2] Cannot modify header information - headers already sent by (output started at G:\xampp\htdocs\paper\ThinkPHP\Library\Think\View.class.php:95) G:\xampp\htdocs\paper\ThinkPHP\Library\Think\View.class.php 第 91 行.
NOTIC: [2] Cannot modify header information - headers already sent by (output started at G:\xampp\htdocs\paper\ThinkPHP\Library\Think\View.class.php:95) G:\xampp\htdocs\paper\ThinkPHP\Library\Think\View.class.php 第 92 行.
NOTIC: [2] Cannot modify header information - headers already sent by (output started at G:\xampp\htdocs\paper\ThinkPHP\Library\Think\View.class.php:95) G:\xampp\htdocs\paper\ThinkPHP\Library\Think\View.class.php 第 93 行.
SQL: INSERT INTO `wenzi` (`title`,`content`,`keyword`,`value`,`ctime`,`up`) VALUES ('PHP 文件上传','&lt;form&gt; 标签的 enctype 属性规定了在提交表单时要使用哪种内容类型。在表单需要二进制数据时，比如文件内容，请使用 &quot;multipart/form-data&quot;。
&lt;input&gt; 标签的 type=&quot;file&quot; 属性规定了应该把输入作为文件来处理。举例来说，当在浏览器中预览时，会看到输入框旁边有一个浏览按钮。
注释：允许用户上传文件是一个巨大的安全风险。请仅仅允许可信的用户执行文件上传操作。
','创建一个文件上传表单','10','2016-04-03 14:05:47','www') [ RunTime:0.1547s ]
INFO: [ app_end ] --START--
INFO: Run Behavior\ShowPageTraceBehavior [ RunTime:0.000836s ]
INFO: [ app_end ] --END-- [ RunTime:0.000912s ]

[ 2016-04-03T14:06:46+08:00 ] ::1 /paper/index.php/Home/Lunwen/lunwen.html
INFO: [ app_init ] --START--
INFO: Run Behavior\BuildLiteBehavior [ RunTime:0.000015s ]
INFO: [ app_init ] --END-- [ RunTime:0.000438s ]
INFO: [ app_begin ] --START--
INFO: Run Behavior\ReadHtmlCacheBehavior [ RunTime:0.000562s ]
INFO: [ app_begin ] --END-- [ RunTime:0.000613s ]
SQL: SELECT * FROM `wenzi`  [ RunTime:0.0003s ]
NOTIC: [2] Missing argument 1 for Think\Controller::show(), called in G:\xampp\htdocs\paper\Application\Home\Controller\LunwenController.class.php on line 14 and defined G:\xampp\htdocs\paper\ThinkPHP\Library\Think\Controller.class.php 第 68 行.
NOTIC: [8] Undefined variable: content G:\xampp\htdocs\paper\ThinkPHP\Library\Think\Controller.class.php 第 69 行.
INFO: [ view_parse ] --START--
INFO: [ template_filter ] --START--
INFO: Run Behavior\ContentReplaceBehavior [ RunTime:0.000052s ]
INFO: [ template_filter ] --END-- [ RunTime:0.000104s ]
INFO: Run Behavior\ParseTemplateBehavior [ RunTime:0.060967s ]
INFO: [ view_parse ] --END-- [ RunTime:0.061015s ]
INFO: [ view_filter ] --START--
INFO: Run Behavior\WriteHtmlCacheBehavior [ RunTime:0.000447s ]
INFO: [ view_filter ] --END-- [ RunTime:0.000485s ]
INFO: [ app_end ] --START--
INFO: Run Behavior\ShowPageTraceBehavior [ RunTime:0.000706s ]
INFO: [ app_end ] --END-- [ RunTime:0.000781s ]

[ 2016-04-03T14:06:52+08:00 ] ::1 /paper/index.php/Home/Lunwen/chakan.html?id=10
INFO: [ app_init ] --START--
INFO: Run Behavior\BuildLiteBehavior [ RunTime:0.000013s ]
INFO: [ app_init ] --END-- [ RunTime:0.000429s ]
INFO: [ app_begin ] --START--
INFO: Run Behavior\ReadHtmlCacheBehavior [ RunTime:0.000525s ]
INFO: [ app_begin ] --END-- [ RunTime:0.000574s ]
NOTIC: [8] A session had already been started - ignoring session_start() G:\xampp\htdocs\paper\Application\Home\Controller\LunwenController.class.php 第 20 行.
SQL: SELECT * FROM `wenzi` WHERE `id` = 10  [ RunTime:0.0745s ]
SQL: SELECT * FROM `comment`  [ RunTime:0.0077s ]
NOTIC: [2] Missing argument 1 for Think\Controller::show(), called in G:\xampp\htdocs\paper\Application\Home\Controller\LunwenController.class.php on line 56 and defined G:\xampp\htdocs\paper\ThinkPHP\Library\Think\Controller.class.php 第 68 行.
NOTIC: [8] Undefined variable: content G:\xampp\htdocs\paper\ThinkPHP\Library\Think\Controller.class.php 第 69 行.
INFO: [ view_parse ] --START--
INFO: [ template_filter ] --START--
INFO: Run Behavior\ContentReplaceBehavior [ RunTime:0.000217s ]
INFO: [ template_filter ] --END-- [ RunTime:0.000397s ]
INFO: Run Behavior\ParseTemplateBehavior [ RunTime:0.034830s ]
INFO: [ view_parse ] --END-- [ RunTime:0.034960s ]
INFO: [ view_filter ] --START--
INFO: Run Behavior\WriteHtmlCacheBehavior [ RunTime:0.000591s ]
INFO: [ view_filter ] --END-- [ RunTime:0.000670s ]
INFO: [ app_end ] --START--
INFO: Run Behavior\ShowPageTraceBehavior [ RunTime:0.001218s ]
INFO: [ app_end ] --END-- [ RunTime:0.001297s ]

[ 2016-04-03T14:07:07+08:00 ] ::1 /paper/index.php/Home/Lunwen/comment.html?comment=&save=contact
INFO: [ app_init ] --START--
INFO: Run Behavior\BuildLiteBehavior [ RunTime:0.000016s ]
INFO: [ app_init ] --END-- [ RunTime:0.000476s ]
INFO: [ app_begin ] --START--
INFO: Run Behavior\ReadHtmlCacheBehavior [ RunTime:0.000558s ]
INFO: [ app_begin ] --END-- [ RunTime:0.000616s ]
INFO: [ view_parse ] --START--
INFO: [ template_filter ] --START--
INFO: Run Behavior\ContentReplaceBehavior [ RunTime:0.000046s ]
INFO: [ template_filter ] --END-- [ RunTime:0.000091s ]
NOTIC: [8] Undefined variable: title G:\xampp\htdocs\paper\Application\Runtime\Cache\Home\a85f5b6919798f245e9c978fe2b35357.php 第 87 行.
NOTIC: [8] Undefined variable: up G:\xampp\htdocs\paper\Application\Runtime\Cache\Home\a85f5b6919798f245e9c978fe2b35357.php 第 94 行.
NOTIC: [8] Undefined variable: content G:\xampp\htdocs\paper\Application\Runtime\Cache\Home\a85f5b6919798f245e9c978fe2b35357.php 第 95 行.
NOTIC: [8] Undefined variable: value G:\xampp\htdocs\paper\Application\Runtime\Cache\Home\a85f5b6919798f245e9c978fe2b35357.php 第 96 行.
NOTIC: [8] Undefined variable: com G:\xampp\htdocs\paper\Application\Runtime\Cache\Home\a85f5b6919798f245e9c978fe2b35357.php 第 129 行.
INFO: Run Behavior\ParseTemplateBehavior [ RunTime:0.007237s ]
INFO: [ view_parse ] --END-- [ RunTime:0.007311s ]
INFO: [ view_filter ] --START--
INFO: Run Behavior\WriteHtmlCacheBehavior [ RunTime:0.000881s ]
INFO: [ view_filter ] --END-- [ RunTime:0.000963s ]
INFO: [ app_end ] --START--
INFO: Run Behavior\ShowPageTraceBehavior [ RunTime:0.000790s ]
INFO: [ app_end ] --END-- [ RunTime:0.000887s ]

[ 2016-04-03T14:07:12+08:00 ] ::1 /paper/index.php/Home/Lunwen/comment.html?comment=&save=contact
INFO: [ app_init ] --START--
INFO: Run Behavior\BuildLiteBehavior [ RunTime:0.000013s ]
INFO: [ app_init ] --END-- [ RunTime:0.000419s ]
INFO: [ app_begin ] --START--
INFO: Run Behavior\ReadHtmlCacheBehavior [ RunTime:0.000542s ]
INFO: [ app_begin ] --END-- [ RunTime:0.000591s ]
INFO: [ view_parse ] --START--
INFO: [ template_filter ] --START--
INFO: Run Behavior\ContentReplaceBehavior [ RunTime:0.000057s ]
INFO: [ template_filter ] --END-- [ RunTime:0.000115s ]
NOTIC: [8] Undefined variable: title G:\xampp\htdocs\paper\Application\Runtime\Cache\Home\a85f5b6919798f245e9c978fe2b35357.php 第 87 行.
NOTIC: [8] Undefined variable: up G:\xampp\htdocs\paper\Application\Runtime\Cache\Home\a85f5b6919798f245e9c978fe2b35357.php 第 94 行.
NOTIC: [8] Undefined variable: content G:\xampp\htdocs\paper\Application\Runtime\Cache\Home\a85f5b6919798f245e9c978fe2b35357.php 第 95 行.
NOTIC: [8] Undefined variable: value G:\xampp\htdocs\paper\Application\Runtime\Cache\Home\a85f5b6919798f245e9c978fe2b35357.php 第 96 行.
NOTIC: [8] Undefined variable: com G:\xampp\htdocs\paper\Application\Runtime\Cache\Home\a85f5b6919798f245e9c978fe2b35357.php 第 129 行.
INFO: Run Behavior\ParseTemplateBehavior [ RunTime:0.007550s ]
INFO: [ view_parse ] --END-- [ RunTime:0.007596s ]
INFO: [ view_filter ] --START--
INFO: Run Behavior\WriteHtmlCacheBehavior [ RunTime:0.000373s ]
INFO: [ view_filter ] --END-- [ RunTime:0.000409s ]
INFO: [ app_end ] --START--
INFO: Run Behavior\ShowPageTraceBehavior [ RunTime:0.000503s ]
INFO: [ app_end ] --END-- [ RunTime:0.000549s ]

[ 2016-04-03T14:08:46+08:00 ] ::1 /paper/index.php/Home/Shangchuan/shangchuan.html
INFO: [ app_init ] --START--
INFO: Run Behavior\BuildLiteBehavior [ RunTime:0.000015s ]
INFO: [ app_init ] --END-- [ RunTime:0.000445s ]
INFO: [ app_begin ] --START--
INFO: Run Behavior\ReadHtmlCacheBehavior [ RunTime:0.000501s ]
INFO: [ app_begin ] --END-- [ RunTime:0.000555s ]
NOTIC: [2] Missing argument 1 for Think\Controller::show(), called in G:\xampp\htdocs\paper\Application\Home\Controller\ShangchuanController.class.php on line 10 and defined G:\xampp\htdocs\paper\ThinkPHP\Library\Think\Controller.class.php 第 68 行.
NOTIC: [8] Undefined variable: content G:\xampp\htdocs\paper\ThinkPHP\Library\Think\Controller.class.php 第 69 行.
INFO: [ view_parse ] --START--
INFO: [ template_filter ] --START--
INFO: Run Behavior\ContentReplaceBehavior [ RunTime:0.000052s ]
INFO: [ template_filter ] --END-- [ RunTime:0.000097s ]
INFO: Run Behavior\ParseTemplateBehavior [ RunTime:0.005455s ]
INFO: [ view_parse ] --END-- [ RunTime:0.005502s ]
INFO: [ view_filter ] --START--
INFO: Run Behavior\WriteHtmlCacheBehavior [ RunTime:0.000365s ]
INFO: [ view_filter ] --END-- [ RunTime:0.000400s ]
NOTIC: [8] A session had already been started - ignoring session_start() G:\xampp\htdocs\paper\Application\Home\Controller\ShangchuanController.class.php 第 25 行.
INFO: [ app_end ] --START--
INFO: Run Behavior\ShowPageTraceBehavior [ RunTime:0.000506s ]
INFO: [ app_end ] --END-- [ RunTime:0.000548s ]

[ 2016-04-03T14:11:19+08:00 ] ::1 /paper/index.php/Home/Shangchuan/shangchuan
INFO: [ app_init ] --START--
INFO: Run Behavior\BuildLiteBehavior [ RunTime:0.000027s ]
INFO: [ app_init ] --END-- [ RunTime:0.001373s ]
INFO: [ app_begin ] --START--
INFO: Run Behavior\ReadHtmlCacheBehavior [ RunTime:0.000908s ]
INFO: [ app_begin ] --END-- [ RunTime:0.001001s ]
NOTIC: [2] Missing argument 1 for Think\Controller::show(), called in G:\xampp\htdocs\paper\Application\Home\Controller\ShangchuanController.class.php on line 10 and defined G:\xampp\htdocs\paper\ThinkPHP\Library\Think\Controller.class.php 第 68 行.
NOTIC: [8] Undefined variable: content G:\xampp\htdocs\paper\ThinkPHP\Library\Think\Controller.class.php 第 69 行.
INFO: [ view_parse ] --START--
INFO: [ template_filter ] --START--
INFO: Run Behavior\ContentReplaceBehavior [ RunTime:0.000091s ]
INFO: [ template_filter ] --END-- [ RunTime:0.000164s ]
INFO: Run Behavior\ParseTemplateBehavior [ RunTime:0.014335s ]
INFO: [ view_parse ] --END-- [ RunTime:0.014546s ]
INFO: [ view_filter ] --START--
INFO: Run Behavior\WriteHtmlCacheBehavior [ RunTime:0.001236s ]
INFO: [ view_filter ] --END-- [ RunTime:0.001349s ]
NOTIC: [8] A session had already been started - ignoring session_start() G:\xampp\htdocs\paper\Application\Home\Controller\ShangchuanController.class.php 第 25 行.
INFO: [ view_parse ] --START--
INFO: Run Behavior\ParseTemplateBehavior [ RunTime:0.000460s ]
INFO: [ view_parse ] --END-- [ RunTime:-0.024747s ]
INFO: [ view_filter ] --START--
INFO: Run Behavior\WriteHtmlCacheBehavior [ RunTime:0.000014s ]
INFO: [ view_filter ] --END-- [ RunTime:-0.023857s ]
NOTIC: [2] Cannot modify header information - headers already sent by (output started at G:\xampp\htdocs\paper\ThinkPHP\Library\Think\View.class.php:95) G:\xampp\htdocs\paper\ThinkPHP\Library\Think\View.class.php 第 91 行.
NOTIC: [2] Cannot modify header information - headers already sent by (output started at G:\xampp\htdocs\paper\ThinkPHP\Library\Think\View.class.php:95) G:\xampp\htdocs\paper\ThinkPHP\Library\Think\View.class.php 第 92 行.
NOTIC: [2] Cannot modify header information - headers already sent by (output started at G:\xampp\htdocs\paper\ThinkPHP\Library\Think\View.class.php:95) G:\xampp\htdocs\paper\ThinkPHP\Library\Think\View.class.php 第 93 行.
NOTIC: [2] call_user_func() expects parameter 1 to be a valid callback, no array or string given G:\xampp\htdocs\paper\ThinkPHP\Library\Think\Upload.class.php 第 170 行.

[ 2016-04-03T14:24:12+08:00 ] ::1 /paper/index.php/Home/Shangchuan/shangchuan
INFO: [ app_init ] --START--
INFO: Run Behavior\BuildLiteBehavior [ RunTime:0.000014s ]
INFO: [ app_init ] --END-- [ RunTime:0.000491s ]
INFO: [ app_begin ] --START--
INFO: Run Behavior\ReadHtmlCacheBehavior [ RunTime:0.001530s ]
INFO: [ app_begin ] --END-- [ RunTime:0.001600s ]
NOTIC: [2] Missing argument 1 for Think\Controller::show(), called in G:\xampp\htdocs\paper\Application\Home\Controller\ShangchuanController.class.php on line 10 and defined G:\xampp\htdocs\paper\ThinkPHP\Library\Think\Controller.class.php 第 68 行.
NOTIC: [8] Undefined variable: content G:\xampp\htdocs\paper\ThinkPHP\Library\Think\Controller.class.php 第 69 行.
INFO: [ view_parse ] --START--
INFO: [ template_filter ] --START--
INFO: Run Behavior\ContentReplaceBehavior [ RunTime:0.000069s ]
INFO: [ template_filter ] --END-- [ RunTime:0.000137s ]
INFO: Run Behavior\ParseTemplateBehavior [ RunTime:0.007351s ]
INFO: [ view_parse ] --END-- [ RunTime:0.007415s ]
INFO: [ view_filter ] --START--
INFO: Run Behavior\WriteHtmlCacheBehavior [ RunTime:0.000710s ]
INFO: [ view_filter ] --END-- [ RunTime:0.000769s ]
NOTIC: [8] A session had already been started - ignoring session_start() G:\xampp\htdocs\paper\Application\Home\Controller\ShangchuanController.class.php 第 25 行.
INFO: [ app_end ] --START--
INFO: Run Behavior\ShowPageTraceBehavior [ RunTime:0.000714s ]
INFO: [ app_end ] --END-- [ RunTime:0.000756s ]

[ 2016-04-03T14:25:08+08:00 ] ::1 /paper/index.php/Home/Shangchuan/shangchuan
INFO: [ app_init ] --START--
INFO: Run Behavior\BuildLiteBehavior [ RunTime:0.000032s ]
INFO: [ app_init ] --END-- [ RunTime:0.000796s ]
INFO: [ app_begin ] --START--
INFO: Run Behavior\ReadHtmlCacheBehavior [ RunTime:0.000962s ]
INFO: [ app_begin ] --END-- [ RunTime:0.001077s ]
NOTIC: [2] Missing argument 1 for Think\Controller::show(), called in G:\xampp\htdocs\paper\Application\Home\Controller\ShangchuanController.class.php on line 10 and defined G:\xampp\htdocs\paper\ThinkPHP\Library\Think\Controller.class.php 第 68 行.
NOTIC: [8] Undefined variable: content G:\xampp\htdocs\paper\ThinkPHP\Library\Think\Controller.class.php 第 69 行.
INFO: [ view_parse ] --START--
INFO: [ template_filter ] --START--
INFO: Run Behavior\ContentReplaceBehavior [ RunTime:0.000046s ]
INFO: [ template_filter ] --END-- [ RunTime:0.000093s ]
INFO: Run Behavior\ParseTemplateBehavior [ RunTime:0.013585s ]
INFO: [ view_parse ] --END-- [ RunTime:0.013728s ]
INFO: [ view_filter ] --START--
INFO: Run Behavior\WriteHtmlCacheBehavior [ RunTime:0.003293s ]
INFO: [ view_filter ] --END-- [ RunTime:0.003501s ]
NOTIC: [8] A session had already been started - ignoring session_start() G:\xampp\htdocs\paper\Application\Home\Controller\ShangchuanController.class.php 第 25 行.
INFO: [ view_parse ] --START--
INFO: Run Behavior\ParseTemplateBehavior [ RunTime:0.000561s ]
INFO: [ view_parse ] --END-- [ RunTime:-0.021365s ]
INFO: [ view_filter ] --START--
INFO: Run Behavior\WriteHtmlCacheBehavior [ RunTime:0.000014s ]
INFO: [ view_filter ] --END-- [ RunTime:-0.018499s ]
NOTIC: [2] Cannot modify header information - headers already sent by (output started at G:\xampp\htdocs\paper\ThinkPHP\Library\Think\View.class.php:95) G:\xampp\htdocs\paper\ThinkPHP\Library\Think\View.class.php 第 91 行.
NOTIC: [2] Cannot modify header information - headers already sent by (output started at G:\xampp\htdocs\paper\ThinkPHP\Library\Think\View.class.php:95) G:\xampp\htdocs\paper\ThinkPHP\Library\Think\View.class.php 第 92 行.
NOTIC: [2] Cannot modify header information - headers already sent by (output started at G:\xampp\htdocs\paper\ThinkPHP\Library\Think\View.class.php:95) G:\xampp\htdocs\paper\ThinkPHP\Library\Think\View.class.php 第 93 行.
NOTIC: [2] call_user_func() expects parameter 1 to be a valid callback, no array or string given G:\xampp\htdocs\paper\ThinkPHP\Library\Think\Upload.class.php 第 170 行.
NOTIC: [8] Undefined index: savepath G:\xampp\htdocs\paper\Application\Home\Controller\ShangchuanController.class.php 第 56 行.
SQL: INSERT INTO `wenzi` (`title`,`content`,`keyword`,`value`,`ctime`,`up`) VALUES ('PHP mail() 函数','hanshu','mail','10','2016-04-03 14:25:08','www') [ RunTime:0.2423s ]
INFO: [ app_end ] --START--
INFO: Run Behavior\ShowPageTraceBehavior [ RunTime:0.001033s ]
INFO: [ app_end ] --END-- [ RunTime:0.001149s ]

[ 2016-04-03T14:27:52+08:00 ] ::1 /paper/index.php/Home/Shangchuan/shangchuan
INFO: [ app_init ] --START--
INFO: Run Behavior\BuildLiteBehavior [ RunTime:0.000015s ]
INFO: [ app_init ] --END-- [ RunTime:0.000462s ]
INFO: [ app_begin ] --START--
INFO: Run Behavior\ReadHtmlCacheBehavior [ RunTime:0.001016s ]
INFO: [ app_begin ] --END-- [ RunTime:0.001211s ]
NOTIC: [2] Missing argument 1 for Think\Controller::show(), called in G:\xampp\htdocs\paper\Application\Home\Controller\ShangchuanController.class.php on line 10 and defined G:\xampp\htdocs\paper\ThinkPHP\Library\Think\Controller.class.php 第 68 行.
NOTIC: [8] Undefined variable: content G:\xampp\htdocs\paper\ThinkPHP\Library\Think\Controller.class.php 第 69 行.
INFO: [ view_parse ] --START--
INFO: [ template_filter ] --START--
INFO: Run Behavior\ContentReplaceBehavior [ RunTime:0.000065s ]
INFO: [ template_filter ] --END-- [ RunTime:0.000109s ]
INFO: Run Behavior\ParseTemplateBehavior [ RunTime:0.007388s ]
INFO: [ view_parse ] --END-- [ RunTime:0.007428s ]
INFO: [ view_filter ] --START--
INFO: Run Behavior\WriteHtmlCacheBehavior [ RunTime:0.000420s ]
INFO: [ view_filter ] --END-- [ RunTime:0.000450s ]
NOTIC: [8] A session had already been started - ignoring session_start() G:\xampp\htdocs\paper\Application\Home\Controller\ShangchuanController.class.php 第 25 行.
INFO: [ app_end ] --START--
INFO: Run Behavior\ShowPageTraceBehavior [ RunTime:0.000598s ]
INFO: [ app_end ] --END-- [ RunTime:0.000641s ]

[ 2016-04-03T14:30:27+08:00 ] ::1 /paper/index.php/Home/Shangchuan/shangchuan
INFO: [ app_init ] --START--
INFO: Run Behavior\BuildLiteBehavior [ RunTime:0.000015s ]
INFO: [ app_init ] --END-- [ RunTime:0.000486s ]
INFO: [ app_begin ] --START--
INFO: Run Behavior\ReadHtmlCacheBehavior [ RunTime:0.000528s ]
INFO: [ app_begin ] --END-- [ RunTime:0.000571s ]
NOTIC: [2] Missing argument 1 for Think\Controller::show(), called in G:\xampp\htdocs\paper\Application\Home\Controller\ShangchuanController.class.php on line 10 and defined G:\xampp\htdocs\paper\ThinkPHP\Library\Think\Controller.class.php 第 68 行.
NOTIC: [8] Undefined variable: content G:\xampp\htdocs\paper\ThinkPHP\Library\Think\Controller.class.php 第 69 行.
INFO: [ view_parse ] --START--
INFO: [ template_filter ] --START--
INFO: Run Behavior\ContentReplaceBehavior [ RunTime:0.000042s ]
INFO: [ template_filter ] --END-- [ RunTime:0.000078s ]
INFO: Run Behavior\ParseTemplateBehavior [ RunTime:0.005040s ]
INFO: [ view_parse ] --END-- [ RunTime:0.005077s ]
INFO: [ view_filter ] --START--
INFO: Run Behavior\WriteHtmlCacheBehavior [ RunTime:0.000374s ]
INFO: [ view_filter ] --END-- [ RunTime:0.000403s ]
NOTIC: [8] A session had already been started - ignoring session_start() G:\xampp\htdocs\paper\Application\Home\Controller\ShangchuanController.class.php 第 25 行.
INFO: [ view_parse ] --START--
INFO: Run Behavior\ParseTemplateBehavior [ RunTime:0.000289s ]
INFO: [ view_parse ] --END-- [ RunTime:-0.005891s ]
INFO: [ view_filter ] --START--
INFO: Run Behavior\WriteHtmlCacheBehavior [ RunTime:0.000008s ]
INFO: [ view_filter ] --END-- [ RunTime:-0.005811s ]
NOTIC: [2] Cannot modify header information - headers already sent by (output started at G:\xampp\htdocs\paper\ThinkPHP\Library\Think\View.class.php:95) G:\xampp\htdocs\paper\ThinkPHP\Library\Think\View.class.php 第 91 行.
NOTIC: [2] Cannot modify header information - headers already sent by (output started at G:\xampp\htdocs\paper\ThinkPHP\Library\Think\View.class.php:95) G:\xampp\htdocs\paper\ThinkPHP\Library\Think\View.class.php 第 92 行.
NOTIC: [2] Cannot modify header information - headers already sent by (output started at G:\xampp\htdocs\paper\ThinkPHP\Library\Think\View.class.php:95) G:\xampp\htdocs\paper\ThinkPHP\Library\Think\View.class.php 第 93 行.
NOTIC: [2] call_user_func() expects parameter 1 to be a valid callback, no array or string given G:\xampp\htdocs\paper\ThinkPHP\Library\Think\Upload.class.php 第 170 行.
SQL: INSERT INTO `wenzi` (`title`,`content`,`keyword`,`value`,`ctime`,`up`) VALUES ('测试','测试','测试','10','2016-04-03 14:30:26','www') [ RunTime:0.2023s ]
INFO: [ app_end ] --START--
INFO: Run Behavior\ShowPageTraceBehavior [ RunTime:0.001941s ]
INFO: [ app_end ] --END-- [ RunTime:0.002070s ]

[ 2016-04-03T14:34:03+08:00 ] ::1 /paper/index.php/Home/Shangchuan/shangchuan
INFO: [ app_init ] --START--
INFO: Run Behavior\BuildLiteBehavior [ RunTime:0.000015s ]
INFO: [ app_init ] --END-- [ RunTime:0.000496s ]
INFO: [ app_begin ] --START--
INFO: Run Behavior\ReadHtmlCacheBehavior [ RunTime:0.000694s ]
INFO: [ app_begin ] --END-- [ RunTime:0.000744s ]
NOTIC: [2] Missing argument 1 for Think\Controller::show(), called in G:\xampp\htdocs\paper\Application\Home\Controller\ShangchuanController.class.php on line 10 and defined G:\xampp\htdocs\paper\ThinkPHP\Library\Think\Controller.class.php 第 68 行.
NOTIC: [8] Undefined variable: content G:\xampp\htdocs\paper\ThinkPHP\Library\Think\Controller.class.php 第 69 行.
INFO: [ view_parse ] --START--
INFO: [ template_filter ] --START--
INFO: Run Behavior\ContentReplaceBehavior [ RunTime:0.000054s ]
INFO: [ template_filter ] --END-- [ RunTime:0.000105s ]
INFO: Run Behavior\ParseTemplateBehavior [ RunTime:0.006766s ]
INFO: [ view_parse ] --END-- [ RunTime:0.006818s ]
INFO: [ view_filter ] --START--
INFO: Run Behavior\WriteHtmlCacheBehavior [ RunTime:0.000503s ]
INFO: [ view_filter ] --END-- [ RunTime:0.000540s ]
NOTIC: [8] A session had already been started - ignoring session_start() G:\xampp\htdocs\paper\Application\Home\Controller\ShangchuanController.class.php 第 25 行.
INFO: [ view_parse ] --START--
INFO: Run Behavior\ParseTemplateBehavior [ RunTime:0.000547s ]
INFO: [ view_parse ] --END-- [ RunTime:-0.007284s ]
INFO: [ view_filter ] --START--
INFO: Run Behavior\WriteHtmlCacheBehavior [ RunTime:0.000009s ]
INFO: [ view_filter ] --END-- [ RunTime:-0.007333s ]
NOTIC: [2] Cannot modify header information - headers already sent by (output started at G:\xampp\htdocs\paper\ThinkPHP\Library\Think\View.class.php:95) G:\xampp\htdocs\paper\ThinkPHP\Library\Think\View.class.php 第 91 行.
NOTIC: [2] Cannot modify header information - headers already sent by (output started at G:\xampp\htdocs\paper\ThinkPHP\Library\Think\View.class.php:95) G:\xampp\htdocs\paper\ThinkPHP\Library\Think\View.class.php 第 92 行.
NOTIC: [2] Cannot modify header information - headers already sent by (output started at G:\xampp\htdocs\paper\ThinkPHP\Library\Think\View.class.php:95) G:\xampp\htdocs\paper\ThinkPHP\Library\Think\View.class.php 第 93 行.
NOTIC: [2] call_user_func() expects parameter 1 to be a valid callback, no array or string given G:\xampp\htdocs\paper\ThinkPHP\Library\Think\Upload.class.php 第 170 行.
SQL: INSERT INTO `wenzi` (`title`,`content`,`keyword`,`value`,`ctime`,`up`) VALUES ('测试','测试','测试','10','2016-04-03 14:34:03','www') [ RunTime:0.1244s ]
INFO: [ app_end ] --START--
INFO: Run Behavior\ShowPageTraceBehavior [ RunTime:0.001514s ]
INFO: [ app_end ] --END-- [ RunTime:0.001611s ]

[ 2016-04-03T14:36:31+08:00 ] ::1 /paper/index.php/Home/Shangchuan/shangchuan
INFO: [ app_init ] --START--
INFO: Run Behavior\BuildLiteBehavior [ RunTime:0.000021s ]
INFO: [ app_init ] --END-- [ RunTime:0.000691s ]
INFO: [ app_begin ] --START--
INFO: Run Behavior\ReadHtmlCacheBehavior [ RunTime:0.000594s ]
INFO: [ app_begin ] --END-- [ RunTime:0.000642s ]
NOTIC: [2] Missing argument 1 for Think\Controller::show(), called in G:\xampp\htdocs\paper\Application\Home\Controller\ShangchuanController.class.php on line 10 and defined G:\xampp\htdocs\paper\ThinkPHP\Library\Think\Controller.class.php 第 68 行.
NOTIC: [8] Undefined variable: content G:\xampp\htdocs\paper\ThinkPHP\Library\Think\Controller.class.php 第 69 行.
INFO: [ view_parse ] --START--
INFO: [ template_filter ] --START--
INFO: Run Behavior\ContentReplaceBehavior [ RunTime:0.000060s ]
INFO: [ template_filter ] --END-- [ RunTime:0.000105s ]
INFO: Run Behavior\ParseTemplateBehavior [ RunTime:0.005169s ]
INFO: [ view_parse ] --END-- [ RunTime:0.005207s ]
INFO: [ view_filter ] --START--
INFO: Run Behavior\WriteHtmlCacheBehavior [ RunTime:0.000376s ]
INFO: [ view_filter ] --END-- [ RunTime:0.000404s ]
NOTIC: [8] A session had already been started - ignoring session_start() G:\xampp\htdocs\paper\Application\Home\Controller\ShangchuanController.class.php 第 25 行.
INFO: [ view_parse ] --START--
INFO: Run Behavior\ParseTemplateBehavior [ RunTime:0.000322s ]
INFO: [ view_parse ] --END-- [ RunTime:-0.009680s ]
INFO: [ view_filter ] --START--
INFO: Run Behavior\WriteHtmlCacheBehavior [ RunTime:0.000008s ]
INFO: [ view_filter ] --END-- [ RunTime:-0.009642s ]
NOTIC: [2] Cannot modify header information - headers already sent by (output started at G:\xampp\htdocs\paper\ThinkPHP\Library\Think\View.class.php:95) G:\xampp\htdocs\paper\ThinkPHP\Library\Think\View.class.php 第 91 行.
NOTIC: [2] Cannot modify header information - headers already sent by (output started at G:\xampp\htdocs\paper\ThinkPHP\Library\Think\View.class.php:95) G:\xampp\htdocs\paper\ThinkPHP\Library\Think\View.class.php 第 92 行.
NOTIC: [2] Cannot modify header information - headers already sent by (output started at G:\xampp\htdocs\paper\ThinkPHP\Library\Think\View.class.php:95) G:\xampp\htdocs\paper\ThinkPHP\Library\Think\View.class.php 第 93 行.
NOTIC: [2] call_user_func() expects parameter 1 to be a valid callback, no array or string given G:\xampp\htdocs\paper\ThinkPHP\Library\Think\Upload.class.php 第 170 行.
SQL: INSERT INTO `wenzi` (`title`,`content`,`keyword`,`value`,`ctime`,`up`) VALUES ('测试','测试','测试','10','2016-04-03 14:36:31','www') [ RunTime:0.0473s ]
SQL: SELECT `savepath` FROM `wenzi` WHERE `title` = '测试' AND `content` = '测试' AND `keyword` = '测试' AND `value` = 10 AND `ctime` = '2016-04-03 14:36:31' AND `up` = 'www' LIMIT 1   [ RunTime:0.0004s ]
INFO: [ app_end ] --START--
INFO: Run Behavior\ShowPageTraceBehavior [ RunTime:0.001030s ]
INFO: [ app_end ] --END-- [ RunTime:0.001074s ]

[ 2016-04-03T14:37:15+08:00 ] ::1 /paper/index.php/Home/Shangchuan/shangchuan
INFO: [ app_init ] --START--
INFO: Run Behavior\BuildLiteBehavior [ RunTime:0.000012s ]
INFO: [ app_init ] --END-- [ RunTime:0.000416s ]
INFO: [ app_begin ] --START--
INFO: Run Behavior\ReadHtmlCacheBehavior [ RunTime:0.000721s ]
INFO: [ app_begin ] --END-- [ RunTime:0.000772s ]
NOTIC: [2] Missing argument 1 for Think\Controller::show(), called in G:\xampp\htdocs\paper\Application\Home\Controller\ShangchuanController.class.php on line 10 and defined G:\xampp\htdocs\paper\ThinkPHP\Library\Think\Controller.class.php 第 68 行.
NOTIC: [8] Undefined variable: content G:\xampp\htdocs\paper\ThinkPHP\Library\Think\Controller.class.php 第 69 行.
INFO: [ view_parse ] --START--
INFO: [ template_filter ] --START--
INFO: Run Behavior\ContentReplaceBehavior [ RunTime:0.000123s ]
INFO: [ template_filter ] --END-- [ RunTime:0.000307s ]
INFO: Run Behavior\ParseTemplateBehavior [ RunTime:0.007253s ]
INFO: [ view_parse ] --END-- [ RunTime:0.007302s ]
INFO: [ view_filter ] --START--
INFO: Run Behavior\WriteHtmlCacheBehavior [ RunTime:0.000463s ]
INFO: [ view_filter ] --END-- [ RunTime:0.000496s ]
NOTIC: [8] A session had already been started - ignoring session_start() G:\xampp\htdocs\paper\Application\Home\Controller\ShangchuanController.class.php 第 25 行.
INFO: [ view_parse ] --START--
INFO: Run Behavior\ParseTemplateBehavior [ RunTime:0.000480s ]
INFO: [ view_parse ] --END-- [ RunTime:-0.006092s ]
INFO: [ view_filter ] --START--
INFO: Run Behavior\WriteHtmlCacheBehavior [ RunTime:0.000007s ]
INFO: [ view_filter ] --END-- [ RunTime:-0.006108s ]
NOTIC: [2] Cannot modify header information - headers already sent by (output started at G:\xampp\htdocs\paper\ThinkPHP\Library\Think\View.class.php:95) G:\xampp\htdocs\paper\ThinkPHP\Library\Think\View.class.php 第 91 行.
NOTIC: [2] Cannot modify header information - headers already sent by (output started at G:\xampp\htdocs\paper\ThinkPHP\Library\Think\View.class.php:95) G:\xampp\htdocs\paper\ThinkPHP\Library\Think\View.class.php 第 92 行.
NOTIC: [2] Cannot modify header information - headers already sent by (output started at G:\xampp\htdocs\paper\ThinkPHP\Library\Think\View.class.php:95) G:\xampp\htdocs\paper\ThinkPHP\Library\Think\View.class.php 第 93 行.
NOTIC: [2] call_user_func() expects parameter 1 to be a valid callback, no array or string given G:\xampp\htdocs\paper\ThinkPHP\Library\Think\Upload.class.php 第 170 行.
SQL: INSERT INTO `wenzi` (`title`,`content`,`keyword`,`value`,`ctime`,`up`) VALUES ('测试','测试','测试','10','2016-04-03 14:37:15','www') [ RunTime:0.0496s ]
SQL: SELECT `savepath` FROM `wenzi` WHERE `title` = '测试' AND `content` = '测试' AND `keyword` = '测试' AND `value` = 10 AND `ctime` = '2016-04-03 14:37:15' AND `up` = 'www' LIMIT 1   [ RunTime:0.0003s ]
INFO: [ app_end ] --START--
INFO: Run Behavior\ShowPageTraceBehavior [ RunTime:0.000788s ]
INFO: [ app_end ] --END-- [ RunTime:0.000832s ]

[ 2016-04-03T14:38:55+08:00 ] ::1 /paper/index.php/Home/Shangchuan/shangchuan
INFO: [ app_init ] --START--
INFO: Run Behavior\BuildLiteBehavior [ RunTime:0.000015s ]
INFO: [ app_init ] --END-- [ RunTime:0.000630s ]
INFO: [ app_begin ] --START--
INFO: Run Behavior\ReadHtmlCacheBehavior [ RunTime:0.000874s ]
INFO: [ app_begin ] --END-- [ RunTime:0.001055s ]
NOTIC: [2] Missing argument 1 for Think\Controller::show(), called in G:\xampp\htdocs\paper\Application\Home\Controller\ShangchuanController.class.php on line 10 and defined G:\xampp\htdocs\paper\ThinkPHP\Library\Think\Controller.class.php 第 68 行.
NOTIC: [8] Undefined variable: content G:\xampp\htdocs\paper\ThinkPHP\Library\Think\Controller.class.php 第 69 行.
INFO: [ view_parse ] --START--
INFO: [ template_filter ] --START--
INFO: Run Behavior\ContentReplaceBehavior [ RunTime:0.000043s ]
INFO: [ template_filter ] --END-- [ RunTime:0.000086s ]
INFO: Run Behavior\ParseTemplateBehavior [ RunTime:0.006517s ]
INFO: [ view_parse ] --END-- [ RunTime:0.006617s ]
INFO: [ view_filter ] --START--
INFO: Run Behavior\WriteHtmlCacheBehavior [ RunTime:0.000369s ]
INFO: [ view_filter ] --END-- [ RunTime:0.000399s ]
NOTIC: [8] A session had already been started - ignoring session_start() G:\xampp\htdocs\paper\Application\Home\Controller\ShangchuanController.class.php 第 25 行.
INFO: [ view_parse ] --START--
INFO: Run Behavior\ParseTemplateBehavior [ RunTime:0.000422s ]
INFO: [ view_parse ] --END-- [ RunTime:-0.005984s ]
INFO: [ view_filter ] --START--
INFO: Run Behavior\WriteHtmlCacheBehavior [ RunTime:0.000009s ]
INFO: [ view_filter ] --END-- [ RunTime:-0.006045s ]
NOTIC: [2] Cannot modify header information - headers already sent by (output started at G:\xampp\htdocs\paper\ThinkPHP\Library\Think\View.class.php:95) G:\xampp\htdocs\paper\ThinkPHP\Library\Think\View.class.php 第 91 行.
NOTIC: [2] Cannot modify header information - headers already sent by (output started at G:\xampp\htdocs\paper\ThinkPHP\Library\Think\View.class.php:95) G:\xampp\htdocs\paper\ThinkPHP\Library\Think\View.class.php 第 92 行.
NOTIC: [2] Cannot modify header information - headers already sent by (output started at G:\xampp\htdocs\paper\ThinkPHP\Library\Think\View.class.php:95) G:\xampp\htdocs\paper\ThinkPHP\Library\Think\View.class.php 第 93 行.
NOTIC: [2] call_user_func() expects parameter 1 to be a valid callback, no array or string given G:\xampp\htdocs\paper\ThinkPHP\Library\Think\Upload.class.php 第 170 行.
SQL: INSERT INTO `wenzi` (`title`,`content`,`keyword`,`value`,`ctime`,`up`) VALUES ('测试','测试','测试','10','2016-04-03 14:38:55','www') [ RunTime:0.0377s ]
SQL: SELECT `savepath` FROM `wenzi` WHERE `title` = '测试' AND `content` = '测试' AND `keyword` = '测试' AND `value` = 10 AND `ctime` = '2016-04-03 14:38:55' AND `up` = 'www' LIMIT 1   [ RunTime:0.0003s ]
INFO: [ app_end ] --START--
INFO: Run Behavior\ShowPageTraceBehavior [ RunTime:0.000784s ]
INFO: [ app_end ] --END-- [ RunTime:0.000828s ]

[ 2016-04-03T14:43:40+08:00 ] ::1 /paper/index.php/Home/Shangchuan/shangchuan
INFO: [ app_init ] --START--
INFO: Run Behavior\BuildLiteBehavior [ RunTime:0.000023s ]
INFO: [ app_init ] --END-- [ RunTime:0.000598s ]
INFO: [ app_begin ] --START--
INFO: Run Behavior\ReadHtmlCacheBehavior [ RunTime:0.001524s ]
INFO: [ app_begin ] --END-- [ RunTime:0.001666s ]
NOTIC: [2] Missing argument 1 for Think\Controller::show(), called in G:\xampp\htdocs\paper\Application\Home\Controller\ShangchuanController.class.php on line 10 and defined G:\xampp\htdocs\paper\ThinkPHP\Library\Think\Controller.class.php 第 68 行.
NOTIC: [8] Undefined variable: content G:\xampp\htdocs\paper\ThinkPHP\Library\Think\Controller.class.php 第 69 行.
INFO: [ view_parse ] --START--
INFO: [ template_filter ] --START--
INFO: Run Behavior\ContentReplaceBehavior [ RunTime:0.000045s ]
INFO: [ template_filter ] --END-- [ RunTime:0.000086s ]
INFO: Run Behavior\ParseTemplateBehavior [ RunTime:0.005815s ]
INFO: [ view_parse ] --END-- [ RunTime:0.005860s ]
INFO: [ view_filter ] --START--
INFO: Run Behavior\WriteHtmlCacheBehavior [ RunTime:0.000497s ]
INFO: [ view_filter ] --END-- [ RunTime:0.000531s ]
NOTIC: [8] A session had already been started - ignoring session_start() G:\xampp\htdocs\paper\Application\Home\Controller\ShangchuanController.class.php 第 25 行.
INFO: [ view_parse ] --START--
INFO: Run Behavior\ParseTemplateBehavior [ RunTime:0.000521s ]
INFO: [ view_parse ] --END-- [ RunTime:-0.008003s ]
INFO: [ view_filter ] --START--
INFO: Run Behavior\WriteHtmlCacheBehavior [ RunTime:0.000010s ]
INFO: [ view_filter ] --END-- [ RunTime:-0.008037s ]
NOTIC: [2] Cannot modify header information - headers already sent by (output started at G:\xampp\htdocs\paper\ThinkPHP\Library\Think\View.class.php:95) G:\xampp\htdocs\paper\ThinkPHP\Library\Think\View.class.php 第 91 行.
NOTIC: [2] Cannot modify header information - headers already sent by (output started at G:\xampp\htdocs\paper\ThinkPHP\Library\Think\View.class.php:95) G:\xampp\htdocs\paper\ThinkPHP\Library\Think\View.class.php 第 92 行.
NOTIC: [2] Cannot modify header information - headers already sent by (output started at G:\xampp\htdocs\paper\ThinkPHP\Library\Think\View.class.php:95) G:\xampp\htdocs\paper\ThinkPHP\Library\Think\View.class.php 第 93 行.
NOTIC: [2] call_user_func() expects parameter 1 to be a valid callback, no array or string given G:\xampp\htdocs\paper\ThinkPHP\Library\Think\Upload.class.php 第 170 行.
SQL: INSERT INTO `wenzi` (`title`,`content`,`keyword`,`value`,`ctime`,`up`) VALUES ('测试','测试','测试','10','2016-04-03 14:43:40','www') [ RunTime:0.1347s ]
SQL: SELECT `savepath` FROM `wenzi` WHERE `title` = '测试' AND `content` = '测试' AND `keyword` = '测试' AND `value` = 10 AND `ctime` = '2016-04-03 14:43:40' AND `up` = 'www' LIMIT 1   [ RunTime:0.0013s ]
INFO: [ app_end ] --START--
INFO: Run Behavior\ShowPageTraceBehavior [ RunTime:0.002730s ]
INFO: [ app_end ] --END-- [ RunTime:0.002910s ]

[ 2016-04-03T14:46:00+08:00 ] ::1 /paper/index.php/Home/Shangchuan/shangchuan
INFO: [ app_init ] --START--
INFO: Run Behavior\BuildLiteBehavior [ RunTime:0.000017s ]
INFO: [ app_init ] --END-- [ RunTime:0.000543s ]
INFO: [ app_begin ] --START--
INFO: Run Behavior\ReadHtmlCacheBehavior [ RunTime:0.000762s ]
INFO: [ app_begin ] --END-- [ RunTime:0.000827s ]
NOTIC: [2] Missing argument 1 for Think\Controller::show(), called in G:\xampp\htdocs\paper\Application\Home\Controller\ShangchuanController.class.php on line 10 and defined G:\xampp\htdocs\paper\ThinkPHP\Library\Think\Controller.class.php 第 68 行.
NOTIC: [8] Undefined variable: content G:\xampp\htdocs\paper\ThinkPHP\Library\Think\Controller.class.php 第 69 行.
INFO: [ view_parse ] --START--
INFO: [ template_filter ] --START--
INFO: Run Behavior\ContentReplaceBehavior [ RunTime:0.000046s ]
INFO: [ template_filter ] --END-- [ RunTime:0.000090s ]
INFO: Run Behavior\ParseTemplateBehavior [ RunTime:0.007800s ]
INFO: [ view_parse ] --END-- [ RunTime:0.007863s ]
INFO: [ view_filter ] --START--
INFO: Run Behavior\WriteHtmlCacheBehavior [ RunTime:0.000372s ]
INFO: [ view_filter ] --END-- [ RunTime:0.000403s ]
NOTIC: [8] A session had already been started - ignoring session_start() G:\xampp\htdocs\paper\Application\Home\Controller\ShangchuanController.class.php 第 25 行.
NOTIC: [2] call_user_func() expects parameter 1 to be a valid callback, no array or string given G:\xampp\htdocs\paper\ThinkPHP\Library\Think\Upload.class.php 第 170 行.
SQL: INSERT INTO `wenzi` (`title`,`content`,`keyword`,`value`,`ctime`,`up`) VALUES ('测试','测试','测试','10','2016-04-03 14:46:00','www') [ RunTime:0.0791s ]
SQL: SELECT `savepath` FROM `wenzi` WHERE `title` = '测试' AND `content` = '测试' AND `keyword` = '测试' AND `value` = 10 AND `ctime` = '2016-04-03 14:46:00' AND `up` = 'www' LIMIT 1   [ RunTime:0.0010s ]
INFO: [ app_end ] --START--
INFO: Run Behavior\ShowPageTraceBehavior [ RunTime:0.003676s ]
INFO: [ app_end ] --END-- [ RunTime:0.003858s ]

[ 2016-04-03T14:46:34+08:00 ] ::1 /paper/index.php/Home/Shangchuan/shangchuan
INFO: [ app_init ] --START--
INFO: Run Behavior\BuildLiteBehavior [ RunTime:0.000016s ]
INFO: [ app_init ] --END-- [ RunTime:0.000440s ]
INFO: [ app_begin ] --START--
INFO: Run Behavior\ReadHtmlCacheBehavior [ RunTime:0.000550s ]
INFO: [ app_begin ] --END-- [ RunTime:0.000595s ]
NOTIC: [2] Missing argument 1 for Think\Controller::show(), called in G:\xampp\htdocs\paper\Application\Home\Controller\ShangchuanController.class.php on line 10 and defined G:\xampp\htdocs\paper\ThinkPHP\Library\Think\Controller.class.php 第 68 行.
NOTIC: [8] Undefined variable: content G:\xampp\htdocs\paper\ThinkPHP\Library\Think\Controller.class.php 第 69 行.
INFO: [ view_parse ] --START--
INFO: [ template_filter ] --START--
INFO: Run Behavior\ContentReplaceBehavior [ RunTime:0.000046s ]
INFO: [ template_filter ] --END-- [ RunTime:0.000093s ]
INFO: Run Behavior\ParseTemplateBehavior [ RunTime:0.006374s ]
INFO: [ view_parse ] --END-- [ RunTime:0.006443s ]
INFO: [ view_filter ] --START--
INFO: Run Behavior\WriteHtmlCacheBehavior [ RunTime:0.001634s ]
INFO: [ view_filter ] --END-- [ RunTime:0.001813s ]
NOTIC: [8] A session had already been started - ignoring session_start() G:\xampp\htdocs\paper\Application\Home\Controller\ShangchuanController.class.php 第 25 行.
NOTIC: [2] call_user_func() expects parameter 1 to be a valid callback, no array or string given G:\xampp\htdocs\paper\ThinkPHP\Library\Think\Upload.class.php 第 170 行.
SQL: INSERT INTO `wenzi` (`title`,`content`,`keyword`,`value`,`ctime`,`up`) VALUES ('测试','测试','测试','10','2016-04-03 14:46:34','www') [ RunTime:0.0620s ]
SQL: SELECT `savepath` FROM `wenzi` WHERE `title` = '测试' AND `content` = '测试' AND `keyword` = '测试' AND `value` = 10 AND `ctime` = '2016-04-03 14:46:34' AND `up` = 'www' LIMIT 1   [ RunTime:0.0003s ]
INFO: [ app_end ] --START--
INFO: Run Behavior\ShowPageTraceBehavior [ RunTime:0.000653s ]
INFO: [ app_end ] --END-- [ RunTime:0.000692s ]

[ 2016-04-03T14:48:05+08:00 ] ::1 /paper/index.php/Home/Shangchuan/shangchuan
INFO: [ app_init ] --START--
INFO: Run Behavior\BuildLiteBehavior [ RunTime:0.000021s ]
INFO: [ app_init ] --END-- [ RunTime:0.000649s ]
INFO: [ app_begin ] --START--
INFO: Run Behavior\ReadHtmlCacheBehavior [ RunTime:0.001161s ]
INFO: [ app_begin ] --END-- [ RunTime:0.001266s ]
NOTIC: [2] Missing argument 1 for Think\Controller::show(), called in G:\xampp\htdocs\paper\Application\Home\Controller\ShangchuanController.class.php on line 10 and defined G:\xampp\htdocs\paper\ThinkPHP\Library\Think\Controller.class.php 第 68 行.
NOTIC: [8] Undefined variable: content G:\xampp\htdocs\paper\ThinkPHP\Library\Think\Controller.class.php 第 69 行.
INFO: [ view_parse ] --START--
INFO: [ template_filter ] --START--
INFO: Run Behavior\ContentReplaceBehavior [ RunTime:0.000057s ]
INFO: [ template_filter ] --END-- [ RunTime:0.000112s ]
INFO: Run Behavior\ParseTemplateBehavior [ RunTime:0.008348s ]
INFO: [ view_parse ] --END-- [ RunTime:0.008405s ]
INFO: [ view_filter ] --START--
INFO: Run Behavior\WriteHtmlCacheBehavior [ RunTime:0.001024s ]
INFO: [ view_filter ] --END-- [ RunTime:0.001055s ]
NOTIC: [8] A session had already been started - ignoring session_start() G:\xampp\htdocs\paper\Application\Home\Controller\ShangchuanController.class.php 第 25 行.
NOTIC: [2] call_user_func() expects parameter 1 to be a valid callback, no array or string given G:\xampp\htdocs\paper\ThinkPHP\Library\Think\Upload.class.php 第 170 行.
SQL: INSERT INTO `wenzi` (`title`,`content`,`keyword`,`value`,`ctime`,`up`) VALUES ('测试','测试','测试','10','2016-04-03 14:48:04','www') [ RunTime:0.0516s ]
SQL: SELECT `downtimes` FROM `wenzi` WHERE `title` = '测试' AND `content` = '测试' AND `keyword` = '测试' AND `value` = 10 AND `ctime` = '2016-04-03 14:48:04' AND `up` = 'www' LIMIT 1   [ RunTime:0.0003s ]
INFO: [ app_end ] --START--
INFO: Run Behavior\ShowPageTraceBehavior [ RunTime:0.000824s ]
INFO: [ app_end ] --END-- [ RunTime:0.000866s ]

[ 2016-04-03T15:04:02+08:00 ] ::1 /paper/index.php/Home/Shangchuan/shangchuan
INFO: [ app_init ] --START--
INFO: Run Behavior\BuildLiteBehavior [ RunTime:0.000035s ]
INFO: [ app_init ] --END-- [ RunTime:0.001033s ]
INFO: [ app_begin ] --START--
INFO: Run Behavior\ReadHtmlCacheBehavior [ RunTime:0.001191s ]
INFO: [ app_begin ] --END-- [ RunTime:0.001255s ]
NOTIC: [2] Missing argument 1 for Think\Controller::show(), called in G:\xampp\htdocs\paper\Application\Home\Controller\ShangchuanController.class.php on line 10 and defined G:\xampp\htdocs\paper\ThinkPHP\Library\Think\Controller.class.php 第 68 行.
NOTIC: [8] Undefined variable: content G:\xampp\htdocs\paper\ThinkPHP\Library\Think\Controller.class.php 第 69 行.
INFO: [ view_parse ] --START--
INFO: [ template_filter ] --START--
INFO: Run Behavior\ContentReplaceBehavior [ RunTime:0.000043s ]
INFO: [ template_filter ] --END-- [ RunTime:0.000085s ]
INFO: Run Behavior\ParseTemplateBehavior [ RunTime:0.005804s ]
INFO: [ view_parse ] --END-- [ RunTime:0.005859s ]
INFO: [ view_filter ] --START--
INFO: Run Behavior\WriteHtmlCacheBehavior [ RunTime:0.000538s ]
INFO: [ view_filter ] --END-- [ RunTime:0.000581s ]
NOTIC: [8] A session had already been started - ignoring session_start() G:\xampp\htdocs\paper\Application\Home\Controller\ShangchuanController.class.php 第 25 行.
NOTIC: [2] call_user_func() expects parameter 1 to be a valid callback, no array or string given G:\xampp\htdocs\paper\ThinkPHP\Library\Think\Upload.class.php 第 170 行.
SQL: INSERT INTO `wenzi` (`title`,`content`,`keyword`,`value`,`ctime`,`up`) VALUES ('测试','测试','测试','10','2016-04-03 15:04:02','www') [ RunTime:0.0986s ]
SQL: SELECT `savepath` FROM `wenzi` WHERE `title` = '测试' AND `content` = '测试' AND `keyword` = '测试' AND `value` = 10 AND `ctime` = '2016-04-03 15:04:02' AND `up` = 'www' LIMIT 1   [ RunTime:0.0005s ]
INFO: [ app_end ] --START--
INFO: Run Behavior\ShowPageTraceBehavior [ RunTime:0.001341s ]
INFO: [ app_end ] --END-- [ RunTime:0.001384s ]

[ 2016-04-03T15:43:48+08:00 ] ::1 /paper/index.php/Home/Shangchuan/shangchuan
INFO: [ app_init ] --START--
INFO: Run Behavior\BuildLiteBehavior [ RunTime:0.000018s ]
INFO: [ app_init ] --END-- [ RunTime:0.001207s ]
INFO: [ app_begin ] --START--
INFO: Run Behavior\ReadHtmlCacheBehavior [ RunTime:0.001420s ]
INFO: [ app_begin ] --END-- [ RunTime:0.001497s ]
NOTIC: [2] Missing argument 1 for Think\Controller::show(), called in G:\xampp\htdocs\paper\Application\Home\Controller\ShangchuanController.class.php on line 10 and defined G:\xampp\htdocs\paper\ThinkPHP\Library\Think\Controller.class.php 第 68 行.
NOTIC: [8] Undefined variable: content G:\xampp\htdocs\paper\ThinkPHP\Library\Think\Controller.class.php 第 69 行.
INFO: [ view_parse ] --START--
INFO: [ template_filter ] --START--
INFO: Run Behavior\ContentReplaceBehavior [ RunTime:0.000112s ]
INFO: [ template_filter ] --END-- [ RunTime:0.000218s ]
INFO: Run Behavior\ParseTemplateBehavior [ RunTime:0.032366s ]
INFO: [ view_parse ] --END-- [ RunTime:0.032460s ]
INFO: [ view_filter ] --START--
INFO: Run Behavior\WriteHtmlCacheBehavior [ RunTime:0.002486s ]
INFO: [ view_filter ] --END-- [ RunTime:0.002586s ]
NOTIC: [8] A session had already been started - ignoring session_start() G:\xampp\htdocs\paper\Application\Home\Controller\ShangchuanController.class.php 第 25 行.
NOTIC: [2] call_user_func() expects parameter 1 to be a valid callback, no array or string given G:\xampp\htdocs\paper\ThinkPHP\Library\Think\Upload.class.php 第 170 行.
SQL: INSERT INTO `wenzi` (`title`,`content`,`keyword`,`value`,`ctime`,`up`) VALUES ('测试','测试','测试','10','2016-04-03 15:43:48','www') [ RunTime:0.0566s ]
SQL: SELECT `savepath` FROM `wenzi` WHERE `title` = '测试' AND `content` = '测试' AND `keyword` = '测试' AND `value` = 10 AND `ctime` = '2016-04-03 15:43:48' AND `up` = 'www' LIMIT 1   [ RunTime:0.0009s ]
INFO: [ app_end ] --START--
INFO: Run Behavior\ShowPageTraceBehavior [ RunTime:0.002427s ]
INFO: [ app_end ] --END-- [ RunTime:0.002571s ]

[ 2016-04-03T15:49:12+08:00 ] ::1 /paper/index.php/Home/Shangchuan/shangchuan
INFO: [ app_init ] --START--
INFO: Run Behavior\BuildLiteBehavior [ RunTime:0.000013s ]
INFO: [ app_init ] --END-- [ RunTime:0.000410s ]
INFO: [ app_begin ] --START--
INFO: Run Behavior\ReadHtmlCacheBehavior [ RunTime:0.000623s ]
INFO: [ app_begin ] --END-- [ RunTime:0.000668s ]
NOTIC: [2] Missing argument 1 for Think\Controller::show(), called in G:\xampp\htdocs\paper\Application\Home\Controller\ShangchuanController.class.php on line 10 and defined G:\xampp\htdocs\paper\ThinkPHP\Library\Think\Controller.class.php 第 68 行.
NOTIC: [8] Undefined variable: content G:\xampp\htdocs\paper\ThinkPHP\Library\Think\Controller.class.php 第 69 行.
INFO: [ view_parse ] --START--
INFO: [ template_filter ] --START--
INFO: Run Behavior\ContentReplaceBehavior [ RunTime:0.000048s ]
INFO: [ template_filter ] --END-- [ RunTime:0.000094s ]
INFO: Run Behavior\ParseTemplateBehavior [ RunTime:0.006947s ]
INFO: [ view_parse ] --END-- [ RunTime:0.006994s ]
INFO: [ view_filter ] --START--
INFO: Run Behavior\WriteHtmlCacheBehavior [ RunTime:0.000474s ]
INFO: [ view_filter ] --END-- [ RunTime:0.000508s ]
NOTIC: [8] A session had already been started - ignoring session_start() G:\xampp\htdocs\paper\Application\Home\Controller\ShangchuanController.class.php 第 25 行.
NOTIC: [2] call_user_func() expects parameter 1 to be a valid callback, no array or string given G:\xampp\htdocs\paper\ThinkPHP\Library\Think\Upload.class.php 第 170 行.
NOTIC: [8192] mysql_query(): The mysql extension is deprecated and will be removed in the future: use mysqli or PDO instead G:\xampp\htdocs\paper\Application\Home\Controller\ShangchuanController.class.php 第 36 行.
INFO: [ app_end ] --START--
INFO: Run Behavior\ShowPageTraceBehavior [ RunTime:0.000893s ]
INFO: [ app_end ] --END-- [ RunTime:0.000959s ]

[ 2016-04-03T15:49:51+08:00 ] ::1 /paper/index.php/Home/Shangchuan/shangchuan
INFO: [ app_init ] --START--
INFO: Run Behavior\BuildLiteBehavior [ RunTime:0.000014s ]
INFO: [ app_init ] --END-- [ RunTime:0.000447s ]
INFO: [ app_begin ] --START--
INFO: Run Behavior\ReadHtmlCacheBehavior [ RunTime:0.001684s ]
INFO: [ app_begin ] --END-- [ RunTime:0.001780s ]
NOTIC: [2] Missing argument 1 for Think\Controller::show(), called in G:\xampp\htdocs\paper\Application\Home\Controller\ShangchuanController.class.php on line 10 and defined G:\xampp\htdocs\paper\ThinkPHP\Library\Think\Controller.class.php 第 68 行.
NOTIC: [8] Undefined variable: content G:\xampp\htdocs\paper\ThinkPHP\Library\Think\Controller.class.php 第 69 行.
INFO: [ view_parse ] --START--
INFO: [ template_filter ] --START--
INFO: Run Behavior\ContentReplaceBehavior [ RunTime:0.000044s ]
INFO: [ template_filter ] --END-- [ RunTime:0.000086s ]
INFO: Run Behavior\ParseTemplateBehavior [ RunTime:0.006302s ]
INFO: [ view_parse ] --END-- [ RunTime:0.006363s ]
INFO: [ view_filter ] --START--
INFO: Run Behavior\WriteHtmlCacheBehavior [ RunTime:0.000682s ]
INFO: [ view_filter ] --END-- [ RunTime:0.000719s ]
NOTIC: [8] A session had already been started - ignoring session_start() G:\xampp\htdocs\paper\Application\Home\Controller\ShangchuanController.class.php 第 25 行.
NOTIC: [2] call_user_func() expects parameter 1 to be a valid callback, no array or string given G:\xampp\htdocs\paper\ThinkPHP\Library\Think\Upload.class.php 第 170 行.
NOTIC: [8] Undefined index: www G:\xampp\htdocs\paper\Application\Home\Controller\ShangchuanController.class.php 第 35 行.
NOTIC: [8192] mysql_query(): The mysql extension is deprecated and will be removed in the future: use mysqli or PDO instead G:\xampp\htdocs\paper\Application\Home\Controller\ShangchuanController.class.php 第 36 行.
INFO: [ app_end ] --START--
INFO: Run Behavior\ShowPageTraceBehavior [ RunTime:0.000833s ]
INFO: [ app_end ] --END-- [ RunTime:0.000884s ]

