[ 2016-04-11T17:06:32+08:00 ] ::1 /paper/
INFO: [ app_init ] --START--
INFO: Run Behavior\BuildLiteBehavior [ RunTime:0.000014s ]
INFO: [ app_init ] --END-- [ RunTime:0.001312s ]

[ 2016-04-11T17:06:38+08:00 ] ::1 /paper/index.php/Home/Shangchuan/shangchuan.html
INFO: [ app_init ] --START--
INFO: Run Behavior\BuildLiteBehavior [ RunTime:0.000028s ]
INFO: [ app_init ] --END-- [ RunTime:0.000996s ]

[ 2016-04-11T17:06:39+08:00 ] ::1 /paper/index.php/Home/Denglu/denglu
INFO: [ app_init ] --START--
INFO: Run Behavior\BuildLiteBehavior [ RunTime:0.000012s ]
INFO: [ app_init ] --END-- [ RunTime:0.000452s ]

[ 2016-04-11T17:06:46+08:00 ] ::1 /paper/index.php/Home/Denglu/denglu
INFO: [ app_init ] --START--
INFO: Run Behavior\BuildLiteBehavior [ RunTime:0.000012s ]
INFO: [ app_init ] --END-- [ RunTime:0.000435s ]

[ 2016-04-11T17:06:48+08:00 ] ::1 /paper/index.php/Home/Lunwen/lunwen
INFO: [ app_init ] --START--
INFO: Run Behavior\BuildLiteBehavior [ RunTime:0.000038s ]
INFO: [ app_init ] --END-- [ RunTime:0.001293s ]

[ 2016-04-11T17:06:56+08:00 ] ::1 /paper/index.php/Home/Lunwen/chakan.html?id=49
INFO: [ app_init ] --START--
INFO: Run Behavior\BuildLiteBehavior [ RunTime:0.000031s ]
INFO: [ app_init ] --END-- [ RunTime:0.001034s ]

[ 2016-04-11T17:07:02+08:00 ] ::1 /paper/index.php/Home/Lunwen/download.html?id=49
INFO: [ app_init ] --START--
INFO: Run Behavior\BuildLiteBehavior [ RunTime:0.000019s ]
INFO: [ app_init ] --END-- [ RunTime:0.000424s ]

[ 2016-04-11T17:08:22+08:00 ] ::1 /paper/index.php/Home/Lunwen/download.html?id=49
INFO: [ app_init ] --START--
INFO: Run Behavior\BuildLiteBehavior [ RunTime:0.000022s ]
INFO: [ app_init ] --END-- [ RunTime:0.000805s ]

[ 2016-04-11T17:08:31+08:00 ] ::1 /paper/index.php/Home/Lunwen/download.html?id=49
INFO: [ app_init ] --START--
INFO: Run Behavior\BuildLiteBehavior [ RunTime:0.000096s ]
INFO: [ app_init ] --END-- [ RunTime:0.001484s ]

[ 2016-04-11T17:08:33+08:00 ] ::1 /paper/index.php/Home/Lunwen/download.html?id=49
INFO: [ app_init ] --START--
INFO: Run Behavior\BuildLiteBehavior [ RunTime:0.000035s ]
INFO: [ app_init ] --END-- [ RunTime:0.001327s ]

[ 2016-04-11T17:08:34+08:00 ] ::1 /paper/index.php/Home/Lunwen/download.html?id=49
INFO: [ app_init ] --START--
INFO: Run Behavior\BuildLiteBehavior [ RunTime:0.000038s ]
INFO: [ app_init ] --END-- [ RunTime:0.001233s ]

[ 2016-04-11T17:08:35+08:00 ] ::1 /paper/index.php/Home/Lunwen/download.html?id=49
INFO: [ app_init ] --START--
INFO: Run Behavior\BuildLiteBehavior [ RunTime:0.000037s ]
INFO: [ app_init ] --END-- [ RunTime:0.001225s ]

[ 2016-04-11T17:09:14+08:00 ] ::1 /paper/index.php/Home/Lunwen/download.html?id=49
INFO: [ app_init ] --START--
INFO: Run Behavior\BuildLiteBehavior [ RunTime:0.000037s ]
INFO: [ app_init ] --END-- [ RunTime:0.001274s ]

[ 2016-04-11T17:09:21+08:00 ] ::1 /paper/index.php/Home/Lunwen/lunwen
INFO: [ app_init ] --START--
INFO: Run Behavior\BuildLiteBehavior [ RunTime:0.000013s ]
INFO: [ app_init ] --END-- [ RunTime:0.000477s ]

[ 2016-04-11T17:09:27+08:00 ] ::1 /paper/index.php/Home/Lunwen/lunwen
INFO: [ app_init ] --START--
INFO: Run Behavior\BuildLiteBehavior [ RunTime:0.000038s ]
INFO: [ app_init ] --END-- [ RunTime:0.001343s ]

[ 2016-04-11T17:09:32+08:00 ] ::1 /paper/index.php/Home/Lunwen/chakan.html?id=48
INFO: [ app_init ] --START--
INFO: Run Behavior\BuildLiteBehavior [ RunTime:0.000012s ]
INFO: [ app_init ] --END-- [ RunTime:0.000429s ]

[ 2016-04-11T17:09:35+08:00 ] ::1 /paper/index.php/Home/Lunwen/download.html?id=48
INFO: [ app_init ] --START--
INFO: Run Behavior\BuildLiteBehavior [ RunTime:0.000013s ]
INFO: [ app_init ] --END-- [ RunTime:0.000449s ]

[ 2016-04-11T17:14:26+08:00 ] ::1 /paper/index.php/Home/Lunwen/chakan.html?id=48
INFO: [ app_init ] --START--
INFO: Run Behavior\BuildLiteBehavior [ RunTime:0.000024s ]
INFO: [ app_init ] --END-- [ RunTime:0.000760s ]

[ 2016-04-11T17:14:30+08:00 ] ::1 /paper/index.php/Home/Lunwen/download.html?id=48
INFO: [ app_init ] --START--
INFO: Run Behavior\BuildLiteBehavior [ RunTime:0.000015s ]
INFO: [ app_init ] --END-- [ RunTime:0.000457s ]

[ 2016-04-11T17:14:35+08:00 ] ::1 /paper/index.php/Home/Lunwen/chakan.html?id=48
INFO: [ app_init ] --START--
INFO: Run Behavior\BuildLiteBehavior [ RunTime:0.000053s ]
INFO: [ app_init ] --END-- [ RunTime:0.002426s ]

[ 2016-04-11T17:16:58+08:00 ] ::1 /paper/index.php/Home/Lunwen/chakan.html?id=48
INFO: [ app_init ] --START--
INFO: Run Behavior\BuildLiteBehavior [ RunTime:0.000186s ]
INFO: [ app_init ] --END-- [ RunTime:0.002761s ]

[ 2016-04-11T17:17:03+08:00 ] ::1 /paper/index.php/Home/Lunwen/lunwen.html
INFO: [ app_init ] --START--
INFO: Run Behavior\BuildLiteBehavior [ RunTime:0.000015s ]
INFO: [ app_init ] --END-- [ RunTime:0.000553s ]

[ 2016-04-11T17:17:06+08:00 ] ::1 /paper/index.php/Home/Lunwen/lunwen.html
INFO: [ app_init ] --START--
INFO: Run Behavior\BuildLiteBehavior [ RunTime:0.000039s ]
INFO: [ app_init ] --END-- [ RunTime:0.001294s ]

[ 2016-04-11T17:17:10+08:00 ] ::1 /paper/index.php/Home/Lunwen/chakan.html?id=49
INFO: [ app_init ] --START--
INFO: Run Behavior\BuildLiteBehavior [ RunTime:0.000020s ]
INFO: [ app_init ] --END-- [ RunTime:0.000658s ]

[ 2016-04-11T17:19:11+08:00 ] ::1 /paper/index.php/Home/Lunwen/chakan.html?id=49
INFO: [ app_init ] --START--
INFO: Run Behavior\BuildLiteBehavior [ RunTime:0.000024s ]
INFO: [ app_init ] --END-- [ RunTime:0.000767s ]

[ 2016-04-11T17:19:16+08:00 ] ::1 /paper/index.php/Home/Lunwen/download.html?id=49
INFO: [ app_init ] --START--
INFO: Run Behavior\BuildLiteBehavior [ RunTime:0.000014s ]
INFO: [ app_init ] --END-- [ RunTime:0.000457s ]

[ 2016-04-11T17:20:15+08:00 ] ::1 /paper/index.php/Home/Lunwen/download.html?id=49
INFO: [ app_init ] --START--
INFO: Run Behavior\BuildLiteBehavior [ RunTime:0.000036s ]
INFO: [ app_init ] --END-- [ RunTime:0.001203s ]

[ 2016-04-11T17:21:13+08:00 ] ::1 /paper/index.php/Home/Lunwen/download.html?id=49
INFO: [ app_init ] --START--
INFO: Run Behavior\BuildLiteBehavior [ RunTime:0.000036s ]
INFO: [ app_init ] --END-- [ RunTime:0.001237s ]

[ 2016-04-11T17:21:17+08:00 ] ::1 /paper/index.php/Home/Lunwen/download.html?id=49
INFO: [ app_init ] --START--
INFO: Run Behavior\BuildLiteBehavior [ RunTime:0.000039s ]
INFO: [ app_init ] --END-- [ RunTime:0.001541s ]

[ 2016-04-11T17:22:02+08:00 ] ::1 /paper/index.php/Home/Lunwen/download.html?id=49
INFO: [ app_init ] --START--
INFO: Run Behavior\BuildLiteBehavior [ RunTime:0.000039s ]
INFO: [ app_init ] --END-- [ RunTime:0.001251s ]

[ 2016-04-11T17:22:33+08:00 ] ::1 /paper/index.php/Home/Lunwen/download.html?id=49
INFO: [ app_init ] --START--
INFO: Run Behavior\BuildLiteBehavior [ RunTime:0.000036s ]
INFO: [ app_init ] --END-- [ RunTime:0.001185s ]

[ 2016-04-11T17:22:56+08:00 ] ::1 /paper/index.php/Home/Lunwen/download.html?id=49
INFO: [ app_init ] --START--
INFO: Run Behavior\BuildLiteBehavior [ RunTime:0.000037s ]
INFO: [ app_init ] --END-- [ RunTime:0.001179s ]

[ 2016-04-11T17:23:29+08:00 ] ::1 /paper/index.php/Home/Lunwen/download.html?id=49
INFO: [ app_init ] --START--
INFO: Run Behavior\BuildLiteBehavior [ RunTime:0.000038s ]
INFO: [ app_init ] --END-- [ RunTime:0.001338s ]

[ 2016-04-11T17:23:34+08:00 ] ::1 /paper/index.php/Home/Lunwen
INFO: [ app_init ] --START--
INFO: Run Behavior\BuildLiteBehavior [ RunTime:0.000013s ]
INFO: [ app_init ] --END-- [ RunTime:0.000454s ]
ERR: 非法操作:index

[ 2016-04-11T17:23:45+08:00 ] ::1 /paper/index.php/Home/Lunwen/lunwen
INFO: [ app_init ] --START--
INFO: Run Behavior\BuildLiteBehavior [ RunTime:0.000067s ]
INFO: [ app_init ] --END-- [ RunTime:0.000894s ]

[ 2016-04-11T17:23:50+08:00 ] ::1 /paper/index.php/Home/Lunwen/chakan.html?id=49
INFO: [ app_init ] --START--
INFO: Run Behavior\BuildLiteBehavior [ RunTime:0.000017s ]
INFO: [ app_init ] --END-- [ RunTime:0.000461s ]

[ 2016-04-11T17:23:54+08:00 ] ::1 /paper/index.php/Home/Lunwen/download.html?id=49
INFO: [ app_init ] --START--
INFO: Run Behavior\BuildLiteBehavior [ RunTime:0.000014s ]
INFO: [ app_init ] --END-- [ RunTime:0.000430s ]

[ 2016-04-11T17:24:26+08:00 ] ::1 /paper/index.php/Home/Lunwen/chakan.html?id=49
INFO: [ app_init ] --START--
INFO: Run Behavior\BuildLiteBehavior [ RunTime:0.000039s ]
INFO: [ app_init ] --END-- [ RunTime:0.001317s ]

[ 2016-04-11T17:24:57+08:00 ] ::1 /paper/index.php/Home/Index/logout.html
INFO: [ app_init ] --START--
INFO: Run Behavior\BuildLiteBehavior [ RunTime:0.000013s ]
INFO: [ app_init ] --END-- [ RunTime:0.000491s ]

[ 2016-04-11T17:24:58+08:00 ] ::1 /paper/index.php/Home/Index/index
INFO: [ app_init ] --START--
INFO: Run Behavior\BuildLiteBehavior [ RunTime:0.000030s ]
INFO: [ app_init ] --END-- [ RunTime:0.000926s ]

[ 2016-04-11T17:25:01+08:00 ] ::1 /paper/index.php/Home/Denglu/denglu.html
INFO: [ app_init ] --START--
INFO: Run Behavior\BuildLiteBehavior [ RunTime:0.000021s ]
INFO: [ app_init ] --END-- [ RunTime:0.000629s ]

[ 2016-04-11T17:25:04+08:00 ] ::1 /paper/index.php/Home/Denglu/denglu
INFO: [ app_init ] --START--
INFO: Run Behavior\BuildLiteBehavior [ RunTime:0.000028s ]
INFO: [ app_init ] --END-- [ RunTime:0.000970s ]

[ 2016-04-11T17:25:13+08:00 ] ::1 /paper/index.php/Home/Denglu/denglu
INFO: [ app_init ] --START--
INFO: Run Behavior\BuildLiteBehavior [ RunTime:0.000150s ]
INFO: [ app_init ] --END-- [ RunTime:0.002663s ]

[ 2016-04-11T17:25:15+08:00 ] ::1 /paper/index.php/Home/Lunwen/lunwen
INFO: [ app_init ] --START--
INFO: Run Behavior\BuildLiteBehavior [ RunTime:0.000027s ]
INFO: [ app_init ] --END-- [ RunTime:0.000721s ]

[ 2016-04-11T17:25:21+08:00 ] ::1 /paper/index.php/Home/Lunwen/chakan.html?id=49
INFO: [ app_init ] --START--
INFO: Run Behavior\BuildLiteBehavior [ RunTime:0.000014s ]
INFO: [ app_init ] --END-- [ RunTime:0.000477s ]

[ 2016-04-11T17:26:27+08:00 ] ::1 /paper/index.php/Home/Lunwen/chakan.html?id=49
INFO: [ app_init ] --START--
INFO: Run Behavior\BuildLiteBehavior [ RunTime:0.000038s ]
INFO: [ app_init ] --END-- [ RunTime:0.001261s ]

[ 2016-04-11T17:26:32+08:00 ] ::1 /paper/index.php/Home/Lunwen/download.html?id=49
INFO: [ app_init ] --START--
INFO: Run Behavior\BuildLiteBehavior [ RunTime:0.000015s ]
INFO: [ app_init ] --END-- [ RunTime:0.000495s ]

[ 2016-04-11T17:34:09+08:00 ] ::1 /paper/
INFO: [ app_init ] --START--
INFO: Run Behavior\BuildLiteBehavior [ RunTime:0.000016s ]
INFO: [ app_init ] --END-- [ RunTime:0.000596s ]

[ 2016-04-11T17:34:14+08:00 ] ::1 /paper/index.php/Home/Denglu/denglu.html
INFO: [ app_init ] --START--
INFO: Run Behavior\BuildLiteBehavior [ RunTime:0.000014s ]
INFO: [ app_init ] --END-- [ RunTime:0.000499s ]

[ 2016-04-11T17:34:15+08:00 ] ::1 /paper/index.php/Home/Lunwen/lunwen
INFO: [ app_init ] --START--
INFO: Run Behavior\BuildLiteBehavior [ RunTime:0.000040s ]
INFO: [ app_init ] --END-- [ RunTime:0.000866s ]

[ 2016-04-11T17:34:24+08:00 ] ::1 /paper/index.php/Home/Lunwen/lunwen.html
INFO: [ app_init ] --START--
INFO: Run Behavior\BuildLiteBehavior [ RunTime:0.000013s ]
INFO: [ app_init ] --END-- [ RunTime:0.000483s ]

[ 2016-04-11T17:34:28+08:00 ] ::1 /paper/index.php/Home/Lunwen/chakan.html?id=49
INFO: [ app_init ] --START--
INFO: Run Behavior\BuildLiteBehavior [ RunTime:0.000015s ]
INFO: [ app_init ] --END-- [ RunTime:0.000525s ]

[ 2016-04-11T17:34:32+08:00 ] ::1 /paper/index.php/Home/Lunwen/download.html?id=49
INFO: [ app_init ] --START--
INFO: Run Behavior\BuildLiteBehavior [ RunTime:0.000013s ]
INFO: [ app_init ] --END-- [ RunTime:0.000471s ]

[ 2016-04-11T17:34:41+08:00 ] ::1 /paper/index.php/Home/Lunwen/lunwen.html
INFO: [ app_init ] --START--
INFO: Run Behavior\BuildLiteBehavior [ RunTime:0.000014s ]
INFO: [ app_init ] --END-- [ RunTime:0.000461s ]

[ 2016-04-11T17:34:45+08:00 ] ::1 /paper/index.php/Home/Lunwen/chakan.html?id=46
INFO: [ app_init ] --START--
INFO: Run Behavior\BuildLiteBehavior [ RunTime:0.000013s ]
INFO: [ app_init ] --END-- [ RunTime:0.000441s ]

[ 2016-04-11T17:34:48+08:00 ] ::1 /paper/index.php/Home/Lunwen/download.html?id=46
INFO: [ app_init ] --START--
INFO: Run Behavior\BuildLiteBehavior [ RunTime:0.000017s ]
INFO: [ app_init ] --END-- [ RunTime:0.000519s ]

[ 2016-04-11T17:34:55+08:00 ] ::1 /paper/index.php/Home/Lunwen/chakan.html?id=46
INFO: [ app_init ] --START--
INFO: Run Behavior\BuildLiteBehavior [ RunTime:0.000037s ]
INFO: [ app_init ] --END-- [ RunTime:0.001206s ]

[ 2016-04-11T17:35:07+08:00 ] ::1 /paper/index.php/Home/Lunwen/chakan.html?id=46
INFO: [ app_init ] --START--
INFO: Run Behavior\BuildLiteBehavior [ RunTime:0.000037s ]
INFO: [ app_init ] --END-- [ RunTime:0.001371s ]

[ 2016-04-11T17:35:16+08:00 ] ::1 /paper/index.php/Home/Shangchuan/shangchuan.html
INFO: [ app_init ] --START--
INFO: Run Behavior\BuildLiteBehavior [ RunTime:0.000015s ]
INFO: [ app_init ] --END-- [ RunTime:0.000397s ]

[ 2016-04-11T17:36:24+08:00 ] ::1 /paper/index.php/Home/Shangchuan/shangchuan.html
INFO: [ app_init ] --START--
INFO: Run Behavior\BuildLiteBehavior [ RunTime:0.000042s ]
INFO: [ app_init ] --END-- [ RunTime:0.001373s ]
INFO: [ app_begin ] --START--
INFO: Run Behavior\ReadHtmlCacheBehavior [ RunTime:0.001775s ]
INFO: [ app_begin ] --END-- [ RunTime:0.001933s ]
NOTIC: [2] Missing argument 1 for Think\Controller::show(), called in G:\xampp\htdocs\paper\Application\Home\Controller\ShangchuanController.class.php on line 14 and defined G:\xampp\htdocs\paper\ThinkPHP\Library\Think\Controller.class.php 第 68 行.
NOTIC: [8] Undefined variable: content G:\xampp\htdocs\paper\ThinkPHP\Library\Think\Controller.class.php 第 69 行.
INFO: [ view_parse ] --START--
INFO: [ template_filter ] --START--
INFO: Run Behavior\ContentReplaceBehavior [ RunTime:0.000200s ]
INFO: [ template_filter ] --END-- [ RunTime:0.000346s ]
NOTIC: [8] Undefined variable: name G:\xampp\htdocs\paper\Application\Runtime\Cache\Home\94019c106d353c74a5456be3c62b8e27.php 第 74 行.
NOTIC: [8] Undefined variable: score G:\xampp\htdocs\paper\Application\Runtime\Cache\Home\94019c106d353c74a5456be3c62b8e27.php 第 74 行.
INFO: Run Behavior\ParseTemplateBehavior [ RunTime:0.026183s ]
INFO: [ view_parse ] --END-- [ RunTime:0.026491s ]
INFO: [ view_filter ] --START--
INFO: Run Behavior\WriteHtmlCacheBehavior [ RunTime:0.001580s ]
INFO: [ view_filter ] --END-- [ RunTime:0.001737s ]
SQL: SHOW COLUMNS FROM `wenzi` [ RunTime:0.0171s ]
NOTIC: [8] Undefined index: file G:\xampp\htdocs\paper\Application\Home\Controller\ShangchuanController.class.php 第 26 行.
INFO: [ app_end ] --START--
INFO: Run Behavior\ShowPageTraceBehavior [ RunTime:0.003007s ]
INFO: [ app_end ] --END-- [ RunTime:0.003234s ]

[ 2016-04-11T17:38:08+08:00 ] ::1 /paper/index.php/Home/Index/index.html
INFO: [ app_init ] --START--
INFO: Run Behavior\BuildLiteBehavior [ RunTime:0.000014s ]
INFO: [ app_init ] --END-- [ RunTime:0.000473s ]
INFO: [ app_begin ] --START--
INFO: Run Behavior\ReadHtmlCacheBehavior [ RunTime:0.000549s ]
INFO: [ app_begin ] --END-- [ RunTime:0.000600s ]
SQL: SHOW COLUMNS FROM `user` [ RunTime:0.0159s ]
SQL: SELECT MAX(score) AS tp_max FROM `user` LIMIT 1   [ RunTime:0.0009s ]
SQL: SELECT `name` FROM `user` WHERE ( score = '352' ) LIMIT 1   [ RunTime:0.0007s ]
SQL: SHOW COLUMNS FROM `wenzi` [ RunTime:0.0130s ]
SQL: SELECT MAX(downtimes) AS tp_max FROM `wenzi` LIMIT 1   [ RunTime:0.0007s ]
SQL: SELECT `title` FROM `wenzi` WHERE ( downtimes = '25' ) LIMIT 1   [ RunTime:0.0007s ]
NOTIC: [2] Missing argument 1 for Think\Controller::show(), called in G:\xampp\htdocs\paper\Application\Home\Controller\IndexController.class.php on line 29 and defined G:\xampp\htdocs\paper\ThinkPHP\Library\Think\Controller.class.php 第 68 行.
NOTIC: [8] Undefined variable: content G:\xampp\htdocs\paper\ThinkPHP\Library\Think\Controller.class.php 第 69 行.
INFO: [ view_parse ] --START--
INFO: [ template_filter ] --START--
INFO: Run Behavior\ContentReplaceBehavior [ RunTime:0.000215s ]
INFO: [ template_filter ] --END-- [ RunTime:0.000362s ]
INFO: Run Behavior\ParseTemplateBehavior [ RunTime:0.023931s ]
INFO: [ view_parse ] --END-- [ RunTime:0.024075s ]
INFO: [ view_filter ] --START--
INFO: Run Behavior\WriteHtmlCacheBehavior [ RunTime:0.000950s ]
INFO: [ view_filter ] --END-- [ RunTime:0.001061s ]
INFO: [ app_end ] --START--
INFO: Run Behavior\ShowPageTraceBehavior [ RunTime:0.001977s ]
INFO: [ app_end ] --END-- [ RunTime:0.002169s ]

[ 2016-04-11T22:34:57+08:00 ] ::1 /paper/index.php/home/shangchuan/shangchuan
ERR: 1452:Cannot add or update a child row: a foreign key constraint fails (`paper`.`wenzi`, CONSTRAINT `wenzi_ibfk_1` FOREIGN KEY (`up`) REFERENCES `user` (`name`) ON DELETE CASCADE ON UPDATE NO ACTION)
 [ SQL语句 ] : INSERT INTO `wenzi` () VALUES ()

[ 2016-04-11T22:36:04+08:00 ] ::1 /paper/index.php/home/shangchuan/shangchuan
INFO: [ app_init ] --START--
INFO: Run Behavior\BuildLiteBehavior [ RunTime:0.000031s ]
INFO: [ app_init ] --END-- [ RunTime:0.001154s ]
ERR: 1452:Cannot add or update a child row: a foreign key constraint fails (`paper`.`wenzi`, CONSTRAINT `wenzi_ibfk_1` FOREIGN KEY (`up`) REFERENCES `user` (`name`) ON DELETE CASCADE ON UPDATE NO ACTION)
 [ SQL语句 ] : INSERT INTO `wenzi` (`filename`) VALUES ('123')

[ 2016-04-11T22:41:10+08:00 ] ::1 /paper/index.php/home/shangchuan/shangchuan
INFO: [ app_init ] --START--
INFO: Run Behavior\BuildLiteBehavior [ RunTime:0.000024s ]
INFO: [ app_init ] --END-- [ RunTime:0.000867s ]

[ 2016-04-11T22:48:34+08:00 ] ::1 /paper/index.php/home/shangchuan/shangchuan
INFO: [ app_init ] --START--
INFO: Run Behavior\BuildLiteBehavior [ RunTime:0.000014s ]
INFO: [ app_init ] --END-- [ RunTime:0.000498s ]

[ 2016-04-11T22:50:04+08:00 ] ::1 /paper/index.php/home/shangchuan/shangchuan
INFO: [ app_init ] --START--
INFO: Run Behavior\BuildLiteBehavior [ RunTime:0.000013s ]
INFO: [ app_init ] --END-- [ RunTime:0.000421s ]

[ 2016-04-11T22:51:06+08:00 ] ::1 /paper/index.php/Home/Lunwen/lunwen.html
INFO: [ app_init ] --START--
INFO: Run Behavior\BuildLiteBehavior [ RunTime:0.000014s ]
INFO: [ app_init ] --END-- [ RunTime:0.000428s ]

[ 2016-04-11T22:51:09+08:00 ] ::1 /paper/index.php/Home/Lunwen/chakan.html?id=71
INFO: [ app_init ] --START--
INFO: Run Behavior\BuildLiteBehavior [ RunTime:0.000016s ]
INFO: [ app_init ] --END-- [ RunTime:0.000575s ]

[ 2016-04-11T22:51:14+08:00 ] ::1 /paper/index.php/Home/Lunwen/download.html?id=71
INFO: [ app_init ] --START--
INFO: Run Behavior\BuildLiteBehavior [ RunTime:0.000015s ]
INFO: [ app_init ] --END-- [ RunTime:0.000447s ]

[ 2016-04-11T22:51:18+08:00 ] ::1 /paper/index.php/Home/Lunwen/chakan.html?id=71
INFO: [ app_init ] --START--
INFO: Run Behavior\BuildLiteBehavior [ RunTime:0.000013s ]
INFO: [ app_init ] --END-- [ RunTime:0.000459s ]

[ 2016-04-11T23:01:40+08:00 ] ::1 /paper/index.php/Home/Lunwen/chakan.html?id=71
INFO: [ app_init ] --START--
INFO: Run Behavior\BuildLiteBehavior [ RunTime:0.000012s ]
INFO: [ app_init ] --END-- [ RunTime:0.000428s ]

[ 2016-04-11T23:01:50+08:00 ] ::1 /paper/index.php/Home/Lunwen/chakan?id=71
INFO: [ app_init ] --START--
INFO: Run Behavior\BuildLiteBehavior [ RunTime:0.000012s ]
INFO: [ app_init ] --END-- [ RunTime:0.000345s ]

[ 2016-04-11T23:11:16+08:00 ] ::1 /paper/index.php/Home/Lunwen/chakan?id=71
INFO: [ app_init ] --START--
INFO: Run Behavior\BuildLiteBehavior [ RunTime:0.000016s ]
INFO: [ app_init ] --END-- [ RunTime:0.000480s ]

[ 2016-04-11T23:11:24+08:00 ] ::1 /paper/index.php/Home/Lunwen/download.html?id=71
INFO: [ app_init ] --START--
INFO: Run Behavior\BuildLiteBehavior [ RunTime:0.000011s ]
INFO: [ app_init ] --END-- [ RunTime:0.000426s ]

[ 2016-04-11T23:11:33+08:00 ] ::1 /paper/index.php/Home/Lunwen/chakan?id=71
INFO: [ app_init ] --START--
INFO: Run Behavior\BuildLiteBehavior [ RunTime:0.000022s ]
INFO: [ app_init ] --END-- [ RunTime:0.001529s ]

[ 2016-04-11T23:11:45+08:00 ] ::1 /paper/index.php/Home/Lunwen/chakan?id=71
INFO: [ app_init ] --START--
INFO: Run Behavior\BuildLiteBehavior [ RunTime:0.000013s ]
INFO: [ app_init ] --END-- [ RunTime:0.000478s ]

[ 2016-04-11T23:11:51+08:00 ] ::1 /paper/index.php/Home/Lunwen/lunwen.html
INFO: [ app_init ] --START--
INFO: Run Behavior\BuildLiteBehavior [ RunTime:0.000011s ]
INFO: [ app_init ] --END-- [ RunTime:0.000357s ]

[ 2016-04-11T23:11:54+08:00 ] ::1 /paper/index.php/Home/Lunwen/chakan.html?id=71
INFO: [ app_init ] --START--
INFO: Run Behavior\BuildLiteBehavior [ RunTime:0.000014s ]
INFO: [ app_init ] --END-- [ RunTime:0.000484s ]

[ 2016-04-11T23:12:02+08:00 ] ::1 /paper/index.php/Home/Lunwen/chakan?id=71
INFO: [ app_init ] --START--
INFO: Run Behavior\BuildLiteBehavior [ RunTime:0.000017s ]
INFO: [ app_init ] --END-- [ RunTime:0.000511s ]

[ 2016-04-11T23:12:47+08:00 ] ::1 /paper/index.php/Home/Lunwen/download.html?id=71
INFO: [ app_init ] --START--
INFO: Run Behavior\BuildLiteBehavior [ RunTime:0.000014s ]
INFO: [ app_init ] --END-- [ RunTime:0.000465s ]

[ 2016-04-11T23:13:07+08:00 ] ::1 /paper/index.php/Home/Lunwen/chakan?id=71
INFO: [ app_init ] --START--
INFO: Run Behavior\BuildLiteBehavior [ RunTime:0.000011s ]
INFO: [ app_init ] --END-- [ RunTime:0.000346s ]

[ 2016-04-11T23:14:35+08:00 ] ::1 /paper/index.php/Home/Lunwen/download.html?id=71
INFO: [ app_init ] --START--
INFO: Run Behavior\BuildLiteBehavior [ RunTime:0.000013s ]
INFO: [ app_init ] --END-- [ RunTime:0.000461s ]

[ 2016-04-11T23:14:43+08:00 ] ::1 /paper/index.php/Home/Lunwen/chakan?id=71
INFO: [ app_init ] --START--
INFO: Run Behavior\BuildLiteBehavior [ RunTime:0.000023s ]
INFO: [ app_init ] --END-- [ RunTime:0.001444s ]

