[ 2016-04-11T22:19:26+08:00 ] ::1 /paper/Public/html/js/plugins/morris/morris.min.js
ERR: 无法加载模块:Public

[ 2016-04-11T22:19:26+08:00 ] ::1 /paper/Public/html/css/sb-admin.css
ERR: 无法加载模块:Public

[ 2016-04-11T22:19:26+08:00 ] ::1 /paper/Public/html/js/plugins/morris/morris-data.js
ERR: 无法加载模块:Public

[ 2016-04-11T22:19:26+08:00 ] ::1 /paper/Public/html/css/font-awesome/css/font-awesome.min.css
ERR: 无法加载模块:Public

[ 2016-04-11T22:19:26+08:00 ] ::1 /paper/Public/html/js/plugins/morris/raphael.min.js
ERR: 无法加载模块:Public

[ 2016-04-11T22:20:33+08:00 ] ::1 /paper/Public/html/js/plugins/morris/morris.min.js
ERR: 无法加载模块:Public

[ 2016-04-11T22:20:33+08:00 ] ::1 /paper/Public/html/css/sb-admin.css
ERR: 无法加载模块:Public

[ 2016-04-11T22:20:33+08:00 ] ::1 /paper/Public/html/css/font-awesome/css/font-awesome.min.css
ERR: 无法加载模块:Public

[ 2016-04-11T22:20:33+08:00 ] ::1 /paper/Public/html/js/plugins/morris/morris-data.js
ERR: 无法加载模块:Public

[ 2016-04-11T22:20:33+08:00 ] ::1 /paper/Public/html/js/plugins/morris/raphael.min.js
ERR: 无法加载模块:Public

