[ 2016-03-24T16:16:19+08:00 ] ::1 /paper/img/paper.jpg
INFO: [ app_init ] --START--
INFO: Run Behavior\BuildLiteBehavior [ RunTime:0.000019s ]
INFO: [ app_init ] --END-- [ RunTime:0.000407s ]
ERR: 无法加载模块:Img

[ 2016-03-24T16:19:39+08:00 ] ::1 /paper/__VIEW__/img/paper.jpg
INFO: [ app_init ] --START--
INFO: Run Behavior\BuildLiteBehavior [ RunTime:0.000012s ]
INFO: [ app_init ] --END-- [ RunTime:0.000322s ]
ERR: 无法加载模块:__VIEW__

[ 2016-03-24T17:12:22+08:00 ] ::1 /paper/index.php/Application/Home/Controller/Zhuce.html
INFO: [ app_init ] --START--
INFO: Run Behavior\BuildLiteBehavior [ RunTime:0.000034s ]
INFO: [ app_init ] --END-- [ RunTime:0.001183s ]
ERR: 无法加载模块:Application

[ 2016-03-24T17:12:51+08:00 ] ::1 /paper/index.php/Application/Home/Controller/Zhuce.html
INFO: [ app_init ] --START--
INFO: Run Behavior\BuildLiteBehavior [ RunTime:0.000013s ]
INFO: [ app_init ] --END-- [ RunTime:0.000435s ]
ERR: 无法加载模块:Application

[ 2016-03-24T17:13:26+08:00 ] ::1 /paper/index.php/Application/Home/Controller/Zhuce.html
INFO: [ app_init ] --START--
INFO: Run Behavior\BuildLiteBehavior [ RunTime:0.000041s ]
INFO: [ app_init ] --END-- [ RunTime:0.000951s ]
ERR: 无法加载模块:Application

[ 2016-03-24T17:13:40+08:00 ] ::1 /paper/index.php/Zhuce.html
INFO: [ app_init ] --START--
INFO: Run Behavior\BuildLiteBehavior [ RunTime:0.000014s ]
INFO: [ app_init ] --END-- [ RunTime:0.000445s ]
ERR: 无法加载模块:Zhuce

[ 2016-03-24T20:05:35+08:00 ] ::1 /paper/index.php/Zhuce.html
INFO: [ app_init ] --START--
INFO: Run Behavior\BuildLiteBehavior [ RunTime:0.000053s ]
INFO: [ app_init ] --END-- [ RunTime:0.000782s ]
ERR: 无法加载模块:Zhuce

[ 2016-03-24T20:06:47+08:00 ] ::1 /paper/index.php/Zhuce.html
INFO: [ app_init ] --START--
INFO: Run Behavior\BuildLiteBehavior [ RunTime:0.000016s ]
INFO: [ app_init ] --END-- [ RunTime:0.000517s ]
ERR: 无法加载模块:Zhuce

